ASxxxx Assembler V02.00 + NoICE + SDCC mods  (Zilog Z80 / Hitachi HD64180), page 1.
Hexadecimal [16-Bits]



                              1 ;; This file is part of SETBACK.
                              2 ;; Copyright (C) 2020 TCore (@TCore14)
                              3 ;;
                              4 ;; This program is free software: you can redistribute it and/or modify
                              5 ;; it under the terms of the GNU General Public License as published by
                              6 ;; the Free Software Foundation, either version 3 of the License, or
                              7 ;; (at your option) any later version.
                              8 ;;
                              9 ;; This program is distributed in the hope that it will be useful,
                             10 ;; but WITHOUT ANY WARRANTY; without even the implied warranty of
                             11 ;; MERCHANTABILITY or FITNESS FOR A PARTICULAR PURPOSE.  See the
                             12 ;; GNU General Public License for more details.
                             13 ;;
                             14 ;; You should have received a copy of the GNU General Public License
                             15 ;; along with this program.  If not, see https://www.gnu.org/licenses/.
                             16 
                             17 ;;
                             18 ;; CPCTELERA FUNCTIONS
                             19 ;;
                             20 
                             21 
                             22 ;;;;;;;;;;;;;;;;;;;;;;;;;;;;;;;;;;;;;;;;;;;;;;
                             23 ;;;;;;;;;;; FUNCIONES PUBLICAS ;;;;;;;;;;;;;;;
                             24 ;;;;;;;;;;;;;;;;;;;;;;;;;;;;;;;;;;;;;;;;;;;;;;
                             25 
                             26 .globl cpct_getScreenPtr_asm
                             27 .globl cpct_drawSolidBox_asm
                             28 .globl cpct_disableFirmware_asm
                             29 .globl cpct_waitVSYNC_asm
                             30 .globl cpct_scanKeyboard_f_asm
                             31 .globl cpct_isKeyPressed_asm
                             32 .globl cpct_setVideoMode_asm
                             33 .globl cpct_setPalette_asm
                             34 .globl cpct_drawStringM0_asm
                             35 .globl cpct_setDrawCharM0_asm
                             36 .globl cpct_drawSprite_asm
                             37 .globl cpct_limpiarPantalla_asm
                             38 .globl cpct_akp_musicInit_asm
                             39 .globl cpct_interrupt_flow
                             40 .globl cpct_akp_musicPlay_asm
                             41 .globl cpct_akp_stop_asm
                             42 .globl cpct_zx7b_decrunch_s_asm
