ASxxxx Assembler V02.00 + NoICE + SDCC mods  (Zilog Z80 / Hitachi HD64180), page 1.
Hexadecimal [16-Bits]



                              1 ;;;
                              2 ;;; File generated by cpct_aks2c CPCtelera script
                              3 ;;; Souce file of this conversion: music/ingame.aks
                              4 ;;; Generation time: mar 03 nov 2020 22:30:25 CET
                              5 ;;;
                              6 
                              7 ;;; Set absolute memory addressing
                              8 .area __song_ingame (ABS)
   01D2                       9 .org 0x01D2
                             10 
                             11 ;;; Music data start (730 bytes)
                             12 ;;;
   01D2                      13 _song_ingame::
   01D2 41 54 31 30 01 40    14 .db 0x41, 0x54, 0x31, 0x30, 0x01, 0x40, 0x42, 0x0f, 0x02, 0x06, 0x8e, 0x00, 0xec, 0x01, 0xf5, 0x01
        42 0F 02 06 8E 00
        EC 01 F5 01
   01E2 10 02 25 02 2F 02    15 .db 0x10, 0x02, 0x25, 0x02, 0x2f, 0x02, 0x51, 0x02, 0x5f, 0x02, 0x00, 0x00, 0x00, 0x00, 0x00, 0x00
        51 02 5F 02 00 00
        00 00 00 00
   01F2 0D EE 01 01 00 7E    16 .db 0x0d, 0xee, 0x01, 0x01, 0x00, 0x7e, 0x23, 0x0c, 0x7c, 0x0a, 0x74, 0x09, 0x74, 0x08, 0x6c, 0x05
        23 0C 7C 0A 74 09
        74 08 6C 05
   0202 6C 04 64 03 5C 02    17 .db 0x6c, 0x04, 0x64, 0x03, 0x5c, 0x02, 0x5c, 0x01, 0x58, 0x01, 0x18, 0x0d, 0xee, 0x01, 0x01, 0x00
        5C 01 58 01 18 0D
        EE 01 01 00
   0212 3E 01 36 01 2E 01    18 .db 0x3e, 0x01, 0x36, 0x01, 0x2e, 0x01, 0x26, 0x01, 0x1e, 0x01, 0x16, 0x01, 0x0e, 0x01, 0x06, 0x01
        26 01 1E 01 16 01
        0E 01 06 01
   0222 0D EE 01 01 00 A1    19 .db 0x0d, 0xee, 0x01, 0x01, 0x00, 0xa1, 0x4a, 0x24, 0xfe, 0xff, 0x0d, 0x27, 0x02, 0x01, 0x00, 0x7c
        4A 24 FE FF 0D 27
        02 01 00 7C
   0232 0C 3C 38 78 0C 74    20 .db 0x0c, 0x3c, 0x38, 0x78, 0x0c, 0x74, 0x0c, 0x34, 0x30, 0x30, 0x30, 0x70, 0x0c, 0x30, 0x6c, 0x0c
        0C 34 30 30 30 70
        0C 30 6C 0C
   0242 2C 2C 6C 0C 28 24    21 .db 0x2c, 0x2c, 0x6c, 0x0c, 0x28, 0x24, 0x64, 0x0c, 0x64, 0x0c, 0x24, 0x24, 0x0d, 0x47, 0x02, 0x01
        64 0C 64 0C 24 24
        0D 47 02 01
   0252 00 36 21 34 34 34    22 .db 0x00, 0x36, 0x21, 0x34, 0x34, 0x34, 0x34, 0x34, 0x34, 0x20, 0x0d, 0x5b, 0x02, 0x02, 0x00, 0x30
        34 34 34 20 0D 5B
        02 02 00 30
   0262 30 30 30 30 B0 FF    23 .db 0x30, 0x30, 0x30, 0x30, 0xb0, 0xff, 0xff, 0x0d, 0x63, 0x02, 0x40, 0x00, 0x00, 0x00, 0xa6, 0x02
        FF 0D 63 02 40 00
        00 00 A6 02
   0272 00 A7 02 D5 02 E9    24 .db 0x00, 0xa7, 0x02, 0xd5, 0x02, 0xe9, 0x02, 0x00, 0x11, 0x03, 0x57, 0x03, 0x6b, 0x03, 0x00, 0xb1
        02 00 11 03 57 03
        6B 03 00 B1
   0282 03 C5 03 E5 03 00    25 .db 0x03, 0xc5, 0x03, 0xe5, 0x03, 0x00, 0x2b, 0x04, 0x4a, 0x04, 0x66, 0x04, 0x00, 0xb1, 0x03, 0xc5
        2B 04 4A 04 66 04
        00 B1 03 C5
   0292 03 E5 03 00 2B 04    26 .db 0x03, 0xe5, 0x03, 0x00, 0x2b, 0x04, 0x4a, 0x04, 0x66, 0x04, 0x00, 0xb1, 0x03, 0xc5, 0x03, 0xe5
        4A 04 66 04 00 B1
        03 C5 03 E5
   02A2 03 01 72 02 00 72    27 .db 0x03, 0x01, 0x72, 0x02, 0x00, 0x72, 0xe0, 0x00, 0x00, 0x01, 0x0c, 0x42, 0x00, 0x72, 0x60, 0x02
        E0 00 00 01 0C 42
        00 72 60 02
ASxxxx Assembler V02.00 + NoICE + SDCC mods  (Zilog Z80 / Hitachi HD64180), page 2.
Hexadecimal [16-Bits]



   02B2 0E 72 60 01 0C 42    28 .db 0x0e, 0x72, 0x60, 0x01, 0x0c, 0x42, 0x00, 0x72, 0x60, 0x02, 0x0e, 0x72, 0x60, 0x01, 0x0e, 0x72
        00 72 60 02 0E 72
        60 01 0E 72
   02C2 60 02 0E 72 60 01    29 .db 0x60, 0x02, 0x0e, 0x72, 0x60, 0x01, 0x0c, 0x42, 0x00, 0x72, 0x60, 0x02, 0x02, 0x33, 0x02, 0x33
        0C 42 00 72 60 02
        02 33 02 33
   02D2 02 33 00 A6 E0 00    30 .db 0x02, 0x33, 0x00, 0xa6, 0xe0, 0x00, 0x00, 0x03, 0x0e, 0x6b, 0x0e, 0x6d, 0x0e, 0x6b, 0x0e, 0x63
        00 03 0E 6B 0E 6D
        0E 6B 0E 63
   02E2 0E 71 0E 63 0E 75    31 .db 0x0e, 0x71, 0x0e, 0x63, 0x0e, 0x75, 0x00, 0x72, 0xe0, 0x00, 0x00, 0x01, 0x0e, 0x72, 0x60, 0x02
        00 72 E0 00 00 01
        0E 72 60 02
   02F2 0E 72 60 01 0E 72    32 .db 0x0e, 0x72, 0x60, 0x01, 0x0e, 0x72, 0x60, 0x02, 0x0e, 0x72, 0x60, 0x01, 0x0e, 0x72, 0x60, 0x02
        60 02 0E 72 60 01
        0E 72 60 02
   0302 0E 72 60 01 0E 72    33 .db 0x0e, 0x72, 0x60, 0x01, 0x0e, 0x72, 0x60, 0x02, 0x02, 0x33, 0x02, 0x33, 0x02, 0x33, 0x00, 0x72
        60 02 02 33 02 33
        02 33 00 72
   0312 E0 00 00 01 06 72    34 .db 0xe0, 0x00, 0x00, 0x01, 0x06, 0x72, 0x60, 0x02, 0x02, 0x33, 0x06, 0x33, 0x02, 0x33, 0x02, 0x33
        60 02 02 33 06 33
        02 33 02 33
   0322 02 72 60 01 06 72    35 .db 0x02, 0x72, 0x60, 0x01, 0x06, 0x72, 0x60, 0x02, 0x02, 0x33, 0x06, 0x33, 0x02, 0x33, 0x02, 0x33
        60 02 02 33 06 33
        02 33 02 33
   0332 02 72 60 01 06 72    36 .db 0x02, 0x72, 0x60, 0x01, 0x06, 0x72, 0x60, 0x02, 0x06, 0x72, 0x60, 0x01, 0x06, 0x72, 0x60, 0x02
        60 02 06 72 60 01
        06 72 60 02
   0342 06 72 60 01 06 72    37 .db 0x06, 0x72, 0x60, 0x01, 0x06, 0x72, 0x60, 0x02, 0x06, 0x72, 0x60, 0x01, 0x02, 0x72, 0x60, 0x02
        60 02 06 72 60 01
        02 72 60 02
   0352 02 33 02 33 00 A6    38 .db 0x02, 0x33, 0x02, 0x33, 0x00, 0xa6, 0xe0, 0x00, 0x00, 0x03, 0x0e, 0x6b, 0x0e, 0x6d, 0x0e, 0x6b
        E0 00 00 03 0E 6B
        0E 6D 0E 6B
   0362 0E 63 0E 71 0E 63    39 .db 0x0e, 0x63, 0x0e, 0x71, 0x0e, 0x63, 0x0e, 0x75, 0x00, 0x72, 0xe0, 0x00, 0x00, 0x01, 0x06, 0x72
        0E 75 00 72 E0 00
        00 01 06 72
   0372 60 02 02 33 06 33    40 .db 0x60, 0x02, 0x02, 0x33, 0x06, 0x33, 0x02, 0x33, 0x02, 0x33, 0x02, 0x72, 0x60, 0x01, 0x06, 0x72
        02 33 02 33 02 72
        60 01 06 72
   0382 60 02 02 33 06 33    41 .db 0x60, 0x02, 0x02, 0x33, 0x06, 0x33, 0x02, 0x33, 0x02, 0x33, 0x02, 0x72, 0x60, 0x01, 0x06, 0x72
        02 33 02 33 02 72
        60 01 06 72
   0392 60 02 06 72 60 01    42 .db 0x60, 0x02, 0x06, 0x72, 0x60, 0x01, 0x06, 0x72, 0x60, 0x02, 0x06, 0x72, 0x60, 0x01, 0x06, 0x72
        06 72 60 02 06 72
        60 01 06 72
   03A2 60 02 06 72 60 01    43 .db 0x60, 0x02, 0x06, 0x72, 0x60, 0x01, 0x02, 0x72, 0x60, 0x02, 0x02, 0x33, 0x02, 0x33, 0x00, 0xa6
        02 72 60 02 02 33
        02 33 00 A6
   03B2 E0 00 00 03 0E 6B    44 .db 0xe0, 0x00, 0x00, 0x03, 0x0e, 0x6b, 0x0e, 0x6d, 0x0e, 0x6b, 0x0e, 0x63, 0x0e, 0x71, 0x0e, 0x63
        0E 6D 0E 6B 0E 63
        0E 71 0E 63
   03C2 0E 75 00 C8 E0 00    45 .db 0x0e, 0x75, 0x00, 0xc8, 0xe0, 0x00, 0x00, 0x04, 0x0e, 0x7f, 0x0e, 0x83, 0x06, 0x85, 0x06, 0x89
        00 04 0E 7F 0E 83
        06 85 06 89
   03D2 06 8D 06 89 0A 42    46 .db 0x06, 0x8d, 0x06, 0x89, 0x0a, 0x42, 0x00, 0x42, 0x00, 0x7f, 0x0e, 0x83, 0x06, 0x85, 0x06, 0x89
ASxxxx Assembler V02.00 + NoICE + SDCC mods  (Zilog Z80 / Hitachi HD64180), page 3.
Hexadecimal [16-Bits]



        00 42 00 7F 0E 83
        06 85 06 89
   03E2 06 7B 00 72 E0 00    47 .db 0x06, 0x7b, 0x00, 0x72, 0xe0, 0x00, 0x00, 0x01, 0x06, 0x72, 0x60, 0x02, 0x02, 0x33, 0x06, 0x33
        00 01 06 72 60 02
        02 33 06 33
   03F2 02 33 02 33 02 72    48 .db 0x02, 0x33, 0x02, 0x33, 0x02, 0x72, 0x60, 0x01, 0x06, 0x72, 0x60, 0x02, 0x02, 0x33, 0x06, 0x33
        60 01 06 72 60 02
        02 33 06 33
   0402 02 33 02 33 02 72    49 .db 0x02, 0x33, 0x02, 0x33, 0x02, 0x72, 0x60, 0x01, 0x06, 0x72, 0x60, 0x02, 0x06, 0x72, 0x60, 0x01
        60 01 06 72 60 02
        06 72 60 01
   0412 06 72 60 02 06 72    50 .db 0x06, 0x72, 0x60, 0x02, 0x06, 0x72, 0x60, 0x01, 0x06, 0x72, 0x60, 0x02, 0x06, 0x72, 0x60, 0x01
        60 01 06 72 60 02
        06 72 60 01
   0422 02 72 60 02 02 33    51 .db 0x02, 0x72, 0x60, 0x02, 0x02, 0x33, 0x02, 0x33, 0x00, 0x98, 0xe0, 0x00, 0x00, 0x05, 0x0e, 0x4f
        02 33 00 98 E0 00
        00 05 0E 4F
   0432 0E 53 06 55 06 59    52 .db 0x0e, 0x53, 0x06, 0x55, 0x06, 0x59, 0x06, 0x5d, 0x06, 0x59, 0x0a, 0x42, 0x00, 0x02, 0x4f, 0x0e
        06 5D 06 59 0A 42
        00 02 4F 0E
   0442 53 06 55 06 59 06    53 .db 0x53, 0x06, 0x55, 0x06, 0x59, 0x06, 0x4b, 0x00, 0xc8, 0xe0, 0x00, 0x00, 0x06, 0x0e, 0x7f, 0x0e
        4B 00 C8 E0 00 00
        06 0E 7F 0E
   0452 83 06 85 06 89 06    54 .db 0x83, 0x06, 0x85, 0x06, 0x89, 0x06, 0x8d, 0x06, 0x89, 0x0e, 0x7f, 0x0e, 0x83, 0x06, 0x85, 0x06
        8D 06 89 0E 7F 0E
        83 06 85 06
   0462 89 06 7B 00 72 E0    55 .db 0x89, 0x06, 0x7b, 0x00, 0x72, 0xe0, 0x00, 0x00, 0x01, 0x06, 0x72, 0x60, 0x02, 0x02, 0x33, 0x06
        00 00 01 06 72 60
        02 02 33 06
   0472 33 02 33 02 33 02    56 .db 0x33, 0x02, 0x33, 0x02, 0x33, 0x02, 0x72, 0x60, 0x01, 0x06, 0x72, 0x60, 0x02, 0x02, 0x33, 0x06
        72 60 01 06 72 60
        02 02 33 06
   0482 33 02 33 02 33 02    57 .db 0x33, 0x02, 0x33, 0x02, 0x33, 0x02, 0x72, 0x60, 0x01, 0x06, 0x72, 0x60, 0x02, 0x06, 0x72, 0x60
        72 60 01 06 72 60
        02 06 72 60
   0492 01 06 72 60 02 06    58 .db 0x01, 0x06, 0x72, 0x60, 0x02, 0x06, 0x72, 0x60, 0x01, 0x06, 0x72, 0x60, 0x02, 0x06, 0x72, 0x60
        72 60 01 06 72 60
        02 06 72 60
   04A2 01 02 72 60 02 02    59 .db 0x01, 0x02, 0x72, 0x60, 0x02, 0x02, 0x33, 0x02, 0x33, 0x00
        33 02 33 00
