ASxxxx Assembler V02.00 + NoICE + SDCC mods  (Zilog Z80 / Hitachi HD64180), page 1.
Hexadecimal [16-Bits]



                              1 ;; File 'img/screencontrols_z.s' generated using cpct_pack
                              2 ;; Compresor used:   zx7b
                              3 ;; Files compressed: [ 'src/sprites/sControls.bin' ]
                              4 ;; Uncompressed:     16384 bytes
                              5 ;; Compressed:       1523 bytes
                              6 ;; Space saved:      14861 bytes
                              7 ;;
                              8 
                              9 ;; Data array definition
   0000                      10 _screencontrols_z::
   0000 80 55 00 D5 15 6E    11    .db  0x80, 0x55, 0x00, 0xd5, 0x15, 0x6e, 0x71, 0x00, 0xe5, 0xff, 0xa3, 0x67, 0xb8, 0x28, 0xff, 0xf2
        71 00 E5 FF A3 67
        B8 28 FF F2
   0010 01 11 5C FF 4F 11    12    .db  0x01, 0x11, 0x5c, 0xff, 0x4f, 0x11, 0xef, 0x85, 0x55, 0xff, 0x5f, 0x55, 0xdf, 0x59, 0xef, 0x21
        EF 85 55 FF 5F 55
        DF 59 EF 21
   0020 51 F5 58 E4 08 AF    13    .db  0x51, 0xf5, 0x58, 0xe4, 0x08, 0xaf, 0x3d, 0x10, 0xef, 0x52, 0x54, 0xff, 0x5f, 0x27, 0x4f, 0xf5
        3D 10 EF 52 54 FF
        5F 27 4F F5
   0030 04 C7 84 03 31 30    14    .db  0x04, 0xc7, 0x84, 0x03, 0x31, 0x30, 0x94, 0x56, 0x8a, 0xd8, 0x94, 0x48, 0x0a, 0x77, 0x89, 0x46
        94 56 8A D8 94 48
        0A 77 89 46
   0040 AF 5F 00 03 D1 92    15    .db  0xaf, 0x5f, 0x00, 0x03, 0xd1, 0x92, 0x58, 0xef, 0x61, 0xff, 0xf4, 0x11, 0x04, 0x57, 0x95, 0x60
        58 EF 61 FF F4 11
        04 57 95 60
   0050 36 FF 3D 2A C1 C1    16    .db  0x36, 0xff, 0x3d, 0x2a, 0xc1, 0xc1, 0x85, 0x3c, 0xd5, 0x0c, 0x71, 0x2e, 0x03, 0xd7, 0x18, 0x77
        85 3C D5 0C 71 2E
        03 D7 18 77
   0060 85 43 D6 7D B9 E5    17    .db  0x85, 0x43, 0xd6, 0x7d, 0xb9, 0xe5, 0x35, 0x8b, 0x04, 0xc2, 0xa6, 0x8d, 0x00, 0x4d, 0x15, 0x1f
        35 8B 04 C2 A6 8D
        00 4D 15 1F
   0070 50 77 37 C5 E1 CD    18    .db  0x50, 0x77, 0x37, 0xc5, 0xe1, 0xcd, 0x54, 0x21, 0x5c, 0xff, 0x90, 0x75, 0xa2, 0x28, 0x3d, 0x87
        54 21 5C FF 90 75
        A2 28 3D 87
   0080 8A CA A0 B0 90 23    19    .db  0x8a, 0xca, 0xa0, 0xb0, 0x90, 0x23, 0xeb, 0xff, 0xab, 0xff, 0xbf, 0xf2, 0x60, 0xdd, 0xff, 0x43
        EB FF AB FF BF F2
        60 DD FF 43
   0090 4F C5 18 D5 50 E6    20    .db  0x4f, 0xc5, 0x18, 0xd5, 0x50, 0xe6, 0x7d, 0x08, 0x1e, 0x7d, 0x0d, 0x02, 0xdf, 0xff, 0x17, 0xa4
        7D 08 1E 7D 0D 02
        DF FF 17 A4
   00A0 39 F4 C4 17 00 55    21    .db  0x39, 0xf4, 0xc4, 0x17, 0x00, 0x55, 0xd8, 0x55, 0xa2, 0xa9, 0x8f, 0x00, 0xce, 0xfe, 0x01, 0xae
        D8 55 A2 A9 8F 00
        CE FE 01 AE
   00B0 F6 E7 C0 8F D4 3F    22    .db  0xf6, 0xe7, 0xc0, 0x8f, 0xd4, 0x3f, 0x22, 0xff, 0x7a, 0x88, 0x88, 0x14, 0xff, 0x3c, 0x28, 0x41
        22 FF 7A 88 88 14
        FF 3C 28 41
   00C0 07 A3 AF 87 D8 DF    23    .db  0x07, 0xa3, 0xaf, 0x87, 0xd8, 0xdf, 0xab, 0x0a, 0xa6, 0xff, 0xaf, 0x07, 0x0e, 0xcf, 0xf6, 0x2a
        AB 0A A6 FF AF 07
        0E CF F6 2A
   00D0 EF 0C 00 2A EE A6    24    .db  0xef, 0x0c, 0x00, 0x2a, 0xee, 0xa6, 0x2f, 0xef, 0x42, 0x20, 0x28, 0xf8, 0x84, 0x8b, 0xb1, 0x0a
        2F EF 42 20 28 F8
        84 8B B1 0A
   00E0 B8 83 C6 02 B8 FF    25    .db  0xb8, 0x83, 0xc6, 0x02, 0xb8, 0xff, 0xbe, 0x06, 0xea, 0x0a, 0x9a, 0xff, 0xfb, 0x28, 0x1c, 0xe2
        BE 06 EA 0A 9A FF
        FB 28 1C E2
ASxxxx Assembler V02.00 + NoICE + SDCC mods  (Zilog Z80 / Hitachi HD64180), page 2.
Hexadecimal [16-Bits]



   00F0 1B 0F 8F 07 2B 9E    26    .db  0x1b, 0x0f, 0x8f, 0x07, 0x2b, 0x9e, 0xfd, 0xcf, 0x08, 0xb8, 0xfa, 0x6a, 0x17, 0xe0, 0x80, 0x55
        FD CF 08 B8 FA 6A
        17 E0 80 55
   0100 CD 74 82 85 44 FD    27    .db  0xcd, 0x74, 0x82, 0x85, 0x44, 0xfd, 0x75, 0x14, 0x4f, 0x5d, 0x00, 0xd5, 0x55, 0x20, 0x17, 0xd3
        75 14 4F 5D 00 D5
        55 20 17 D3
   0110 90 3B FF 51 9F B0    28    .db  0x90, 0x3b, 0xff, 0x51, 0x9f, 0xb0, 0xaa, 0x9b, 0x4f, 0x61, 0x82, 0x95, 0x3c, 0x55, 0xff, 0xf2
        AA 9B 4F 61 82 95
        3C 55 FF F2
   0120 54 4C D7 F9 3C 77    29    .db  0x54, 0x4c, 0xd7, 0xf9, 0x3c, 0x77, 0x02, 0x1d, 0x55, 0xe4, 0x41, 0xa2, 0xae, 0x3e, 0x01, 0xe8
        02 1D 55 E4 41 A2
        AE 3E 01 E8
   0130 FF 9E 22 F4 AF 1E    30    .db  0xff, 0x9e, 0x22, 0xf4, 0xaf, 0x1e, 0x18, 0x6b, 0xaa, 0x04, 0xe6, 0x7b, 0x2d, 0xba, 0xaa, 0x19
        18 6B AA 04 E6 7B
        2D BA AA 19
   0140 34 32 91 F4 43 37    31    .db  0x34, 0x32, 0x91, 0xf4, 0x43, 0x37, 0x57, 0x0d, 0x07, 0x92, 0x7d, 0x98, 0xed, 0x12, 0x35, 0xaa
        57 0D 07 92 7D 98
        ED 12 35 AA
   0150 94 C7 A7 00 AE 2A    32    .db  0x94, 0xc7, 0xa7, 0x00, 0xae, 0x2a, 0x0f, 0xa6, 0xfa, 0xd3, 0x89, 0x30, 0x01, 0x03, 0xea, 0x02
        0F A6 FA D3 89 30
        01 03 EA 02
   0160 0F DC 07 B3 D6 D3    33    .db  0x0f, 0xdc, 0x07, 0xb3, 0xd6, 0xd3, 0xf5, 0xd3, 0xff, 0x30, 0x43, 0x20, 0xff, 0x7c, 0x41, 0x07
        F5 D3 FF 30 43 20
        FF 7C 41 07
   0170 75 0E 4D CB 21 0F    34    .db  0x75, 0x0e, 0x4d, 0xcb, 0x21, 0x0f, 0x5c, 0x12, 0x07, 0x5f, 0x47, 0x47, 0x37, 0x57, 0xff, 0x5f
        5C 12 07 5F 47 47
        37 57 FF 5F
   0180 00 D0 FF F5 04 47    35    .db  0x00, 0xd0, 0xff, 0xf5, 0x04, 0x47, 0x4e, 0xd7, 0x07, 0xd5, 0x14, 0x27, 0xd5, 0x04, 0x7a, 0xdf
        4E D7 07 D5 14 27
        D5 04 7A DF
   0190 2F 0F B8 07 8E 8A    36    .db  0x2f, 0x0f, 0xb8, 0x07, 0x8e, 0x8a, 0x9e, 0x3c, 0xa8, 0xea, 0xdf, 0x65, 0x10, 0xef, 0x85, 0xd5
        9E 3C A8 EA DF 65
        10 EF 85 D5
   01A0 FF 57 EF 85 55 1D    37    .db  0xff, 0x57, 0xef, 0x85, 0x55, 0x1d, 0xc5, 0xef, 0x84, 0x11, 0xf8, 0xd6, 0xff, 0x17, 0xff, 0xe4
        C5 EF 84 11 F8 D6
        FF 17 FF E4
   01B0 FF 00 23 FF 1F 14    38    .db  0xff, 0x00, 0x23, 0xff, 0x1f, 0x14, 0xef, 0x56, 0x00, 0x5d, 0x55, 0xff, 0x7d, 0x19, 0xd5, 0x12
        EF 56 00 5D 55 FF
        7D 19 D5 12
   01C0 0D 06 0C 2B F7 FF    39    .db  0x0d, 0x06, 0x0c, 0x2b, 0xf7, 0xff, 0x7d, 0x08, 0x70, 0xfa, 0x35, 0x03, 0x4d, 0xff, 0x5f, 0x05
        7D 08 70 FA 35 03
        4D FF 5F 05
   01D0 5D FF 81 C1 AA 7B    40    .db  0x5d, 0xff, 0x81, 0xc1, 0xaa, 0x7b, 0x00, 0xaf, 0xa8, 0x21, 0x2b, 0xef, 0xac, 0x2e, 0x38, 0x00
        00 AF A8 21 2B EF
        AC 2E 38 00
   01E0 2E 30 E2 B8 F0 81    41    .db  0x2e, 0x30, 0xe2, 0xb8, 0xf0, 0x81, 0x29, 0x3d, 0x6e, 0x18, 0xea, 0x50, 0x4f, 0x3b, 0x20, 0xa9
        29 3D 6E 18 EA 50
        4F 3B 20 A9
   01F0 A7 35 F4 43 EC 5E    42    .db  0xa7, 0x35, 0xf4, 0x43, 0xec, 0x5e, 0xa0, 0xbf, 0xbe, 0xf9, 0x39, 0xeb, 0x7e, 0x35, 0xe2, 0x14
        A0 BF BE F9 39 EB
        7E 35 E2 14
   0200 AE E8 96 A2 D1 AE    43    .db  0xae, 0xe8, 0x96, 0xa2, 0xd1, 0xae, 0x60, 0x18, 0xe8, 0xff, 0xa3, 0x18, 0xa6, 0x0c, 0xba, 0x01
        60 18 E8 FF A3 18
        A6 0C BA 01
   0210 03 BB 2F EB FF 0B    44    .db  0x03, 0xbb, 0x2f, 0xeb, 0xff, 0x0b, 0xac, 0x6a, 0xda, 0xb0, 0xa3, 0x01, 0x1f, 0x21, 0xbf, 0x97
ASxxxx Assembler V02.00 + NoICE + SDCC mods  (Zilog Z80 / Hitachi HD64180), page 3.
Hexadecimal [16-Bits]



        AC 6A DA B0 A3 01
        1F 21 BF 97
   0220 EE 94 1A E7 23 E0    45    .db  0xee, 0x94, 0x1a, 0xe7, 0x23, 0xe0, 0xa1, 0xbe, 0x9e, 0xbf, 0x1a, 0x03, 0x02, 0xfb, 0xaa, 0xb5
        A1 BE 9E BF 1A 03
        02 FB AA B5
   0230 C7 A7 80 EA 00 26    46    .db  0xc7, 0xa7, 0x80, 0xea, 0x00, 0x26, 0xa8, 0xcf, 0xbf, 0xaa, 0xaf, 0xaf, 0xaa, 0x16, 0x09, 0x3b
        A8 CF BF AA AF AF
        AA 16 09 3B
   0240 FF FA 00 EA FF 3E    47    .db  0xff, 0xfa, 0x00, 0xea, 0xff, 0x3e, 0x22, 0x3c, 0x22, 0xff, 0x0f, 0x15, 0xef, 0x61, 0x55, 0x0e
        22 3C 22 FF 0F 15
        EF 61 55 0E
   0250 5D EF 48 2B 74 2E    48    .db  0x5d, 0xef, 0x48, 0x2b, 0x74, 0x2e, 0x27, 0x37, 0x80, 0x7d, 0xef, 0x84, 0x54, 0xb5, 0x8f, 0x57
        27 37 80 7D EF 84
        54 B5 8F 57
   0260 4E 75 FF 3D 1B CD    49    .db  0x4e, 0x75, 0xff, 0x3d, 0x1b, 0xcd, 0x8f, 0x4e, 0x39, 0x1c, 0x32, 0x97, 0xfe, 0x17, 0xdc, 0x00
        8F 4E 39 1C 32 97
        FE 17 DC 00
   0270 76 F6 4F DE 55 00    50    .db  0x76, 0xf6, 0x4f, 0xde, 0x55, 0x00, 0x5d, 0x15, 0x9f, 0x52, 0xd4, 0xff, 0x17, 0x03, 0x75, 0xa1
        5D 15 9F 52 D4 FF
        17 03 75 A1
   0280 12 79 FF 7D E9 8C    51    .db  0x12, 0x79, 0xff, 0x7d, 0xe9, 0x8c, 0x0b, 0x0d, 0xf4, 0x40, 0x5d, 0xfa, 0x1d, 0x15, 0x55, 0x14
        0B 0D F4 40 5D FA
        1D 15 55 14
   0290 D7 90 C6 2A F1 84    52    .db  0xd7, 0x90, 0xc6, 0x2a, 0xf1, 0x84, 0x18, 0xec, 0xab, 0xff, 0xbe, 0x02, 0x0a, 0x99, 0xab, 0xff
        18 EC AB FF BE 02
        0A 99 AB FF
   02A0 0F 0A 8C 81 4F 21    53    .db  0x0f, 0x0a, 0x8c, 0x81, 0x4f, 0x21, 0x55, 0x19, 0x68, 0xff, 0xf5, 0x15, 0x6f, 0x67, 0x4f, 0x4f
        55 19 68 FF F5 15
        6F 67 4F 4F
   02B0 07 FA 2F 9F 85 18    54    .db  0x07, 0xfa, 0x2f, 0x9f, 0x85, 0x18, 0xd1, 0x54, 0x00, 0x07, 0xff, 0xe4, 0xff, 0xa3, 0x18, 0xa6
        D1 54 00 07 FF E4
        FF A3 18 A6
   02C0 0C 04 7A 13 EE CE    55    .db  0x0c, 0x04, 0x7a, 0x13, 0xee, 0xce, 0x45, 0x67, 0x43, 0xa6, 0xff, 0x87, 0x3a, 0xe0, 0x12, 0xb8
        45 67 43 A6 FF 87
        3A E0 12 B8
   02D0 0D 1A B9 00 98 0D    56    .db  0x0d, 0x1a, 0xb9, 0x00, 0x98, 0x0d, 0x19, 0xaf, 0xdc, 0xa7, 0xff, 0xff, 0x7c, 0x14, 0x0e, 0x70
        19 AF DC A7 FF FF
        7C 14 0E 70
   02E0 15 A5 56 4D 00 F5    57    .db  0x15, 0xa5, 0x56, 0x4d, 0x00, 0xf5, 0x30, 0x50, 0xff, 0xbe, 0x02, 0x30, 0xf3, 0xf2, 0x80, 0xfd
        30 50 FF BE 02 30
        F3 F2 80 FD
   02F0 FF F4 B0 D5 00 0F    58    .db  0xff, 0xf4, 0xb0, 0xd5, 0x00, 0x0f, 0x45, 0x57, 0x1d, 0xff, 0xf5, 0x10, 0x12, 0xdd, 0xff, 0x57
        45 57 1D FF F5 10
        12 DD FF 57
   0300 41 EF 58 50 0B 1C    59    .db  0x41, 0xef, 0x58, 0x50, 0x0b, 0x1c, 0xef, 0x12, 0xff, 0xf4, 0x54, 0x15, 0xef, 0x56, 0xff, 0x3d
        EF 12 FF F4 54 15
        EF 56 FF 3D
   0310 41 F8 84 15 34 FF    60    .db  0x41, 0xf8, 0x84, 0x15, 0x34, 0xff, 0xf5, 0x11, 0x40, 0x98, 0x5e, 0x05, 0x75, 0x29, 0x7d, 0x9f
        F5 11 40 98 5E 05
        75 29 7D 9F
   0320 07 00 25 D4 01 9A    61    .db  0x07, 0x00, 0x25, 0xd4, 0x01, 0x9a, 0xff, 0x3e, 0x18, 0xa3, 0x3b, 0xdb, 0xe9, 0xff, 0x2b, 0x02
        FF 3E 18 A3 3B DB
        E9 FF 2B 02
   0330 55 FF F2 04 75 4C    62    .db  0x55, 0xff, 0xf2, 0x04, 0x75, 0x4c, 0xc4, 0xc5, 0xb0, 0xc5, 0xef, 0x85, 0x10, 0xff, 0x7d, 0x10
        C4 C5 B0 C5 EF 85
ASxxxx Assembler V02.00 + NoICE + SDCC mods  (Zilog Z80 / Hitachi HD64180), page 4.
Hexadecimal [16-Bits]



        10 FF 7D 10
   0340 24 D3 E6 1D 85 31    63    .db  0x24, 0xd3, 0xe6, 0x1d, 0x85, 0x31, 0x4f, 0x31, 0x45, 0xff, 0x7d, 0x18, 0xd5, 0x51, 0x1a, 0xd7
        4F 31 45 FF 7D 18
        D5 51 1A D7
   0350 AF 53 DF ED 10 22    64    .db  0xaf, 0x53, 0xdf, 0xed, 0x10, 0x22, 0x03, 0xd7, 0x0d, 0x96, 0xd7, 0xff, 0x3d, 0xff, 0x41, 0xff
        03 D7 0D 96 D7 FF
        3D FF 41 FF
   0360 1E 00 22 FF 4F 55    65    .db  0x1e, 0x00, 0x22, 0xff, 0x4f, 0x55, 0x07, 0x17, 0xab, 0x30, 0x07, 0xd2, 0x01, 0x30, 0xce, 0xf4
        07 17 AB 30 07 D2
        01 30 CE F4
   0370 D7 FF 03 04 00 FF    66    .db  0xd7, 0xff, 0x03, 0x04, 0x00, 0xff, 0x79, 0xa0, 0x80, 0x00, 0xff, 0x7c, 0x55, 0x2d, 0xd7, 0xff
        79 A0 80 00 FF 7C
        55 2D D7 FF
   0380 53 B1 F2 57 EF 58    67    .db  0x53, 0xb1, 0xf2, 0x57, 0xef, 0x58, 0x50, 0x0b, 0x1c, 0xef, 0x42, 0xff, 0xf4, 0x55, 0x15, 0xef
        50 0B 1C EF 42 FF
        F4 55 15 EF
   0390 56 00 57 15 EF 56    68    .db  0x56, 0x00, 0x57, 0x15, 0xef, 0x56, 0xda, 0x59, 0xf8, 0x61, 0x01, 0x0d, 0xff, 0x7d, 0x04, 0x06
        DA 59 F8 61 01 0D
        FF 7D 04 06
   03A0 70 4A 3D EE 12 F6    69    .db  0x70, 0x4a, 0x3d, 0xee, 0x12, 0xf6, 0xdd, 0x44, 0xaa, 0xe4, 0xff, 0x09, 0xeb, 0xff, 0x1e, 0x08
        DD 44 AA E4 FF 09
        EB FF 1E 08
   03B0 BA FF AF 07 94 EF    70    .db  0xba, 0xff, 0xaf, 0x07, 0x94, 0xef, 0x09, 0xae, 0xff, 0xaf, 0x00, 0xff, 0xf2, 0x10, 0x54, 0x9f
        09 AE FF AF 00 FF
        F2 10 54 9F
   03C0 59 D5 FF 17 4F 70    71    .db  0x59, 0xd5, 0xff, 0x17, 0x4f, 0x70, 0x05, 0x18, 0xf5, 0xff, 0x7d, 0xff, 0x45, 0xff, 0xbe, 0x82
        05 18 F5 FF 7D FF
        45 FF BE 82
   03D0 27 83 99 99 1E A6    72    .db  0x27, 0x83, 0x99, 0x99, 0x1e, 0xa6, 0x18, 0xa6, 0x9a, 0xbc, 0xd4, 0x5f, 0xaa, 0xff, 0xaf, 0x18
        18 A6 9A BC D4 5F
        AA FF AF 18
   03E0 9A 00 EA 80 FF BF    73    .db  0x9a, 0x00, 0xea, 0x80, 0xff, 0xbf, 0x78, 0x01, 0x22, 0x03, 0xd7, 0x0f, 0xb3, 0xfa, 0x47, 0x0c
        78 01 22 03 D7 0F
        B3 FA 47 0C
   03F0 19 DF D0 17 DD AA    74    .db  0x19, 0xdf, 0xd0, 0x17, 0xdd, 0xaa, 0xd5, 0xf7, 0xa1, 0x00, 0x69, 0xac, 0xa7, 0xff, 0x0f, 0xaa
        D5 F7 A1 00 69 AC
        A7 FF 0F AA
   0400 20 A0 60 FF 3D 03    75    .db  0x20, 0xa0, 0x60, 0xff, 0x3d, 0x03, 0xd7, 0xff, 0x47, 0x01, 0x01, 0x89, 0xff, 0x0a, 0x34, 0x30
        D7 FF 47 01 01 89
        FF 0A 34 30
   0410 FF 79 10 02 68 F4    76    .db  0xff, 0x79, 0x10, 0x02, 0x68, 0xf4, 0x00, 0xcf, 0x54, 0x54, 0xff, 0x5f, 0x4f, 0x75, 0x54, 0xd5
        00 CF 54 54 FF 5F
        4F 75 54 D5
   0420 11 07 57 AF 1F 05    77    .db  0x11, 0x07, 0x57, 0xaf, 0x1f, 0x05, 0x4c, 0xff, 0x5f, 0xaf, 0xf5, 0x54, 0xe7, 0x4f, 0xdf, 0x94
        4C FF 5F AF F5 54
        E7 4F DF 94
   0430 01 14 EF 52 28 0D    78    .db  0x01, 0x14, 0xef, 0x52, 0x28, 0x0d, 0x3f, 0xd7, 0xff, 0x53, 0x21, 0x5d, 0x0e, 0x43, 0xef, 0x48
        3F D7 FF 53 21 5D
        0E 43 EF 48
   0440 54 8B 56 FF 5F 50    79    .db  0x54, 0x8b, 0x56, 0xff, 0x5f, 0x50, 0x07, 0x24, 0x77, 0x03, 0x08, 0xd7, 0x42, 0x74, 0xdf, 0xec
        07 24 77 03 08 D7
        42 74 DF EC
   0450 44 75 E2 21 FF F4    80    .db  0x44, 0x75, 0xe2, 0x21, 0xff, 0xf4, 0x51, 0x09, 0x17, 0xd7, 0x10, 0xc4, 0xc4, 0x85, 0x0a, 0xc0
        51 09 17 D7 10 C4
        C4 85 0A C0
ASxxxx Assembler V02.00 + NoICE + SDCC mods  (Zilog Z80 / Hitachi HD64180), page 5.
Hexadecimal [16-Bits]



   0460 7E 03 04 55 43 FF    81    .db  0x7e, 0x03, 0x04, 0x55, 0x43, 0xff, 0x9e, 0xa0, 0x58, 0x8e, 0x17, 0xcb, 0x91, 0x4f, 0x69, 0x12
        9E A0 58 8E 17 CB
        91 4F 69 12
   0470 E2 4E 26 0C 2E EF    82    .db  0xe2, 0x4e, 0x26, 0x0c, 0x2e, 0xef, 0x08, 0xe9, 0x29, 0x86, 0x55, 0x04, 0x76, 0x8e, 0xd3, 0xaa
        08 E9 29 86 55 04
        76 8E D3 AA
   0480 0F 0A 02 DD 25 47    83    .db  0x0f, 0x0a, 0x02, 0xdd, 0x25, 0x47, 0x24, 0x09, 0xd7, 0xe4, 0x79, 0x08, 0x35, 0x05, 0x9d, 0xf5
        24 09 D7 E4 79 08
        35 05 9D F5
   0490 00 C7 04 44 FF 5F    84    .db  0x00, 0xc7, 0x04, 0x44, 0xff, 0x5f, 0x00, 0xd5, 0xff, 0x54, 0x81, 0x3e, 0x50, 0x3a, 0x4e, 0x38
        00 D5 FF 54 81 3E
        50 3A 4E 38
   04A0 6A BC EC FF 0B 21    85    .db  0x6a, 0xbc, 0xec, 0xff, 0x0b, 0x21, 0x38, 0x78, 0xe7, 0x21, 0x3e, 0x86, 0x4f, 0x8e, 0xf4, 0xf2
        38 78 E7 21 3E 86
        4F 8E F4 F2
   04B0 0E BA 18 A6 EA D7    86    .db  0x0e, 0xba, 0x18, 0xa6, 0xea, 0xd7, 0x89, 0x04, 0x0d, 0x76, 0xbf, 0x8f, 0xbd, 0x74, 0x3a, 0xff
        89 04 0D 76 BF 8F
        BD 74 3A FF
   04C0 7A A8 05 B8 1C 0F    87    .db  0x7a, 0xa8, 0x05, 0xb8, 0x1c, 0x0f, 0x63, 0x14, 0x1a, 0xf8, 0x05, 0x9a, 0x0e, 0x0c, 0xbb, 0x96
        63 14 1A F8 05 9A
        0E 0C BB 96
   04D0 65 BC 00 EF BD 9D    88    .db  0x65, 0xbc, 0x00, 0xef, 0xbd, 0x9d, 0x8a, 0xbb, 0x04, 0x00, 0x78, 0x93, 0xd6, 0xff, 0x9e, 0xa8
        8A BB 04 00 78 93
        D6 FF 9E A8
   04E0 81 FE 08 0E 9E 94    89    .db  0x81, 0xfe, 0x08, 0x0e, 0x9e, 0x94, 0xc3, 0xff, 0x7a, 0x28, 0x06, 0x60, 0x02, 0xb8, 0x0f, 0xdb
        C3 FF 7A 28 06 60
        02 B8 0F DB
   04F0 77 06 78 D6 05 30    90    .db  0x77, 0x06, 0x78, 0xd6, 0x05, 0x30, 0xbf, 0xd2, 0xce, 0xda, 0x4e, 0x40, 0x07, 0x5c, 0x66, 0x54
        BF D2 CE DA 4E 40
        07 5C 66 54
   0500 77 07 71 67 5D 0F    91    .db  0x77, 0x07, 0x71, 0x67, 0x5d, 0x0f, 0x14, 0x57, 0x0c, 0x4f, 0x6b, 0xa0, 0x07, 0x61, 0x9b, 0x7a
        14 57 0C 4F 6B A0
        07 61 9B 7A
   0510 18 4F 26 57 AE 47    92    .db  0x18, 0x4f, 0x26, 0x57, 0xae, 0x47, 0x0c, 0x6b, 0x3f, 0x9a, 0x32, 0x4e, 0xbe, 0x07, 0xba, 0x1f
        0C 6B 3F 9A 32 4E
        BE 07 BA 1F
   0520 A6 28 04 0A 04 DE    93    .db  0xa6, 0x28, 0x04, 0x0a, 0x04, 0xde, 0x22, 0x0d, 0x07, 0x28, 0x1c, 0x97, 0x07, 0x03, 0x14, 0x00
        22 0D 07 28 1C 97
        07 03 14 00
   0530 1A 3C EF C1 AA 3A    94    .db  0x1a, 0x3c, 0xef, 0xc1, 0xaa, 0x3a, 0xba, 0xc0, 0x33, 0x88, 0x9f, 0xb0, 0xef, 0x42, 0x8a, 0xca
        BA C0 33 88 9F B0
        EF 42 8A CA
   0540 12 2A 89 2B EF 04    95    .db  0x12, 0x2a, 0x89, 0x2b, 0xef, 0x04, 0xaa, 0xf8, 0x30, 0x15, 0xa6, 0x00, 0x4f, 0x66, 0x62, 0xce
        AA F8 30 15 A6 00
        4F 66 62 CE
   0550 AC 0A B0 21 96 8C    96    .db  0xac, 0x0a, 0xb0, 0x21, 0x96, 0x8c, 0x25, 0x23, 0xa8, 0xa4, 0x03, 0x87, 0xc3, 0x18, 0x80, 0x04
        25 23 A8 A4 03 87
        C3 18 80 04
   0560 E9 D8 90 F2 C2 00    97    .db  0xe9, 0xd8, 0x90, 0xf2, 0xc2, 0x00, 0x06, 0xa2, 0x4f, 0xab, 0x12, 0x25, 0xa7, 0x3f, 0x24, 0x3b
        06 A2 4F AB 12 25
        A7 3F 24 3B
   0570 4F A6 58 AE 18 4F    98    .db  0x4f, 0xa6, 0x58, 0xae, 0x18, 0x4f, 0xbb, 0x08, 0xe0, 0x3c, 0x8e, 0x11, 0x2e, 0xbb, 0x25, 0x07
        BB 08 E0 3C 8E 11
        2E BB 25 07
   0580 BE 12 08 8F A2 12    99    .db  0xbe, 0x12, 0x08, 0x8f, 0xa2, 0x12, 0x2a, 0x9a, 0x08, 0xe3, 0x00, 0x98, 0x81, 0x65, 0xf1, 0xdf
ASxxxx Assembler V02.00 + NoICE + SDCC mods  (Zilog Z80 / Hitachi HD64180), page 6.
Hexadecimal [16-Bits]



        2A 9A 08 E3 00 98
        81 65 F1 DF
   0590 CA 00 1C 9A AA 31   100    .db  0xca, 0x00, 0x1c, 0x9a, 0xaa, 0x31, 0x02, 0x00, 0xff, 0x00, 0x5d, 0x28, 0x05, 0x38, 0xbe, 0x12
        02 00 FF 00 5D 28
        05 38 BE 12
   05A0 9A 0C BA AA 4A 8A   101    .db  0x9a, 0x0c, 0xba, 0xaa, 0x4a, 0x8a, 0x12, 0xff, 0x55, 0x1a, 0x65, 0x4e, 0x70, 0x7f, 0xd4, 0x4f
        12 FF 55 1A 65 4E
        70 7F D4 4F
   05B0 03 02 07 77 55 18   102    .db  0x03, 0x02, 0x07, 0x77, 0x55, 0x18, 0x50, 0x0a, 0x1b, 0xae, 0xff, 0xe3, 0x20, 0xff, 0x50, 0x50
        50 0A 1B AE FF E3
        20 FF 50 50
   05C0 0B EA 18 6B AA 0B   103    .db  0x0b, 0xea, 0x18, 0x6b, 0xaa, 0x0b, 0x1e, 0x01, 0xf9, 0x12, 0x04, 0xff, 0xaa, 0x19, 0xcf, 0x55
        1E 01 F9 12 04 FF
        AA 19 CF 55
   05D0 55 02 93 AB FF 9C   104    .db  0x55, 0x02, 0x93, 0xab, 0xff, 0x9c, 0x20, 0xaa, 0x55, 0x24, 0xa5, 0x16, 0x00, 0xaa, 0x15, 0x85
        20 AA 55 24 A5 16
        00 AA 15 85
   05E0 55 00 28 45 0C 4D   105    .db  0x55, 0x00, 0x28, 0x45, 0x0c, 0x4d, 0x04, 0x10, 0x30, 0x30, 0x10, 0x03, 0x87, 0x20, 0x00, 0xd1
        04 10 30 30 10 03
        87 20 00 D1
   05F0 A8 82 00            106    .db  0xa8, 0x82, 0x00
                            107 ;; Address of the latest byte of the compressed array (for unpacking purposes)
                     05F2   108 _screencontrols_z_end == . - 1
                            109 
