ASxxxx Assembler V02.00 + NoICE + SDCC mods  (Zilog Z80 / Hitachi HD64180), page 1.
Hexadecimal [16-Bits]



                              1 ;; File 'img/screenmenu_z.s' generated using cpct_pack
                              2 ;; Compresor used:   zx7b
                              3 ;; Files compressed: [ 'src/sprites/sMenu.bin' ]
                              4 ;; Uncompressed:     16384 bytes
                              5 ;; Compressed:       793 bytes
                              6 ;; Space saved:      15591 bytes
                              7 ;;
                              8 
                              9 ;; Data array definition
   0000                      10 _screenmenu_z::
   0000 AC AA 94 EA 02 A0    11    .db  0xac, 0xaa, 0x94, 0xea, 0x02, 0xa0, 0x40, 0x50, 0x68, 0x80, 0x06, 0xec, 0x02, 0xc1, 0x84, 0xff
        40 50 68 80 06 EC
        02 C1 84 FF
   0010 80 3C F0 3C 13 28    12    .db  0x80, 0x3c, 0xf0, 0x3c, 0x13, 0x28, 0x4f, 0x56, 0x08, 0x0a, 0x0f, 0x4f, 0x5d, 0x08, 0x44, 0x7c
        4F 56 08 0A 0F 4F
        5D 08 44 7C
   0020 4F 53 FF 1F 03 23    13    .db  0x4f, 0x53, 0xff, 0x1f, 0x03, 0x23, 0x3d, 0x4f, 0x17, 0x2b, 0x19, 0x3c, 0x55, 0xe5, 0xff, 0xab
        3D 4F 17 2B 19 3C
        55 E5 FF AB
   0030 83 FA AB CA FF 47    14    .db  0x83, 0xfa, 0xab, 0xca, 0xff, 0x47, 0x45, 0x5f, 0x1b, 0xdc, 0x08, 0x4d, 0x21, 0x13, 0xc3, 0x03
        45 5F 1B DC 08 4D
        21 13 C3 03
   0040 70 FF 4F 05 58 77    15    .db  0x70, 0xff, 0x4f, 0x05, 0x58, 0x77, 0x08, 0xc3, 0xca, 0x1f, 0x20, 0xff, 0xf9, 0xa0, 0x08, 0x13
        08 C3 CA 1F 20 FF
        F9 A0 08 13
   0050 EB 21 BA 24 A9 FF    16    .db  0xeb, 0x21, 0xba, 0x24, 0xa9, 0xff, 0xa7, 0x13, 0xa9, 0xdd, 0xa7, 0xf6, 0x1e, 0xaf, 0xfa, 0x00
        A7 13 A9 DD A7 F6
        1E AF FA 00
   0060 18 A8 5A B8 44 AB    17    .db  0x18, 0xa8, 0x5a, 0xb8, 0x44, 0xab, 0xb0, 0xaf, 0x80, 0x2f, 0xab, 0xff, 0xaf, 0x07, 0xee, 0xff
        B0 AF 80 2F AB FF
        AF 07 EE FF
   0070 09 CF FA E8 FE AB    18    .db  0x09, 0xcf, 0xfa, 0xe8, 0xfe, 0xab, 0xa8, 0xb4, 0xf0, 0x68, 0x0a, 0xec, 0x08, 0x04, 0x94, 0x78
        A8 B4 F0 68 0A EC
        08 04 94 78
   0080 AF F1 78 3C 80 85    19    .db  0xaf, 0xf1, 0x78, 0x3c, 0x80, 0x85, 0xff, 0x87, 0x00, 0xc8, 0xff, 0x07, 0x50, 0x34, 0xdf, 0xed
        FF 87 00 C8 FF 07
        50 34 DF ED
   0090 55 AF 3D B4 E8 AB    20    .db  0x55, 0xaf, 0x3d, 0xb4, 0xe8, 0xab, 0x57, 0x04, 0xdb, 0xdf, 0xa3, 0x03, 0xdf, 0xf7, 0x9e, 0x15
        57 04 DB DF A3 03
        DF F7 9E 15
   00A0 22 17 E2 08 A1 4F    21    .db  0x22, 0x17, 0xe2, 0x08, 0xa1, 0x4f, 0x8b, 0x13, 0x41, 0xbb, 0x08, 0xae, 0xcb, 0x3f, 0xff, 0xfa
        8B 13 41 BB 08 AE
        CB 3F FF FA
   00B0 A0 1F AB FF 07 00    22    .db  0xa0, 0x1f, 0xab, 0xff, 0x07, 0x00, 0x21, 0x66, 0xea, 0xaf, 0x13, 0xeb, 0xe8, 0xdd, 0xa3, 0xff
        21 66 EA AF 13 EB
        E8 DD A3 FF
   00C0 AF 10 DD 7C 00 47    23    .db  0xaf, 0x10, 0xdd, 0x7c, 0x00, 0x47, 0x14, 0x4e, 0x2c, 0xd7, 0x5a, 0x74, 0x03, 0xd7, 0xf1, 0x13
        14 4E 2C D7 5A 74
        03 D7 F1 13
   00D0 D3 08 03 DD 05 00    24    .db  0xd3, 0x08, 0x03, 0xdd, 0x05, 0x00, 0x5d, 0xe5, 0x3e, 0x14, 0xe1, 0xf2, 0x00, 0x0c, 0xd4, 0xbb
        5D E5 3E 14 E1 F2
        00 0C D4 BB
   00E0 2C 77 03 02 F0 07    25    .db  0x2c, 0x77, 0x03, 0x02, 0xf0, 0x07, 0x14, 0xf4, 0x08, 0x71, 0x00, 0xe5, 0xf6, 0x02, 0xe3, 0xea
        14 F4 08 71 00 E5
        F6 02 E3 EA
ASxxxx Assembler V02.00 + NoICE + SDCC mods  (Zilog Z80 / Hitachi HD64180), page 2.
Hexadecimal [16-Bits]



   00F0 FF A3 A8 00 CA FF    26    .db  0xff, 0xa3, 0xa8, 0x00, 0xca, 0xff, 0x4f, 0xb4, 0x73, 0x80, 0xcf, 0x7e, 0x39, 0xc4, 0xff, 0xf5
        4F B4 73 80 CF 7E
        39 C4 FF F5
   0100 11 AA 2B AD AA 3D    27    .db  0x11, 0xaa, 0x2b, 0xad, 0xaa, 0x3d, 0x33, 0xd6, 0xff, 0x7d, 0x14, 0xff, 0xf9, 0xe8, 0xaf, 0x09
        33 D6 FF 7D 14 FF
        F9 E8 AF 09
   0110 FF FA A8 C1 BE FF    28    .db  0xff, 0xfa, 0xa8, 0xc1, 0xbe, 0xff, 0xaf, 0x02, 0x00, 0x68, 0x00, 0x1f, 0xd1, 0x2a, 0xc4, 0x18
        AF 02 00 68 00 1F
        D1 2A C4 18
   0120 C0 04 74 FF 3D 44    29    .db  0xc0, 0x04, 0x74, 0xff, 0x3d, 0x44, 0x1f, 0x30, 0x53, 0xc3, 0xbe, 0x10, 0x04, 0x18, 0xda, 0x94
        1F 30 53 C3 BE 10
        04 18 DA 94
   0130 F5 A4 F4 13 31 0F    30    .db  0xf5, 0xa4, 0xf4, 0x13, 0x31, 0x0f, 0x08, 0xdd, 0x8d, 0xf5, 0x03, 0x00, 0x7d, 0xe0, 0x5f, 0x51
        08 DD 8D F5 03 00
        7D E0 5F 51
   0140 4F 5C 0A 4D 4F 08    31    .db  0x4f, 0x5c, 0x0a, 0x4d, 0x4f, 0x08, 0xd7, 0x4f, 0x75, 0x49, 0x1d, 0x4f, 0x53, 0x0f, 0x14, 0x3d
        D7 4F 75 49 1D 4F
        53 0F 14 3D
   0150 AF F4 13 C5 17 0D    32    .db  0xaf, 0xf4, 0x13, 0xc5, 0x17, 0x0d, 0xaf, 0x3d, 0xff, 0xf5, 0xd4, 0xaf, 0x57, 0xe0, 0x4f, 0xff
        AF 3D FF F5 D4 AF
        57 E0 4F FF
   0160 0F 45 14 55 FF 1E    33    .db  0x0f, 0x45, 0x14, 0x55, 0xff, 0x1e, 0x78, 0x8a, 0xb2, 0xff, 0x3d, 0x05, 0x40, 0x78, 0xc4, 0xff
        78 8A B2 FF 3D 05
        40 78 C4 FF
   0170 68 43 00 AB 19 AF    34    .db  0x68, 0x43, 0x00, 0xab, 0x19, 0xaf, 0x7b, 0xab, 0x22, 0xff, 0x4f, 0xa6, 0xf4, 0x55, 0xff, 0x1f
        7B AB 22 FF 4F A6
        F4 55 FF 1F
   0180 A7 F5 00 5D 40 D4    35    .db  0xa7, 0xf5, 0x00, 0x5d, 0x40, 0xd4, 0xff, 0x2a, 0x77, 0x3f, 0x74, 0x10, 0xd7, 0xff, 0x57, 0x08
        FF 2A 77 3F 74 10
        D7 FF 57 08
   0190 1D D7 1A DD E8 19    36    .db  0x1d, 0xd7, 0x1a, 0xdd, 0xe8, 0x19, 0xc3, 0x54, 0x30, 0x00, 0x14, 0x28, 0x4f, 0xba, 0x2c, 0x4f
        C3 54 30 00 14 28
        4F BA 2C 4F
   01A0 EB FF 9E 3C CA FF    37    .db  0xeb, 0xff, 0x9e, 0x3c, 0xca, 0xff, 0x13, 0xfc, 0xf4, 0x55, 0x28, 0x14, 0xa5, 0xa3, 0x9e, 0xb5
        13 FC F4 55 28 14
        A5 A3 9E B5
   01B0 FA 13 17 EE E8 A1    38    .db  0xfa, 0x13, 0x17, 0xee, 0xe8, 0xa1, 0x03, 0xe1, 0x0a, 0x09, 0xbe, 0xb2, 0xa7, 0x14, 0xc4, 0x2e
        03 E1 0A 09 BE B2
        A7 14 C4 2E
   01C0 FF 3D 05 00 07 4F    39    .db  0xff, 0x3d, 0x05, 0x00, 0x07, 0x4f, 0xdc, 0x08, 0x4d, 0x4f, 0x71, 0x00, 0x4f, 0x77, 0x00, 0x08
        DC 08 4D 4F 71 00
        4F 77 00 08
   01D0 4F F7 94 91 FF B4    40    .db  0x4f, 0xf7, 0x94, 0x91, 0xff, 0xb4, 0xcf, 0xae, 0x28, 0xe7, 0xff, 0x81, 0xff, 0xa0, 0xf6, 0xbe
        CF AE 28 E7 FF 81
        FF A0 F6 BE
   01E0 C5 52 44 00 1C 3C    41    .db  0xc5, 0x52, 0x44, 0x00, 0x1c, 0x3c, 0x71, 0xff, 0x5f, 0x08, 0xd1, 0x21, 0x1d, 0xff, 0x7d, 0x08
        71 FF 5F 08 D1 21
        1D FF 7D 08
   01F0 D5 FF 7D D4 F5 18    42    .db  0xd5, 0xff, 0x7d, 0xd4, 0xf5, 0x18, 0x70, 0x14, 0xc7, 0x7b, 0xff, 0x4f, 0x51, 0x08, 0x5d, 0xff
        70 14 C7 7B FF 4F
        51 08 5D FF
   0200 3D D4 AE 53 F5 F5    43    .db  0x3d, 0xd4, 0xae, 0x53, 0xf5, 0xf5, 0x44, 0xfe, 0x1f, 0x11, 0x00, 0x94, 0x00, 0xf0, 0x00, 0x2d
        44 FE 1F 11 00 94
        00 F0 00 2D
   0210 CD FF CF 5F 01 40    44    .db  0xcd, 0xff, 0xcf, 0x5f, 0x01, 0x40, 0x4f, 0x5d, 0xd7, 0x00, 0xb9, 0x27, 0xe0, 0xaf, 0xfa, 0x80
ASxxxx Assembler V02.00 + NoICE + SDCC mods  (Zilog Z80 / Hitachi HD64180), page 3.
Hexadecimal [16-Bits]



        4F 5D D7 00 B9 27
        E0 AF FA 80
   0220 55 FF F2 54 10 16    45    .db  0x55, 0xff, 0xf2, 0x54, 0x10, 0x16, 0x57, 0x56, 0xdd, 0xff, 0x03, 0x03, 0x75, 0x21, 0x1c, 0xc3
        57 56 DD FF 03 03
        75 21 1C C3
   0230 F6 F4 22 71 FF 7D    46    .db  0xf6, 0xf4, 0x22, 0x71, 0xff, 0x7d, 0x0d, 0x75, 0xe6, 0x7d, 0x04, 0x1b, 0x00, 0xf7, 0x30, 0x20
        0D 75 E6 7D 04 1B
        00 F7 30 20
   0240 DF E9 54 00 5C 54    47    .db  0xdf, 0xe9, 0x54, 0x00, 0x5c, 0x54, 0xff, 0xf4, 0x55, 0x28, 0xe5, 0xff, 0xa9, 0x84, 0xbe, 0x28
        FF F4 55 28 E5 FF
        A9 84 BE 28
   0250 AA D7 0E FF F4 40    48    .db  0xaa, 0xd7, 0x0e, 0xff, 0xf4, 0x40, 0x01, 0xf0, 0xd0, 0x81, 0x00, 0xbf, 0xff, 0x07, 0x82, 0x4f
        01 F0 D0 81 00 BF
        FF 07 82 4F
   0260 EB AD 80 00 5B 34    49    .db  0xeb, 0xad, 0x80, 0x00, 0x5b, 0x34, 0x27, 0xdd, 0xaf, 0xf5, 0x41, 0x57, 0xe4, 0xff, 0x2b, 0x22
        27 DD AF F5 41 57
        E4 FF 2B 22
   0270 17 AE 3D BA FF 87    50    .db  0x17, 0xae, 0x3d, 0xba, 0xff, 0x87, 0xaa, 0x16, 0xab, 0xc7, 0xf6, 0x00, 0x83, 0x80, 0x6a, 0x67
        AA 16 AB C7 F6 00
        83 80 6A 67
   0280 69 52 EE FF 09 03    51    .db  0x69, 0x52, 0xee, 0xff, 0x09, 0x03, 0xe8, 0x0f, 0xa6, 0xff, 0x2f, 0xa0, 0xfe, 0xdf, 0x76, 0xa8
        E8 0F A6 FF 2F A0
        FE DF 76 A8
   0290 00 A6 AA AA 91 F0    52    .db  0x00, 0xa6, 0xaa, 0xaa, 0x91, 0xf0, 0x03, 0x6d, 0xdc, 0xb4, 0x3c, 0xa0, 0x1b, 0x4f, 0xab, 0x08
        03 6D DC B4 3C A0
        1B 4F AB 08
   02A0 0A 87 4F 2E 08 19    53    .db  0x0a, 0x87, 0x4f, 0x2e, 0x08, 0x19, 0x4f, 0xfe, 0xaa, 0x1a, 0xa8, 0x02, 0x1f, 0xd5, 0x4f, 0x0b
        4F FE AA 1A A8 02
        1F D5 4F 0B
   02B0 2B AE AA 0A 11 72    54    .db  0x2b, 0xae, 0xaa, 0x0a, 0x11, 0x72, 0x04, 0x55, 0x0a, 0xdd, 0x0c, 0x0f, 0xee, 0x15, 0x03, 0x0c
        04 55 0A DD 0C 0F
        EE 15 03 0C
   02C0 7E 57 FF 08 92 00    55    .db  0x7e, 0x57, 0xff, 0x08, 0x92, 0x00, 0x08, 0xbb, 0x01, 0xff, 0x02, 0x03, 0xff, 0xab, 0x00, 0x98
        08 BB 01 FF 02 03
        FF AB 00 98
   02D0 51 10 18 57 3B 00    56    .db  0x51, 0x10, 0x18, 0x57, 0x3b, 0x00, 0x3d, 0x41, 0x05, 0x00, 0x08, 0xdf, 0x13, 0x5d, 0x24, 0x13
        3D 41 05 00 08 DF
        13 5D 24 13
   02E0 0A 02 33 07 0B 7D    57    .db  0x0a, 0x02, 0x33, 0x07, 0x0b, 0x7d, 0x02, 0x70, 0x32, 0x10, 0x20, 0x2d, 0x97, 0x14, 0x00, 0x47
        02 70 32 10 20 2D
        97 14 00 47
   02F0 30 00 94 02 07 38    58    .db  0x30, 0x00, 0x94, 0x02, 0x07, 0x38, 0x55, 0x00, 0x7a, 0x02, 0x0f, 0x2f, 0xf8, 0x28, 0x0d, 0xa2
        55 00 7A 02 0F 2F
        F8 28 0D A2
   0300 07 74 00 08 2D 02    59    .db  0x07, 0x74, 0x00, 0x08, 0x2d, 0x02, 0x28, 0xe6, 0x28, 0x3c, 0x05, 0xac, 0x3c, 0x24, 0x42, 0x14
        28 E6 28 3C 05 AC
        3C 24 42 14
   0310 00 15 3C 28 00 12    60    .db  0x00, 0x15, 0x3c, 0x28, 0x00, 0x12, 0x22, 0x88, 0x00
        22 88 00
                             61 ;; Address of the latest byte of the compressed array (for unpacking purposes)
                     0318    62 _screenmenu_z_end == . - 1
                             63 
