ASxxxx Assembler V02.00 + NoICE + SDCC mods  (Zilog Z80 / Hitachi HD64180), page 1.
Hexadecimal [16-Bits]



                              1 ;; This file is part of SETBACK.
                              2 ;; Copyright (C) 2020 TCore (@TCore14)
                              3 ;;
                              4 ;; This program is free software: you can redistribute it and/or modify
                              5 ;; it under the terms of the GNU General Public License as published by
                              6 ;; the Free Software Foundation, either version 3 of the License, or
                              7 ;; (at your option) any later version.
                              8 ;;
                              9 ;; This program is distributed in the hope that it will be useful,
                             10 ;; but WITHOUT ANY WARRANTY; without even the implied warranty of
                             11 ;; MERCHANTABILITY or FITNESS FOR A PARTICULAR PURPOSE.  See the
                             12 ;; GNU General Public License for more details.
                             13 ;;
                             14 ;; You should have received a copy of the GNU General Public License
                             15 ;; along with this program.  If not, see https://www.gnu.org/licenses/.
                             16 
                             17 ;;
                             18 ;; MENU MANAGER
                             19 ;;
                             20 
                             21 
                             22 ;;;;;;;;;;;;;;;;;;;;;;;;;;;;;;;;;;;;;;;;;;;;;;
                             23 ;;;;;;;;;;; FUNCIONES PUBLICAS ;;;;;;;;;;;;;;;
                             24 ;;;;;;;;;;;;;;;;;;;;;;;;;;;;;;;;;;;;;;;;;;;;;;
                             25 
                             26 .globl man_menu_init
                             27 .globl man_menu_run
                             28 .globl man_menu_pause_run
                             29 .globl man_menu_win_run
