                              1 ;--------------------------------------------------------
                              2 ; File Created by SDCC : free open source ANSI-C Compiler
                              3 ; Version 3.6.8 #9946 (Linux)
                              4 ;--------------------------------------------------------
                              5 	.module delimitador
                              6 	.optsdcc -mz80
                              7 	
                              8 ;--------------------------------------------------------
                              9 ; Public variables in this module
                             10 ;--------------------------------------------------------
                             11 	.globl _delimitador_sp_1
                             12 	.globl _delimitador_sp_0
                             13 	.globl _demitador_pal
                             14 ;--------------------------------------------------------
                             15 ; special function registers
                             16 ;--------------------------------------------------------
                             17 ;--------------------------------------------------------
                             18 ; ram data
                             19 ;--------------------------------------------------------
                             20 	.area _DATA
                             21 ;--------------------------------------------------------
                             22 ; ram data
                             23 ;--------------------------------------------------------
                             24 	.area _INITIALIZED
                             25 ;--------------------------------------------------------
                             26 ; absolute external ram data
                             27 ;--------------------------------------------------------
                             28 	.area _DABS (ABS)
                             29 ;--------------------------------------------------------
                             30 ; global & static initialisations
                             31 ;--------------------------------------------------------
                             32 	.area _HOME
                             33 	.area _GSINIT
                             34 	.area _GSFINAL
                             35 	.area _GSINIT
                             36 ;--------------------------------------------------------
                             37 ; Home
                             38 ;--------------------------------------------------------
                             39 	.area _HOME
                             40 	.area _HOME
                             41 ;--------------------------------------------------------
                             42 ; code
                             43 ;--------------------------------------------------------
                             44 	.area _CODE
                             45 	.area _CODE
   0000                      46 _demitador_pal:
   0000 54                   47 	.db #0x54	; 84	'T'
   0001 44                   48 	.db #0x44	; 68	'D'
   0002 55                   49 	.db #0x55	; 85	'U'
   0003 5C                   50 	.db #0x5c	; 92
   0004 4C                   51 	.db #0x4c	; 76	'L'
   0005 56                   52 	.db #0x56	; 86	'V'
   0006 57                   53 	.db #0x57	; 87	'W'
   0007 5E                   54 	.db #0x5e	; 94
   0008 40                   55 	.db #0x40	; 64
   0009 5F                   56 	.db #0x5f	; 95
   000A 4E                   57 	.db #0x4e	; 78	'N'
   000B 52                   58 	.db #0x52	; 82	'R'
   000C 53                   59 	.db #0x53	; 83	'S'
   000D 4A                   60 	.db #0x4a	; 74	'J'
   000E 43                   61 	.db #0x43	; 67	'C'
   000F 4B                   62 	.db #0x4b	; 75	'K'
   0010                      63 _delimitador_sp_0:
   0010 03                   64 	.db #0x03	; 3
   0011 03                   65 	.db #0x03	; 3
   0012 03                   66 	.db #0x03	; 3
   0013 03                   67 	.db #0x03	; 3
   0014 03                   68 	.db #0x03	; 3
   0015 03                   69 	.db #0x03	; 3
   0016 03                   70 	.db #0x03	; 3
   0017 03                   71 	.db #0x03	; 3
   0018 03                   72 	.db #0x03	; 3
   0019 03                   73 	.db #0x03	; 3
   001A 03                   74 	.db #0x03	; 3
   001B 03                   75 	.db #0x03	; 3
   001C 03                   76 	.db #0x03	; 3
   001D 03                   77 	.db #0x03	; 3
   001E 03                   78 	.db #0x03	; 3
   001F 03                   79 	.db #0x03	; 3
   0020 03                   80 	.db #0x03	; 3
   0021 03                   81 	.db #0x03	; 3
   0022 03                   82 	.db #0x03	; 3
   0023 03                   83 	.db #0x03	; 3
   0024 03                   84 	.db #0x03	; 3
   0025 03                   85 	.db #0x03	; 3
   0026 03                   86 	.db #0x03	; 3
   0027 03                   87 	.db #0x03	; 3
   0028 03                   88 	.db #0x03	; 3
   0029 03                   89 	.db #0x03	; 3
   002A 03                   90 	.db #0x03	; 3
   002B 03                   91 	.db #0x03	; 3
   002C 03                   92 	.db #0x03	; 3
   002D 03                   93 	.db #0x03	; 3
   002E 03                   94 	.db #0x03	; 3
   002F 03                   95 	.db #0x03	; 3
   0030 03                   96 	.db #0x03	; 3
   0031 03                   97 	.db #0x03	; 3
   0032 03                   98 	.db #0x03	; 3
   0033 03                   99 	.db #0x03	; 3
   0034 03                  100 	.db #0x03	; 3
   0035 03                  101 	.db #0x03	; 3
   0036 03                  102 	.db #0x03	; 3
   0037 03                  103 	.db #0x03	; 3
   0038 03                  104 	.db #0x03	; 3
   0039 C3                  105 	.db #0xc3	; 195
   003A C3                  106 	.db #0xc3	; 195
   003B C3                  107 	.db #0xc3	; 195
   003C 83                  108 	.db #0x83	; 131
   003D 03                  109 	.db #0x03	; 3
   003E C3                  110 	.db #0xc3	; 195
   003F C3                  111 	.db #0xc3	; 195
   0040 C3                  112 	.db #0xc3	; 195
   0041 83                  113 	.db #0x83	; 131
   0042 03                  114 	.db #0x03	; 3
   0043 C3                  115 	.db #0xc3	; 195
   0044 C3                  116 	.db #0xc3	; 195
   0045 C3                  117 	.db #0xc3	; 195
   0046 83                  118 	.db #0x83	; 131
   0047 03                  119 	.db #0x03	; 3
   0048 C3                  120 	.db #0xc3	; 195
   0049 C3                  121 	.db #0xc3	; 195
   004A C3                  122 	.db #0xc3	; 195
   004B 83                  123 	.db #0x83	; 131
   004C 03                  124 	.db #0x03	; 3
   004D C3                  125 	.db #0xc3	; 195
   004E C3                  126 	.db #0xc3	; 195
   004F C3                  127 	.db #0xc3	; 195
   0050 83                  128 	.db #0x83	; 131
   0051 03                  129 	.db #0x03	; 3
   0052 C3                  130 	.db #0xc3	; 195
   0053 C3                  131 	.db #0xc3	; 195
   0054 C3                  132 	.db #0xc3	; 195
   0055 83                  133 	.db #0x83	; 131
   0056 03                  134 	.db #0x03	; 3
   0057 C3                  135 	.db #0xc3	; 195
   0058 C3                  136 	.db #0xc3	; 195
   0059 C3                  137 	.db #0xc3	; 195
   005A 83                  138 	.db #0x83	; 131
   005B 03                  139 	.db #0x03	; 3
   005C C3                  140 	.db #0xc3	; 195
   005D C3                  141 	.db #0xc3	; 195
   005E C3                  142 	.db #0xc3	; 195
   005F 83                  143 	.db #0x83	; 131
   0060 43                  144 	.db #0x43	; 67	'C'
   0061 43                  145 	.db #0x43	; 67	'C'
   0062 C3                  146 	.db #0xc3	; 195
   0063 83                  147 	.db #0x83	; 131
   0064 83                  148 	.db #0x83	; 131
   0065 43                  149 	.db #0x43	; 67	'C'
   0066 43                  150 	.db #0x43	; 67	'C'
   0067 C3                  151 	.db #0xc3	; 195
   0068 83                  152 	.db #0x83	; 131
   0069 83                  153 	.db #0x83	; 131
   006A 43                  154 	.db #0x43	; 67	'C'
   006B 43                  155 	.db #0x43	; 67	'C'
   006C C3                  156 	.db #0xc3	; 195
   006D 83                  157 	.db #0x83	; 131
   006E 83                  158 	.db #0x83	; 131
   006F 43                  159 	.db #0x43	; 67	'C'
   0070 43                  160 	.db #0x43	; 67	'C'
   0071 C3                  161 	.db #0xc3	; 195
   0072 83                  162 	.db #0x83	; 131
   0073 83                  163 	.db #0x83	; 131
   0074 43                  164 	.db #0x43	; 67	'C'
   0075 43                  165 	.db #0x43	; 67	'C'
   0076 C3                  166 	.db #0xc3	; 195
   0077 83                  167 	.db #0x83	; 131
   0078 83                  168 	.db #0x83	; 131
   0079 43                  169 	.db #0x43	; 67	'C'
   007A 43                  170 	.db #0x43	; 67	'C'
   007B C3                  171 	.db #0xc3	; 195
   007C 83                  172 	.db #0x83	; 131
   007D 83                  173 	.db #0x83	; 131
   007E 43                  174 	.db #0x43	; 67	'C'
   007F 43                  175 	.db #0x43	; 67	'C'
   0080 C3                  176 	.db #0xc3	; 195
   0081 83                  177 	.db #0x83	; 131
   0082 83                  178 	.db #0x83	; 131
   0083 43                  179 	.db #0x43	; 67	'C'
   0084 43                  180 	.db #0x43	; 67	'C'
   0085 C3                  181 	.db #0xc3	; 195
   0086 83                  182 	.db #0x83	; 131
   0087 83                  183 	.db #0x83	; 131
   0088 43                  184 	.db #0x43	; 67	'C'
   0089 83                  185 	.db #0x83	; 131
   008A C3                  186 	.db #0xc3	; 195
   008B C3                  187 	.db #0xc3	; 195
   008C 83                  188 	.db #0x83	; 131
   008D 43                  189 	.db #0x43	; 67	'C'
   008E 83                  190 	.db #0x83	; 131
   008F C3                  191 	.db #0xc3	; 195
   0090 C3                  192 	.db #0xc3	; 195
   0091 83                  193 	.db #0x83	; 131
   0092 43                  194 	.db #0x43	; 67	'C'
   0093 83                  195 	.db #0x83	; 131
   0094 C3                  196 	.db #0xc3	; 195
   0095 C3                  197 	.db #0xc3	; 195
   0096 83                  198 	.db #0x83	; 131
   0097 43                  199 	.db #0x43	; 67	'C'
   0098 83                  200 	.db #0x83	; 131
   0099 C3                  201 	.db #0xc3	; 195
   009A C3                  202 	.db #0xc3	; 195
   009B 83                  203 	.db #0x83	; 131
   009C 43                  204 	.db #0x43	; 67	'C'
   009D 83                  205 	.db #0x83	; 131
   009E C3                  206 	.db #0xc3	; 195
   009F C3                  207 	.db #0xc3	; 195
   00A0 83                  208 	.db #0x83	; 131
   00A1 43                  209 	.db #0x43	; 67	'C'
   00A2 83                  210 	.db #0x83	; 131
   00A3 C3                  211 	.db #0xc3	; 195
   00A4 C3                  212 	.db #0xc3	; 195
   00A5 83                  213 	.db #0x83	; 131
   00A6 43                  214 	.db #0x43	; 67	'C'
   00A7 83                  215 	.db #0x83	; 131
   00A8 C3                  216 	.db #0xc3	; 195
   00A9 C3                  217 	.db #0xc3	; 195
   00AA 83                  218 	.db #0x83	; 131
   00AB 43                  219 	.db #0x43	; 67	'C'
   00AC 83                  220 	.db #0x83	; 131
   00AD C3                  221 	.db #0xc3	; 195
   00AE C3                  222 	.db #0xc3	; 195
   00AF 83                  223 	.db #0x83	; 131
   00B0 43                  224 	.db #0x43	; 67	'C'
   00B1 C3                  225 	.db #0xc3	; 195
   00B2 43                  226 	.db #0x43	; 67	'C'
   00B3 C3                  227 	.db #0xc3	; 195
   00B4 83                  228 	.db #0x83	; 131
   00B5 43                  229 	.db #0x43	; 67	'C'
   00B6 C3                  230 	.db #0xc3	; 195
   00B7 43                  231 	.db #0x43	; 67	'C'
   00B8 C3                  232 	.db #0xc3	; 195
   00B9 83                  233 	.db #0x83	; 131
   00BA 43                  234 	.db #0x43	; 67	'C'
   00BB C3                  235 	.db #0xc3	; 195
   00BC 43                  236 	.db #0x43	; 67	'C'
   00BD C3                  237 	.db #0xc3	; 195
   00BE 83                  238 	.db #0x83	; 131
   00BF 43                  239 	.db #0x43	; 67	'C'
   00C0 C3                  240 	.db #0xc3	; 195
   00C1 43                  241 	.db #0x43	; 67	'C'
   00C2 C3                  242 	.db #0xc3	; 195
   00C3 83                  243 	.db #0x83	; 131
   00C4 43                  244 	.db #0x43	; 67	'C'
   00C5 C3                  245 	.db #0xc3	; 195
   00C6 43                  246 	.db #0x43	; 67	'C'
   00C7 C3                  247 	.db #0xc3	; 195
   00C8 83                  248 	.db #0x83	; 131
   00C9 43                  249 	.db #0x43	; 67	'C'
   00CA C3                  250 	.db #0xc3	; 195
   00CB 43                  251 	.db #0x43	; 67	'C'
   00CC C3                  252 	.db #0xc3	; 195
   00CD 83                  253 	.db #0x83	; 131
   00CE 43                  254 	.db #0x43	; 67	'C'
   00CF C3                  255 	.db #0xc3	; 195
   00D0 43                  256 	.db #0x43	; 67	'C'
   00D1 C3                  257 	.db #0xc3	; 195
   00D2 83                  258 	.db #0x83	; 131
   00D3 43                  259 	.db #0x43	; 67	'C'
   00D4 C3                  260 	.db #0xc3	; 195
   00D5 43                  261 	.db #0x43	; 67	'C'
   00D6 C3                  262 	.db #0xc3	; 195
   00D7 83                  263 	.db #0x83	; 131
   00D8 43                  264 	.db #0x43	; 67	'C'
   00D9 C3                  265 	.db #0xc3	; 195
   00DA 83                  266 	.db #0x83	; 131
   00DB C3                  267 	.db #0xc3	; 195
   00DC 83                  268 	.db #0x83	; 131
   00DD 43                  269 	.db #0x43	; 67	'C'
   00DE C3                  270 	.db #0xc3	; 195
   00DF 83                  271 	.db #0x83	; 131
   00E0 C3                  272 	.db #0xc3	; 195
   00E1 83                  273 	.db #0x83	; 131
   00E2 43                  274 	.db #0x43	; 67	'C'
   00E3 C3                  275 	.db #0xc3	; 195
   00E4 83                  276 	.db #0x83	; 131
   00E5 C3                  277 	.db #0xc3	; 195
   00E6 83                  278 	.db #0x83	; 131
   00E7 43                  279 	.db #0x43	; 67	'C'
   00E8 C3                  280 	.db #0xc3	; 195
   00E9 83                  281 	.db #0x83	; 131
   00EA C3                  282 	.db #0xc3	; 195
   00EB 83                  283 	.db #0x83	; 131
   00EC 43                  284 	.db #0x43	; 67	'C'
   00ED C3                  285 	.db #0xc3	; 195
   00EE 83                  286 	.db #0x83	; 131
   00EF C3                  287 	.db #0xc3	; 195
   00F0 83                  288 	.db #0x83	; 131
   00F1 43                  289 	.db #0x43	; 67	'C'
   00F2 C3                  290 	.db #0xc3	; 195
   00F3 83                  291 	.db #0x83	; 131
   00F4 C3                  292 	.db #0xc3	; 195
   00F5 83                  293 	.db #0x83	; 131
   00F6 43                  294 	.db #0x43	; 67	'C'
   00F7 C3                  295 	.db #0xc3	; 195
   00F8 83                  296 	.db #0x83	; 131
   00F9 C3                  297 	.db #0xc3	; 195
   00FA 83                  298 	.db #0x83	; 131
   00FB 43                  299 	.db #0x43	; 67	'C'
   00FC C3                  300 	.db #0xc3	; 195
   00FD 83                  301 	.db #0x83	; 131
   00FE C3                  302 	.db #0xc3	; 195
   00FF 83                  303 	.db #0x83	; 131
   0100 43                  304 	.db #0x43	; 67	'C'
   0101 C3                  305 	.db #0xc3	; 195
   0102 C3                  306 	.db #0xc3	; 195
   0103 43                  307 	.db #0x43	; 67	'C'
   0104 83                  308 	.db #0x83	; 131
   0105 43                  309 	.db #0x43	; 67	'C'
   0106 C3                  310 	.db #0xc3	; 195
   0107 C3                  311 	.db #0xc3	; 195
   0108 43                  312 	.db #0x43	; 67	'C'
   0109 83                  313 	.db #0x83	; 131
   010A 43                  314 	.db #0x43	; 67	'C'
   010B C3                  315 	.db #0xc3	; 195
   010C C3                  316 	.db #0xc3	; 195
   010D 43                  317 	.db #0x43	; 67	'C'
   010E 83                  318 	.db #0x83	; 131
   010F 43                  319 	.db #0x43	; 67	'C'
   0110 C3                  320 	.db #0xc3	; 195
   0111 C3                  321 	.db #0xc3	; 195
   0112 43                  322 	.db #0x43	; 67	'C'
   0113 83                  323 	.db #0x83	; 131
   0114 43                  324 	.db #0x43	; 67	'C'
   0115 C3                  325 	.db #0xc3	; 195
   0116 C3                  326 	.db #0xc3	; 195
   0117 43                  327 	.db #0x43	; 67	'C'
   0118 83                  328 	.db #0x83	; 131
   0119 43                  329 	.db #0x43	; 67	'C'
   011A C3                  330 	.db #0xc3	; 195
   011B C3                  331 	.db #0xc3	; 195
   011C 43                  332 	.db #0x43	; 67	'C'
   011D 83                  333 	.db #0x83	; 131
   011E 43                  334 	.db #0x43	; 67	'C'
   011F C3                  335 	.db #0xc3	; 195
   0120 C3                  336 	.db #0xc3	; 195
   0121 43                  337 	.db #0x43	; 67	'C'
   0122 83                  338 	.db #0x83	; 131
   0123 43                  339 	.db #0x43	; 67	'C'
   0124 C3                  340 	.db #0xc3	; 195
   0125 C3                  341 	.db #0xc3	; 195
   0126 43                  342 	.db #0x43	; 67	'C'
   0127 83                  343 	.db #0x83	; 131
   0128 43                  344 	.db #0x43	; 67	'C'
   0129 43                  345 	.db #0x43	; 67	'C'
   012A C3                  346 	.db #0xc3	; 195
   012B 83                  347 	.db #0x83	; 131
   012C 83                  348 	.db #0x83	; 131
   012D 43                  349 	.db #0x43	; 67	'C'
   012E 43                  350 	.db #0x43	; 67	'C'
   012F C3                  351 	.db #0xc3	; 195
   0130 83                  352 	.db #0x83	; 131
   0131 83                  353 	.db #0x83	; 131
   0132 43                  354 	.db #0x43	; 67	'C'
   0133 43                  355 	.db #0x43	; 67	'C'
   0134 C3                  356 	.db #0xc3	; 195
   0135 83                  357 	.db #0x83	; 131
   0136 83                  358 	.db #0x83	; 131
   0137 43                  359 	.db #0x43	; 67	'C'
   0138 43                  360 	.db #0x43	; 67	'C'
   0139 C3                  361 	.db #0xc3	; 195
   013A 83                  362 	.db #0x83	; 131
   013B 83                  363 	.db #0x83	; 131
   013C 43                  364 	.db #0x43	; 67	'C'
   013D 43                  365 	.db #0x43	; 67	'C'
   013E C3                  366 	.db #0xc3	; 195
   013F 83                  367 	.db #0x83	; 131
   0140 83                  368 	.db #0x83	; 131
   0141 43                  369 	.db #0x43	; 67	'C'
   0142 43                  370 	.db #0x43	; 67	'C'
   0143 C3                  371 	.db #0xc3	; 195
   0144 83                  372 	.db #0x83	; 131
   0145 83                  373 	.db #0x83	; 131
   0146 43                  374 	.db #0x43	; 67	'C'
   0147 43                  375 	.db #0x43	; 67	'C'
   0148 C3                  376 	.db #0xc3	; 195
   0149 83                  377 	.db #0x83	; 131
   014A 83                  378 	.db #0x83	; 131
   014B 43                  379 	.db #0x43	; 67	'C'
   014C 43                  380 	.db #0x43	; 67	'C'
   014D C3                  381 	.db #0xc3	; 195
   014E 83                  382 	.db #0x83	; 131
   014F 83                  383 	.db #0x83	; 131
   0150 43                  384 	.db #0x43	; 67	'C'
   0151 C3                  385 	.db #0xc3	; 195
   0152 C3                  386 	.db #0xc3	; 195
   0153 C3                  387 	.db #0xc3	; 195
   0154 03                  388 	.db #0x03	; 3
   0155 43                  389 	.db #0x43	; 67	'C'
   0156 C3                  390 	.db #0xc3	; 195
   0157 C3                  391 	.db #0xc3	; 195
   0158 C3                  392 	.db #0xc3	; 195
   0159 03                  393 	.db #0x03	; 3
   015A 43                  394 	.db #0x43	; 67	'C'
   015B C3                  395 	.db #0xc3	; 195
   015C C3                  396 	.db #0xc3	; 195
   015D C3                  397 	.db #0xc3	; 195
   015E 03                  398 	.db #0x03	; 3
   015F 43                  399 	.db #0x43	; 67	'C'
   0160 C3                  400 	.db #0xc3	; 195
   0161 C3                  401 	.db #0xc3	; 195
   0162 C3                  402 	.db #0xc3	; 195
   0163 03                  403 	.db #0x03	; 3
   0164 43                  404 	.db #0x43	; 67	'C'
   0165 C3                  405 	.db #0xc3	; 195
   0166 C3                  406 	.db #0xc3	; 195
   0167 C3                  407 	.db #0xc3	; 195
   0168 03                  408 	.db #0x03	; 3
   0169 43                  409 	.db #0x43	; 67	'C'
   016A C3                  410 	.db #0xc3	; 195
   016B C3                  411 	.db #0xc3	; 195
   016C C3                  412 	.db #0xc3	; 195
   016D 03                  413 	.db #0x03	; 3
   016E 43                  414 	.db #0x43	; 67	'C'
   016F C3                  415 	.db #0xc3	; 195
   0170 C3                  416 	.db #0xc3	; 195
   0171 C3                  417 	.db #0xc3	; 195
   0172 03                  418 	.db #0x03	; 3
   0173 43                  419 	.db #0x43	; 67	'C'
   0174 C3                  420 	.db #0xc3	; 195
   0175 C3                  421 	.db #0xc3	; 195
   0176 C3                  422 	.db #0xc3	; 195
   0177 03                  423 	.db #0x03	; 3
   0178 03                  424 	.db #0x03	; 3
   0179 03                  425 	.db #0x03	; 3
   017A 03                  426 	.db #0x03	; 3
   017B 03                  427 	.db #0x03	; 3
   017C 03                  428 	.db #0x03	; 3
   017D 03                  429 	.db #0x03	; 3
   017E 03                  430 	.db #0x03	; 3
   017F 03                  431 	.db #0x03	; 3
   0180 03                  432 	.db #0x03	; 3
   0181 03                  433 	.db #0x03	; 3
   0182 03                  434 	.db #0x03	; 3
   0183 03                  435 	.db #0x03	; 3
   0184 03                  436 	.db #0x03	; 3
   0185 03                  437 	.db #0x03	; 3
   0186 03                  438 	.db #0x03	; 3
   0187 03                  439 	.db #0x03	; 3
   0188 03                  440 	.db #0x03	; 3
   0189 03                  441 	.db #0x03	; 3
   018A 03                  442 	.db #0x03	; 3
   018B 03                  443 	.db #0x03	; 3
   018C 03                  444 	.db #0x03	; 3
   018D 03                  445 	.db #0x03	; 3
   018E 03                  446 	.db #0x03	; 3
   018F 03                  447 	.db #0x03	; 3
   0190 03                  448 	.db #0x03	; 3
   0191 03                  449 	.db #0x03	; 3
   0192 03                  450 	.db #0x03	; 3
   0193 03                  451 	.db #0x03	; 3
   0194 03                  452 	.db #0x03	; 3
   0195 03                  453 	.db #0x03	; 3
   0196 03                  454 	.db #0x03	; 3
   0197 03                  455 	.db #0x03	; 3
   0198 03                  456 	.db #0x03	; 3
   0199 03                  457 	.db #0x03	; 3
   019A 03                  458 	.db #0x03	; 3
   019B 03                  459 	.db #0x03	; 3
   019C 03                  460 	.db #0x03	; 3
   019D 03                  461 	.db #0x03	; 3
   019E 03                  462 	.db #0x03	; 3
   019F 03                  463 	.db #0x03	; 3
   01A0                     464 _delimitador_sp_1:
   01A0 03                  465 	.db #0x03	; 3
   01A1 03                  466 	.db #0x03	; 3
   01A2 03                  467 	.db #0x03	; 3
   01A3 03                  468 	.db #0x03	; 3
   01A4 03                  469 	.db #0x03	; 3
   01A5 03                  470 	.db #0x03	; 3
   01A6 03                  471 	.db #0x03	; 3
   01A7 03                  472 	.db #0x03	; 3
   01A8 03                  473 	.db #0x03	; 3
   01A9 03                  474 	.db #0x03	; 3
   01AA 03                  475 	.db #0x03	; 3
   01AB 03                  476 	.db #0x03	; 3
   01AC 03                  477 	.db #0x03	; 3
   01AD 03                  478 	.db #0x03	; 3
   01AE 03                  479 	.db #0x03	; 3
   01AF 03                  480 	.db #0x03	; 3
   01B0 03                  481 	.db #0x03	; 3
   01B1 03                  482 	.db #0x03	; 3
   01B2 03                  483 	.db #0x03	; 3
   01B3 03                  484 	.db #0x03	; 3
   01B4 03                  485 	.db #0x03	; 3
   01B5 03                  486 	.db #0x03	; 3
   01B6 03                  487 	.db #0x03	; 3
   01B7 03                  488 	.db #0x03	; 3
   01B8 03                  489 	.db #0x03	; 3
   01B9 03                  490 	.db #0x03	; 3
   01BA 03                  491 	.db #0x03	; 3
   01BB 03                  492 	.db #0x03	; 3
   01BC 03                  493 	.db #0x03	; 3
   01BD 03                  494 	.db #0x03	; 3
   01BE 03                  495 	.db #0x03	; 3
   01BF 03                  496 	.db #0x03	; 3
   01C0 03                  497 	.db #0x03	; 3
   01C1 03                  498 	.db #0x03	; 3
   01C2 03                  499 	.db #0x03	; 3
   01C3 03                  500 	.db #0x03	; 3
   01C4 03                  501 	.db #0x03	; 3
   01C5 03                  502 	.db #0x03	; 3
   01C6 03                  503 	.db #0x03	; 3
   01C7 03                  504 	.db #0x03	; 3
   01C8 03                  505 	.db #0x03	; 3
   01C9 C3                  506 	.db #0xc3	; 195
   01CA C3                  507 	.db #0xc3	; 195
   01CB C3                  508 	.db #0xc3	; 195
   01CC 83                  509 	.db #0x83	; 131
   01CD 03                  510 	.db #0x03	; 3
   01CE C3                  511 	.db #0xc3	; 195
   01CF C3                  512 	.db #0xc3	; 195
   01D0 C3                  513 	.db #0xc3	; 195
   01D1 83                  514 	.db #0x83	; 131
   01D2 03                  515 	.db #0x03	; 3
   01D3 C3                  516 	.db #0xc3	; 195
   01D4 C3                  517 	.db #0xc3	; 195
   01D5 C3                  518 	.db #0xc3	; 195
   01D6 83                  519 	.db #0x83	; 131
   01D7 03                  520 	.db #0x03	; 3
   01D8 C3                  521 	.db #0xc3	; 195
   01D9 C3                  522 	.db #0xc3	; 195
   01DA C3                  523 	.db #0xc3	; 195
   01DB 83                  524 	.db #0x83	; 131
   01DC 03                  525 	.db #0x03	; 3
   01DD C3                  526 	.db #0xc3	; 195
   01DE C3                  527 	.db #0xc3	; 195
   01DF C3                  528 	.db #0xc3	; 195
   01E0 83                  529 	.db #0x83	; 131
   01E1 03                  530 	.db #0x03	; 3
   01E2 C3                  531 	.db #0xc3	; 195
   01E3 C3                  532 	.db #0xc3	; 195
   01E4 C3                  533 	.db #0xc3	; 195
   01E5 83                  534 	.db #0x83	; 131
   01E6 03                  535 	.db #0x03	; 3
   01E7 C3                  536 	.db #0xc3	; 195
   01E8 C3                  537 	.db #0xc3	; 195
   01E9 C3                  538 	.db #0xc3	; 195
   01EA 83                  539 	.db #0x83	; 131
   01EB 03                  540 	.db #0x03	; 3
   01EC C3                  541 	.db #0xc3	; 195
   01ED C3                  542 	.db #0xc3	; 195
   01EE C3                  543 	.db #0xc3	; 195
   01EF 83                  544 	.db #0x83	; 131
   01F0 43                  545 	.db #0x43	; 67	'C'
   01F1 43                  546 	.db #0x43	; 67	'C'
   01F2 C3                  547 	.db #0xc3	; 195
   01F3 83                  548 	.db #0x83	; 131
   01F4 83                  549 	.db #0x83	; 131
   01F5 43                  550 	.db #0x43	; 67	'C'
   01F6 43                  551 	.db #0x43	; 67	'C'
   01F7 C3                  552 	.db #0xc3	; 195
   01F8 83                  553 	.db #0x83	; 131
   01F9 83                  554 	.db #0x83	; 131
   01FA 43                  555 	.db #0x43	; 67	'C'
   01FB 43                  556 	.db #0x43	; 67	'C'
   01FC C3                  557 	.db #0xc3	; 195
   01FD 83                  558 	.db #0x83	; 131
   01FE 83                  559 	.db #0x83	; 131
   01FF 43                  560 	.db #0x43	; 67	'C'
   0200 43                  561 	.db #0x43	; 67	'C'
   0201 C3                  562 	.db #0xc3	; 195
   0202 83                  563 	.db #0x83	; 131
   0203 83                  564 	.db #0x83	; 131
   0204 43                  565 	.db #0x43	; 67	'C'
   0205 43                  566 	.db #0x43	; 67	'C'
   0206 C3                  567 	.db #0xc3	; 195
   0207 83                  568 	.db #0x83	; 131
   0208 83                  569 	.db #0x83	; 131
   0209 43                  570 	.db #0x43	; 67	'C'
   020A 43                  571 	.db #0x43	; 67	'C'
   020B C3                  572 	.db #0xc3	; 195
   020C 83                  573 	.db #0x83	; 131
   020D 83                  574 	.db #0x83	; 131
   020E 43                  575 	.db #0x43	; 67	'C'
   020F 43                  576 	.db #0x43	; 67	'C'
   0210 C3                  577 	.db #0xc3	; 195
   0211 83                  578 	.db #0x83	; 131
   0212 83                  579 	.db #0x83	; 131
   0213 43                  580 	.db #0x43	; 67	'C'
   0214 43                  581 	.db #0x43	; 67	'C'
   0215 C3                  582 	.db #0xc3	; 195
   0216 83                  583 	.db #0x83	; 131
   0217 83                  584 	.db #0x83	; 131
   0218 43                  585 	.db #0x43	; 67	'C'
   0219 83                  586 	.db #0x83	; 131
   021A C3                  587 	.db #0xc3	; 195
   021B C3                  588 	.db #0xc3	; 195
   021C 83                  589 	.db #0x83	; 131
   021D 43                  590 	.db #0x43	; 67	'C'
   021E 83                  591 	.db #0x83	; 131
   021F C3                  592 	.db #0xc3	; 195
   0220 C3                  593 	.db #0xc3	; 195
   0221 83                  594 	.db #0x83	; 131
   0222 43                  595 	.db #0x43	; 67	'C'
   0223 83                  596 	.db #0x83	; 131
   0224 C3                  597 	.db #0xc3	; 195
   0225 C3                  598 	.db #0xc3	; 195
   0226 83                  599 	.db #0x83	; 131
   0227 43                  600 	.db #0x43	; 67	'C'
   0228 83                  601 	.db #0x83	; 131
   0229 C3                  602 	.db #0xc3	; 195
   022A C3                  603 	.db #0xc3	; 195
   022B 83                  604 	.db #0x83	; 131
   022C 43                  605 	.db #0x43	; 67	'C'
   022D 83                  606 	.db #0x83	; 131
   022E C3                  607 	.db #0xc3	; 195
   022F C3                  608 	.db #0xc3	; 195
   0230 83                  609 	.db #0x83	; 131
   0231 43                  610 	.db #0x43	; 67	'C'
   0232 83                  611 	.db #0x83	; 131
   0233 C3                  612 	.db #0xc3	; 195
   0234 C3                  613 	.db #0xc3	; 195
   0235 83                  614 	.db #0x83	; 131
   0236 43                  615 	.db #0x43	; 67	'C'
   0237 83                  616 	.db #0x83	; 131
   0238 C3                  617 	.db #0xc3	; 195
   0239 C3                  618 	.db #0xc3	; 195
   023A 83                  619 	.db #0x83	; 131
   023B 43                  620 	.db #0x43	; 67	'C'
   023C 83                  621 	.db #0x83	; 131
   023D C3                  622 	.db #0xc3	; 195
   023E C3                  623 	.db #0xc3	; 195
   023F 83                  624 	.db #0x83	; 131
   0240 43                  625 	.db #0x43	; 67	'C'
   0241 C3                  626 	.db #0xc3	; 195
   0242 43                  627 	.db #0x43	; 67	'C'
   0243 C3                  628 	.db #0xc3	; 195
   0244 83                  629 	.db #0x83	; 131
   0245 43                  630 	.db #0x43	; 67	'C'
   0246 C3                  631 	.db #0xc3	; 195
   0247 43                  632 	.db #0x43	; 67	'C'
   0248 C3                  633 	.db #0xc3	; 195
   0249 83                  634 	.db #0x83	; 131
   024A 43                  635 	.db #0x43	; 67	'C'
   024B C3                  636 	.db #0xc3	; 195
   024C 43                  637 	.db #0x43	; 67	'C'
   024D C3                  638 	.db #0xc3	; 195
   024E 83                  639 	.db #0x83	; 131
   024F 43                  640 	.db #0x43	; 67	'C'
   0250 C3                  641 	.db #0xc3	; 195
   0251 43                  642 	.db #0x43	; 67	'C'
   0252 C3                  643 	.db #0xc3	; 195
   0253 83                  644 	.db #0x83	; 131
   0254 43                  645 	.db #0x43	; 67	'C'
   0255 C3                  646 	.db #0xc3	; 195
   0256 43                  647 	.db #0x43	; 67	'C'
   0257 C3                  648 	.db #0xc3	; 195
   0258 83                  649 	.db #0x83	; 131
   0259 43                  650 	.db #0x43	; 67	'C'
   025A C3                  651 	.db #0xc3	; 195
   025B 43                  652 	.db #0x43	; 67	'C'
   025C C3                  653 	.db #0xc3	; 195
   025D 83                  654 	.db #0x83	; 131
   025E 43                  655 	.db #0x43	; 67	'C'
   025F C3                  656 	.db #0xc3	; 195
   0260 43                  657 	.db #0x43	; 67	'C'
   0261 C3                  658 	.db #0xc3	; 195
   0262 83                  659 	.db #0x83	; 131
   0263 43                  660 	.db #0x43	; 67	'C'
   0264 C3                  661 	.db #0xc3	; 195
   0265 43                  662 	.db #0x43	; 67	'C'
   0266 C3                  663 	.db #0xc3	; 195
   0267 83                  664 	.db #0x83	; 131
   0268 43                  665 	.db #0x43	; 67	'C'
   0269 C3                  666 	.db #0xc3	; 195
   026A 83                  667 	.db #0x83	; 131
   026B C3                  668 	.db #0xc3	; 195
   026C 83                  669 	.db #0x83	; 131
   026D 43                  670 	.db #0x43	; 67	'C'
   026E C3                  671 	.db #0xc3	; 195
   026F 83                  672 	.db #0x83	; 131
   0270 C3                  673 	.db #0xc3	; 195
   0271 83                  674 	.db #0x83	; 131
   0272 43                  675 	.db #0x43	; 67	'C'
   0273 C3                  676 	.db #0xc3	; 195
   0274 83                  677 	.db #0x83	; 131
   0275 C3                  678 	.db #0xc3	; 195
   0276 83                  679 	.db #0x83	; 131
   0277 43                  680 	.db #0x43	; 67	'C'
   0278 C3                  681 	.db #0xc3	; 195
   0279 83                  682 	.db #0x83	; 131
   027A C3                  683 	.db #0xc3	; 195
   027B 83                  684 	.db #0x83	; 131
   027C 43                  685 	.db #0x43	; 67	'C'
   027D C3                  686 	.db #0xc3	; 195
   027E 83                  687 	.db #0x83	; 131
   027F C3                  688 	.db #0xc3	; 195
   0280 83                  689 	.db #0x83	; 131
   0281 43                  690 	.db #0x43	; 67	'C'
   0282 C3                  691 	.db #0xc3	; 195
   0283 83                  692 	.db #0x83	; 131
   0284 C3                  693 	.db #0xc3	; 195
   0285 83                  694 	.db #0x83	; 131
   0286 43                  695 	.db #0x43	; 67	'C'
   0287 C3                  696 	.db #0xc3	; 195
   0288 83                  697 	.db #0x83	; 131
   0289 C3                  698 	.db #0xc3	; 195
   028A 83                  699 	.db #0x83	; 131
   028B 43                  700 	.db #0x43	; 67	'C'
   028C C3                  701 	.db #0xc3	; 195
   028D 83                  702 	.db #0x83	; 131
   028E C3                  703 	.db #0xc3	; 195
   028F 83                  704 	.db #0x83	; 131
   0290 43                  705 	.db #0x43	; 67	'C'
   0291 C3                  706 	.db #0xc3	; 195
   0292 C3                  707 	.db #0xc3	; 195
   0293 43                  708 	.db #0x43	; 67	'C'
   0294 83                  709 	.db #0x83	; 131
   0295 43                  710 	.db #0x43	; 67	'C'
   0296 C3                  711 	.db #0xc3	; 195
   0297 C3                  712 	.db #0xc3	; 195
   0298 43                  713 	.db #0x43	; 67	'C'
   0299 83                  714 	.db #0x83	; 131
   029A 43                  715 	.db #0x43	; 67	'C'
   029B C3                  716 	.db #0xc3	; 195
   029C C3                  717 	.db #0xc3	; 195
   029D 43                  718 	.db #0x43	; 67	'C'
   029E 83                  719 	.db #0x83	; 131
   029F 43                  720 	.db #0x43	; 67	'C'
   02A0 C3                  721 	.db #0xc3	; 195
   02A1 C3                  722 	.db #0xc3	; 195
   02A2 43                  723 	.db #0x43	; 67	'C'
   02A3 83                  724 	.db #0x83	; 131
   02A4 43                  725 	.db #0x43	; 67	'C'
   02A5 C3                  726 	.db #0xc3	; 195
   02A6 C3                  727 	.db #0xc3	; 195
   02A7 43                  728 	.db #0x43	; 67	'C'
   02A8 83                  729 	.db #0x83	; 131
   02A9 43                  730 	.db #0x43	; 67	'C'
   02AA C3                  731 	.db #0xc3	; 195
   02AB C3                  732 	.db #0xc3	; 195
   02AC 43                  733 	.db #0x43	; 67	'C'
   02AD 83                  734 	.db #0x83	; 131
   02AE 43                  735 	.db #0x43	; 67	'C'
   02AF C3                  736 	.db #0xc3	; 195
   02B0 C3                  737 	.db #0xc3	; 195
   02B1 43                  738 	.db #0x43	; 67	'C'
   02B2 83                  739 	.db #0x83	; 131
   02B3 43                  740 	.db #0x43	; 67	'C'
   02B4 C3                  741 	.db #0xc3	; 195
   02B5 C3                  742 	.db #0xc3	; 195
   02B6 43                  743 	.db #0x43	; 67	'C'
   02B7 83                  744 	.db #0x83	; 131
   02B8 43                  745 	.db #0x43	; 67	'C'
   02B9 43                  746 	.db #0x43	; 67	'C'
   02BA C3                  747 	.db #0xc3	; 195
   02BB 83                  748 	.db #0x83	; 131
   02BC 83                  749 	.db #0x83	; 131
   02BD 43                  750 	.db #0x43	; 67	'C'
   02BE 43                  751 	.db #0x43	; 67	'C'
   02BF C3                  752 	.db #0xc3	; 195
   02C0 83                  753 	.db #0x83	; 131
   02C1 83                  754 	.db #0x83	; 131
   02C2 43                  755 	.db #0x43	; 67	'C'
   02C3 43                  756 	.db #0x43	; 67	'C'
   02C4 C3                  757 	.db #0xc3	; 195
   02C5 83                  758 	.db #0x83	; 131
   02C6 83                  759 	.db #0x83	; 131
   02C7 43                  760 	.db #0x43	; 67	'C'
   02C8 43                  761 	.db #0x43	; 67	'C'
   02C9 C3                  762 	.db #0xc3	; 195
   02CA 83                  763 	.db #0x83	; 131
   02CB 83                  764 	.db #0x83	; 131
   02CC 43                  765 	.db #0x43	; 67	'C'
   02CD 43                  766 	.db #0x43	; 67	'C'
   02CE C3                  767 	.db #0xc3	; 195
   02CF 83                  768 	.db #0x83	; 131
   02D0 83                  769 	.db #0x83	; 131
   02D1 43                  770 	.db #0x43	; 67	'C'
   02D2 43                  771 	.db #0x43	; 67	'C'
   02D3 C3                  772 	.db #0xc3	; 195
   02D4 83                  773 	.db #0x83	; 131
   02D5 83                  774 	.db #0x83	; 131
   02D6 43                  775 	.db #0x43	; 67	'C'
   02D7 43                  776 	.db #0x43	; 67	'C'
   02D8 C3                  777 	.db #0xc3	; 195
   02D9 83                  778 	.db #0x83	; 131
   02DA 83                  779 	.db #0x83	; 131
   02DB 43                  780 	.db #0x43	; 67	'C'
   02DC 43                  781 	.db #0x43	; 67	'C'
   02DD C3                  782 	.db #0xc3	; 195
   02DE 83                  783 	.db #0x83	; 131
   02DF 83                  784 	.db #0x83	; 131
   02E0 43                  785 	.db #0x43	; 67	'C'
   02E1 C3                  786 	.db #0xc3	; 195
   02E2 C3                  787 	.db #0xc3	; 195
   02E3 C3                  788 	.db #0xc3	; 195
   02E4 03                  789 	.db #0x03	; 3
   02E5 43                  790 	.db #0x43	; 67	'C'
   02E6 C3                  791 	.db #0xc3	; 195
   02E7 C3                  792 	.db #0xc3	; 195
   02E8 C3                  793 	.db #0xc3	; 195
   02E9 03                  794 	.db #0x03	; 3
   02EA 43                  795 	.db #0x43	; 67	'C'
   02EB C3                  796 	.db #0xc3	; 195
   02EC C3                  797 	.db #0xc3	; 195
   02ED C3                  798 	.db #0xc3	; 195
   02EE 03                  799 	.db #0x03	; 3
   02EF 43                  800 	.db #0x43	; 67	'C'
   02F0 C3                  801 	.db #0xc3	; 195
   02F1 C3                  802 	.db #0xc3	; 195
   02F2 C3                  803 	.db #0xc3	; 195
   02F3 03                  804 	.db #0x03	; 3
   02F4 43                  805 	.db #0x43	; 67	'C'
   02F5 C3                  806 	.db #0xc3	; 195
   02F6 C3                  807 	.db #0xc3	; 195
   02F7 C3                  808 	.db #0xc3	; 195
   02F8 03                  809 	.db #0x03	; 3
   02F9 43                  810 	.db #0x43	; 67	'C'
   02FA C3                  811 	.db #0xc3	; 195
   02FB C3                  812 	.db #0xc3	; 195
   02FC C3                  813 	.db #0xc3	; 195
   02FD 03                  814 	.db #0x03	; 3
   02FE 43                  815 	.db #0x43	; 67	'C'
   02FF C3                  816 	.db #0xc3	; 195
   0300 C3                  817 	.db #0xc3	; 195
   0301 C3                  818 	.db #0xc3	; 195
   0302 03                  819 	.db #0x03	; 3
   0303 43                  820 	.db #0x43	; 67	'C'
   0304 C3                  821 	.db #0xc3	; 195
   0305 C3                  822 	.db #0xc3	; 195
   0306 C3                  823 	.db #0xc3	; 195
   0307 03                  824 	.db #0x03	; 3
   0308 03                  825 	.db #0x03	; 3
   0309 03                  826 	.db #0x03	; 3
   030A 03                  827 	.db #0x03	; 3
   030B 03                  828 	.db #0x03	; 3
   030C 03                  829 	.db #0x03	; 3
   030D 03                  830 	.db #0x03	; 3
   030E 03                  831 	.db #0x03	; 3
   030F 03                  832 	.db #0x03	; 3
   0310 03                  833 	.db #0x03	; 3
   0311 03                  834 	.db #0x03	; 3
   0312 03                  835 	.db #0x03	; 3
   0313 03                  836 	.db #0x03	; 3
   0314 03                  837 	.db #0x03	; 3
   0315 03                  838 	.db #0x03	; 3
   0316 03                  839 	.db #0x03	; 3
   0317 03                  840 	.db #0x03	; 3
   0318 03                  841 	.db #0x03	; 3
   0319 03                  842 	.db #0x03	; 3
   031A 03                  843 	.db #0x03	; 3
   031B 03                  844 	.db #0x03	; 3
   031C 03                  845 	.db #0x03	; 3
   031D 03                  846 	.db #0x03	; 3
   031E 03                  847 	.db #0x03	; 3
   031F 03                  848 	.db #0x03	; 3
   0320 03                  849 	.db #0x03	; 3
   0321 03                  850 	.db #0x03	; 3
   0322 03                  851 	.db #0x03	; 3
   0323 03                  852 	.db #0x03	; 3
   0324 03                  853 	.db #0x03	; 3
   0325 03                  854 	.db #0x03	; 3
   0326 03                  855 	.db #0x03	; 3
   0327 03                  856 	.db #0x03	; 3
   0328 03                  857 	.db #0x03	; 3
   0329 03                  858 	.db #0x03	; 3
   032A 03                  859 	.db #0x03	; 3
   032B 03                  860 	.db #0x03	; 3
   032C 03                  861 	.db #0x03	; 3
   032D 03                  862 	.db #0x03	; 3
   032E 03                  863 	.db #0x03	; 3
   032F 03                  864 	.db #0x03	; 3
                            865 	.area _INITIALIZER
                            866 	.area _CABS (ABS)
