                              1 ;--------------------------------------------------------
                              2 ; File Created by SDCC : free open source ANSI-C Compiler
                              3 ; Version 3.6.8 #9946 (Linux)
                              4 ;--------------------------------------------------------
                              5 	.module floor_ceiling
                              6 	.optsdcc -mz80
                              7 	
                              8 ;--------------------------------------------------------
                              9 ; Public variables in this module
                             10 ;--------------------------------------------------------
                             11 	.globl _floor_ceiling_sp_4
                             12 	.globl _floor_ceiling_sp_3
                             13 	.globl _floor_ceiling_sp_2
                             14 	.globl _floor_ceiling_sp_1
                             15 	.globl _floor_ceiling_sp_0
                             16 	.globl _floor_ceiling_pal
                             17 ;--------------------------------------------------------
                             18 ; special function registers
                             19 ;--------------------------------------------------------
                             20 ;--------------------------------------------------------
                             21 ; ram data
                             22 ;--------------------------------------------------------
                             23 	.area _DATA
                             24 ;--------------------------------------------------------
                             25 ; ram data
                             26 ;--------------------------------------------------------
                             27 	.area _INITIALIZED
                             28 ;--------------------------------------------------------
                             29 ; absolute external ram data
                             30 ;--------------------------------------------------------
                             31 	.area _DABS (ABS)
                             32 ;--------------------------------------------------------
                             33 ; global & static initialisations
                             34 ;--------------------------------------------------------
                             35 	.area _HOME
                             36 	.area _GSINIT
                             37 	.area _GSFINAL
                             38 	.area _GSINIT
                             39 ;--------------------------------------------------------
                             40 ; Home
                             41 ;--------------------------------------------------------
                             42 	.area _HOME
                             43 	.area _HOME
                             44 ;--------------------------------------------------------
                             45 ; code
                             46 ;--------------------------------------------------------
                             47 	.area _CODE
                             48 	.area _CODE
   0000                      49 _floor_ceiling_pal:
   0000 54                   50 	.db #0x54	; 84	'T'
   0001 44                   51 	.db #0x44	; 68	'D'
   0002 55                   52 	.db #0x55	; 85	'U'
   0003 5C                   53 	.db #0x5c	; 92
   0004 4C                   54 	.db #0x4c	; 76	'L'
   0005 56                   55 	.db #0x56	; 86	'V'
   0006 57                   56 	.db #0x57	; 87	'W'
   0007 5E                   57 	.db #0x5e	; 94
   0008 40                   58 	.db #0x40	; 64
   0009 5F                   59 	.db #0x5f	; 95
   000A 4E                   60 	.db #0x4e	; 78	'N'
   000B 52                   61 	.db #0x52	; 82	'R'
   000C 53                   62 	.db #0x53	; 83	'S'
   000D 4A                   63 	.db #0x4a	; 74	'J'
   000E 43                   64 	.db #0x43	; 67	'C'
   000F 4B                   65 	.db #0x4b	; 75	'K'
   0010                      66 _floor_ceiling_sp_0:
   0010 F0                   67 	.db #0xf0	; 240
   0011 F0                   68 	.db #0xf0	; 240
   0012 F0                   69 	.db #0xf0	; 240
   0013 F0                   70 	.db #0xf0	; 240
   0014 F0                   71 	.db #0xf0	; 240
   0015 F0                   72 	.db #0xf0	; 240
   0016 F0                   73 	.db #0xf0	; 240
   0017 F0                   74 	.db #0xf0	; 240
   0018 F0                   75 	.db #0xf0	; 240
   0019 F0                   76 	.db #0xf0	; 240
   001A F0                   77 	.db #0xf0	; 240
   001B F0                   78 	.db #0xf0	; 240
   001C F0                   79 	.db #0xf0	; 240
   001D F0                   80 	.db #0xf0	; 240
   001E F0                   81 	.db #0xf0	; 240
   001F F0                   82 	.db #0xf0	; 240
   0020 CF                   83 	.db #0xcf	; 207
   0021 CF                   84 	.db #0xcf	; 207
   0022 CF                   85 	.db #0xcf	; 207
   0023 DA                   86 	.db #0xda	; 218
   0024 F0                   87 	.db #0xf0	; 240
   0025 CF                   88 	.db #0xcf	; 207
   0026 CF                   89 	.db #0xcf	; 207
   0027 CF                   90 	.db #0xcf	; 207
   0028 DA                   91 	.db #0xda	; 218
   0029 F0                   92 	.db #0xf0	; 240
   002A CF                   93 	.db #0xcf	; 207
   002B CF                   94 	.db #0xcf	; 207
   002C CF                   95 	.db #0xcf	; 207
   002D DA                   96 	.db #0xda	; 218
   002E F0                   97 	.db #0xf0	; 240
   002F E5                   98 	.db #0xe5	; 229
   0030 E5                   99 	.db #0xe5	; 229
   0031 F0                  100 	.db #0xf0	; 240
   0032 DA                  101 	.db #0xda	; 218
   0033 F0                  102 	.db #0xf0	; 240
   0034 E5                  103 	.db #0xe5	; 229
   0035 E5                  104 	.db #0xe5	; 229
   0036 F0                  105 	.db #0xf0	; 240
   0037 DA                  106 	.db #0xda	; 218
   0038 F0                  107 	.db #0xf0	; 240
   0039 E5                  108 	.db #0xe5	; 229
   003A E5                  109 	.db #0xe5	; 229
   003B F0                  110 	.db #0xf0	; 240
   003C DA                  111 	.db #0xda	; 218
   003D E5                  112 	.db #0xe5	; 229
   003E F0                  113 	.db #0xf0	; 240
   003F CF                  114 	.db #0xcf	; 207
   0040 DA                  115 	.db #0xda	; 218
   0041 DA                  116 	.db #0xda	; 218
   0042 E5                  117 	.db #0xe5	; 229
   0043 F0                  118 	.db #0xf0	; 240
   0044 CF                  119 	.db #0xcf	; 207
   0045 DA                  120 	.db #0xda	; 218
   0046 DA                  121 	.db #0xda	; 218
   0047 E5                  122 	.db #0xe5	; 229
   0048 F0                  123 	.db #0xf0	; 240
   0049 CF                  124 	.db #0xcf	; 207
   004A DA                  125 	.db #0xda	; 218
   004B DA                  126 	.db #0xda	; 218
   004C E5                  127 	.db #0xe5	; 229
   004D DA                  128 	.db #0xda	; 218
   004E E5                  129 	.db #0xe5	; 229
   004F CF                  130 	.db #0xcf	; 207
   0050 DA                  131 	.db #0xda	; 218
   0051 E5                  132 	.db #0xe5	; 229
   0052 DA                  133 	.db #0xda	; 218
   0053 E5                  134 	.db #0xe5	; 229
   0054 CF                  135 	.db #0xcf	; 207
   0055 DA                  136 	.db #0xda	; 218
   0056 E5                  137 	.db #0xe5	; 229
   0057 DA                  138 	.db #0xda	; 218
   0058 E5                  139 	.db #0xe5	; 229
   0059 CF                  140 	.db #0xcf	; 207
   005A DA                  141 	.db #0xda	; 218
   005B E5                  142 	.db #0xe5	; 229
   005C CF                  143 	.db #0xcf	; 207
   005D F0                  144 	.db #0xf0	; 240
   005E E5                  145 	.db #0xe5	; 229
   005F DA                  146 	.db #0xda	; 218
   0060 E5                  147 	.db #0xe5	; 229
   0061 CF                  148 	.db #0xcf	; 207
   0062 F0                  149 	.db #0xf0	; 240
   0063 E5                  150 	.db #0xe5	; 229
   0064 DA                  151 	.db #0xda	; 218
   0065 E5                  152 	.db #0xe5	; 229
   0066 CF                  153 	.db #0xcf	; 207
   0067 F0                  154 	.db #0xf0	; 240
   0068 E5                  155 	.db #0xe5	; 229
   0069 DA                  156 	.db #0xda	; 218
   006A E5                  157 	.db #0xe5	; 229
   006B E5                  158 	.db #0xe5	; 229
   006C CF                  159 	.db #0xcf	; 207
   006D F0                  160 	.db #0xf0	; 240
   006E DA                  161 	.db #0xda	; 218
   006F E5                  162 	.db #0xe5	; 229
   0070 E5                  163 	.db #0xe5	; 229
   0071 CF                  164 	.db #0xcf	; 207
   0072 F0                  165 	.db #0xf0	; 240
   0073 DA                  166 	.db #0xda	; 218
   0074 E5                  167 	.db #0xe5	; 229
   0075 E5                  168 	.db #0xe5	; 229
   0076 CF                  169 	.db #0xcf	; 207
   0077 F0                  170 	.db #0xf0	; 240
   0078 DA                  171 	.db #0xda	; 218
   0079 E5                  172 	.db #0xe5	; 229
   007A F0                  173 	.db #0xf0	; 240
   007B DA                  174 	.db #0xda	; 218
   007C DA                  175 	.db #0xda	; 218
   007D F0                  176 	.db #0xf0	; 240
   007E E5                  177 	.db #0xe5	; 229
   007F F0                  178 	.db #0xf0	; 240
   0080 DA                  179 	.db #0xda	; 218
   0081 DA                  180 	.db #0xda	; 218
   0082 F0                  181 	.db #0xf0	; 240
   0083 E5                  182 	.db #0xe5	; 229
   0084 F0                  183 	.db #0xf0	; 240
   0085 DA                  184 	.db #0xda	; 218
   0086 DA                  185 	.db #0xda	; 218
   0087 F0                  186 	.db #0xf0	; 240
   0088 E5                  187 	.db #0xe5	; 229
   0089 CF                  188 	.db #0xcf	; 207
   008A CF                  189 	.db #0xcf	; 207
   008B CF                  190 	.db #0xcf	; 207
   008C F0                  191 	.db #0xf0	; 240
   008D E5                  192 	.db #0xe5	; 229
   008E CF                  193 	.db #0xcf	; 207
   008F CF                  194 	.db #0xcf	; 207
   0090 CF                  195 	.db #0xcf	; 207
   0091 F0                  196 	.db #0xf0	; 240
   0092 E5                  197 	.db #0xe5	; 229
   0093 CF                  198 	.db #0xcf	; 207
   0094 CF                  199 	.db #0xcf	; 207
   0095 CF                  200 	.db #0xcf	; 207
   0096 F0                  201 	.db #0xf0	; 240
   0097 F0                  202 	.db #0xf0	; 240
   0098 F0                  203 	.db #0xf0	; 240
   0099 F0                  204 	.db #0xf0	; 240
   009A F0                  205 	.db #0xf0	; 240
   009B F0                  206 	.db #0xf0	; 240
   009C F0                  207 	.db #0xf0	; 240
   009D F0                  208 	.db #0xf0	; 240
   009E F0                  209 	.db #0xf0	; 240
   009F F0                  210 	.db #0xf0	; 240
   00A0 F0                  211 	.db #0xf0	; 240
   00A1 F0                  212 	.db #0xf0	; 240
   00A2 F0                  213 	.db #0xf0	; 240
   00A3 F0                  214 	.db #0xf0	; 240
   00A4 F0                  215 	.db #0xf0	; 240
   00A5 F0                  216 	.db #0xf0	; 240
   00A6                     217 _floor_ceiling_sp_1:
   00A6 F0                  218 	.db #0xf0	; 240
   00A7 F0                  219 	.db #0xf0	; 240
   00A8 F0                  220 	.db #0xf0	; 240
   00A9 F0                  221 	.db #0xf0	; 240
   00AA F0                  222 	.db #0xf0	; 240
   00AB F0                  223 	.db #0xf0	; 240
   00AC F0                  224 	.db #0xf0	; 240
   00AD F0                  225 	.db #0xf0	; 240
   00AE F0                  226 	.db #0xf0	; 240
   00AF F0                  227 	.db #0xf0	; 240
   00B0 F0                  228 	.db #0xf0	; 240
   00B1 F0                  229 	.db #0xf0	; 240
   00B2 F0                  230 	.db #0xf0	; 240
   00B3 F0                  231 	.db #0xf0	; 240
   00B4 F0                  232 	.db #0xf0	; 240
   00B5 F0                  233 	.db #0xf0	; 240
   00B6 CF                  234 	.db #0xcf	; 207
   00B7 CF                  235 	.db #0xcf	; 207
   00B8 CF                  236 	.db #0xcf	; 207
   00B9 DA                  237 	.db #0xda	; 218
   00BA F0                  238 	.db #0xf0	; 240
   00BB CF                  239 	.db #0xcf	; 207
   00BC CF                  240 	.db #0xcf	; 207
   00BD CF                  241 	.db #0xcf	; 207
   00BE DA                  242 	.db #0xda	; 218
   00BF F0                  243 	.db #0xf0	; 240
   00C0 CF                  244 	.db #0xcf	; 207
   00C1 CF                  245 	.db #0xcf	; 207
   00C2 CF                  246 	.db #0xcf	; 207
   00C3 DA                  247 	.db #0xda	; 218
   00C4 F0                  248 	.db #0xf0	; 240
   00C5 E5                  249 	.db #0xe5	; 229
   00C6 E5                  250 	.db #0xe5	; 229
   00C7 F0                  251 	.db #0xf0	; 240
   00C8 DA                  252 	.db #0xda	; 218
   00C9 F0                  253 	.db #0xf0	; 240
   00CA E5                  254 	.db #0xe5	; 229
   00CB E5                  255 	.db #0xe5	; 229
   00CC F0                  256 	.db #0xf0	; 240
   00CD DA                  257 	.db #0xda	; 218
   00CE F0                  258 	.db #0xf0	; 240
   00CF E5                  259 	.db #0xe5	; 229
   00D0 E5                  260 	.db #0xe5	; 229
   00D1 F0                  261 	.db #0xf0	; 240
   00D2 DA                  262 	.db #0xda	; 218
   00D3 E5                  263 	.db #0xe5	; 229
   00D4 F0                  264 	.db #0xf0	; 240
   00D5 CF                  265 	.db #0xcf	; 207
   00D6 DA                  266 	.db #0xda	; 218
   00D7 DA                  267 	.db #0xda	; 218
   00D8 E5                  268 	.db #0xe5	; 229
   00D9 F0                  269 	.db #0xf0	; 240
   00DA CF                  270 	.db #0xcf	; 207
   00DB DA                  271 	.db #0xda	; 218
   00DC DA                  272 	.db #0xda	; 218
   00DD E5                  273 	.db #0xe5	; 229
   00DE F0                  274 	.db #0xf0	; 240
   00DF CF                  275 	.db #0xcf	; 207
   00E0 DA                  276 	.db #0xda	; 218
   00E1 DA                  277 	.db #0xda	; 218
   00E2 E5                  278 	.db #0xe5	; 229
   00E3 DA                  279 	.db #0xda	; 218
   00E4 E5                  280 	.db #0xe5	; 229
   00E5 CF                  281 	.db #0xcf	; 207
   00E6 DA                  282 	.db #0xda	; 218
   00E7 E5                  283 	.db #0xe5	; 229
   00E8 DA                  284 	.db #0xda	; 218
   00E9 E5                  285 	.db #0xe5	; 229
   00EA CF                  286 	.db #0xcf	; 207
   00EB DA                  287 	.db #0xda	; 218
   00EC E5                  288 	.db #0xe5	; 229
   00ED DA                  289 	.db #0xda	; 218
   00EE E5                  290 	.db #0xe5	; 229
   00EF CF                  291 	.db #0xcf	; 207
   00F0 DA                  292 	.db #0xda	; 218
   00F1 E5                  293 	.db #0xe5	; 229
   00F2 CF                  294 	.db #0xcf	; 207
   00F3 F0                  295 	.db #0xf0	; 240
   00F4 E5                  296 	.db #0xe5	; 229
   00F5 DA                  297 	.db #0xda	; 218
   00F6 E5                  298 	.db #0xe5	; 229
   00F7 CF                  299 	.db #0xcf	; 207
   00F8 F0                  300 	.db #0xf0	; 240
   00F9 E5                  301 	.db #0xe5	; 229
   00FA DA                  302 	.db #0xda	; 218
   00FB E5                  303 	.db #0xe5	; 229
   00FC CF                  304 	.db #0xcf	; 207
   00FD F0                  305 	.db #0xf0	; 240
   00FE E5                  306 	.db #0xe5	; 229
   00FF DA                  307 	.db #0xda	; 218
   0100 E5                  308 	.db #0xe5	; 229
   0101 E5                  309 	.db #0xe5	; 229
   0102 CF                  310 	.db #0xcf	; 207
   0103 F0                  311 	.db #0xf0	; 240
   0104 DA                  312 	.db #0xda	; 218
   0105 E5                  313 	.db #0xe5	; 229
   0106 E5                  314 	.db #0xe5	; 229
   0107 CF                  315 	.db #0xcf	; 207
   0108 F0                  316 	.db #0xf0	; 240
   0109 DA                  317 	.db #0xda	; 218
   010A E5                  318 	.db #0xe5	; 229
   010B E5                  319 	.db #0xe5	; 229
   010C CF                  320 	.db #0xcf	; 207
   010D F0                  321 	.db #0xf0	; 240
   010E DA                  322 	.db #0xda	; 218
   010F E5                  323 	.db #0xe5	; 229
   0110 F0                  324 	.db #0xf0	; 240
   0111 DA                  325 	.db #0xda	; 218
   0112 DA                  326 	.db #0xda	; 218
   0113 F0                  327 	.db #0xf0	; 240
   0114 E5                  328 	.db #0xe5	; 229
   0115 F0                  329 	.db #0xf0	; 240
   0116 DA                  330 	.db #0xda	; 218
   0117 DA                  331 	.db #0xda	; 218
   0118 F0                  332 	.db #0xf0	; 240
   0119 E5                  333 	.db #0xe5	; 229
   011A F0                  334 	.db #0xf0	; 240
   011B DA                  335 	.db #0xda	; 218
   011C DA                  336 	.db #0xda	; 218
   011D F0                  337 	.db #0xf0	; 240
   011E E5                  338 	.db #0xe5	; 229
   011F CF                  339 	.db #0xcf	; 207
   0120 CF                  340 	.db #0xcf	; 207
   0121 CF                  341 	.db #0xcf	; 207
   0122 F0                  342 	.db #0xf0	; 240
   0123 E5                  343 	.db #0xe5	; 229
   0124 CF                  344 	.db #0xcf	; 207
   0125 CF                  345 	.db #0xcf	; 207
   0126 CF                  346 	.db #0xcf	; 207
   0127 F0                  347 	.db #0xf0	; 240
   0128 E5                  348 	.db #0xe5	; 229
   0129 CF                  349 	.db #0xcf	; 207
   012A CF                  350 	.db #0xcf	; 207
   012B CF                  351 	.db #0xcf	; 207
   012C F0                  352 	.db #0xf0	; 240
   012D F0                  353 	.db #0xf0	; 240
   012E F0                  354 	.db #0xf0	; 240
   012F F0                  355 	.db #0xf0	; 240
   0130 F0                  356 	.db #0xf0	; 240
   0131 F0                  357 	.db #0xf0	; 240
   0132 F0                  358 	.db #0xf0	; 240
   0133 F0                  359 	.db #0xf0	; 240
   0134 F0                  360 	.db #0xf0	; 240
   0135 F0                  361 	.db #0xf0	; 240
   0136 F0                  362 	.db #0xf0	; 240
   0137 F0                  363 	.db #0xf0	; 240
   0138 F0                  364 	.db #0xf0	; 240
   0139 F0                  365 	.db #0xf0	; 240
   013A F0                  366 	.db #0xf0	; 240
   013B F0                  367 	.db #0xf0	; 240
   013C                     368 _floor_ceiling_sp_2:
   013C F0                  369 	.db #0xf0	; 240
   013D F0                  370 	.db #0xf0	; 240
   013E F0                  371 	.db #0xf0	; 240
   013F F0                  372 	.db #0xf0	; 240
   0140 F0                  373 	.db #0xf0	; 240
   0141 F0                  374 	.db #0xf0	; 240
   0142 F0                  375 	.db #0xf0	; 240
   0143 F0                  376 	.db #0xf0	; 240
   0144 F0                  377 	.db #0xf0	; 240
   0145 F0                  378 	.db #0xf0	; 240
   0146 F0                  379 	.db #0xf0	; 240
   0147 F0                  380 	.db #0xf0	; 240
   0148 F0                  381 	.db #0xf0	; 240
   0149 F0                  382 	.db #0xf0	; 240
   014A F0                  383 	.db #0xf0	; 240
   014B F0                  384 	.db #0xf0	; 240
   014C CF                  385 	.db #0xcf	; 207
   014D CF                  386 	.db #0xcf	; 207
   014E CF                  387 	.db #0xcf	; 207
   014F DA                  388 	.db #0xda	; 218
   0150 F0                  389 	.db #0xf0	; 240
   0151 CF                  390 	.db #0xcf	; 207
   0152 CF                  391 	.db #0xcf	; 207
   0153 CF                  392 	.db #0xcf	; 207
   0154 DA                  393 	.db #0xda	; 218
   0155 F0                  394 	.db #0xf0	; 240
   0156 CF                  395 	.db #0xcf	; 207
   0157 CF                  396 	.db #0xcf	; 207
   0158 CF                  397 	.db #0xcf	; 207
   0159 DA                  398 	.db #0xda	; 218
   015A F0                  399 	.db #0xf0	; 240
   015B E5                  400 	.db #0xe5	; 229
   015C E5                  401 	.db #0xe5	; 229
   015D F0                  402 	.db #0xf0	; 240
   015E DA                  403 	.db #0xda	; 218
   015F F0                  404 	.db #0xf0	; 240
   0160 E5                  405 	.db #0xe5	; 229
   0161 E5                  406 	.db #0xe5	; 229
   0162 F0                  407 	.db #0xf0	; 240
   0163 DA                  408 	.db #0xda	; 218
   0164 F0                  409 	.db #0xf0	; 240
   0165 E5                  410 	.db #0xe5	; 229
   0166 E5                  411 	.db #0xe5	; 229
   0167 F0                  412 	.db #0xf0	; 240
   0168 DA                  413 	.db #0xda	; 218
   0169 E5                  414 	.db #0xe5	; 229
   016A F0                  415 	.db #0xf0	; 240
   016B CF                  416 	.db #0xcf	; 207
   016C DA                  417 	.db #0xda	; 218
   016D DA                  418 	.db #0xda	; 218
   016E E5                  419 	.db #0xe5	; 229
   016F F0                  420 	.db #0xf0	; 240
   0170 CF                  421 	.db #0xcf	; 207
   0171 DA                  422 	.db #0xda	; 218
   0172 DA                  423 	.db #0xda	; 218
   0173 E5                  424 	.db #0xe5	; 229
   0174 F0                  425 	.db #0xf0	; 240
   0175 CF                  426 	.db #0xcf	; 207
   0176 DA                  427 	.db #0xda	; 218
   0177 DA                  428 	.db #0xda	; 218
   0178 E5                  429 	.db #0xe5	; 229
   0179 DA                  430 	.db #0xda	; 218
   017A E5                  431 	.db #0xe5	; 229
   017B CF                  432 	.db #0xcf	; 207
   017C DA                  433 	.db #0xda	; 218
   017D E5                  434 	.db #0xe5	; 229
   017E DA                  435 	.db #0xda	; 218
   017F E5                  436 	.db #0xe5	; 229
   0180 CF                  437 	.db #0xcf	; 207
   0181 DA                  438 	.db #0xda	; 218
   0182 E5                  439 	.db #0xe5	; 229
   0183 DA                  440 	.db #0xda	; 218
   0184 E5                  441 	.db #0xe5	; 229
   0185 CF                  442 	.db #0xcf	; 207
   0186 DA                  443 	.db #0xda	; 218
   0187 E5                  444 	.db #0xe5	; 229
   0188 CF                  445 	.db #0xcf	; 207
   0189 F0                  446 	.db #0xf0	; 240
   018A E5                  447 	.db #0xe5	; 229
   018B DA                  448 	.db #0xda	; 218
   018C E5                  449 	.db #0xe5	; 229
   018D CF                  450 	.db #0xcf	; 207
   018E F0                  451 	.db #0xf0	; 240
   018F E5                  452 	.db #0xe5	; 229
   0190 DA                  453 	.db #0xda	; 218
   0191 E5                  454 	.db #0xe5	; 229
   0192 CF                  455 	.db #0xcf	; 207
   0193 F0                  456 	.db #0xf0	; 240
   0194 E5                  457 	.db #0xe5	; 229
   0195 DA                  458 	.db #0xda	; 218
   0196 E5                  459 	.db #0xe5	; 229
   0197 E5                  460 	.db #0xe5	; 229
   0198 CF                  461 	.db #0xcf	; 207
   0199 F0                  462 	.db #0xf0	; 240
   019A DA                  463 	.db #0xda	; 218
   019B E5                  464 	.db #0xe5	; 229
   019C E5                  465 	.db #0xe5	; 229
   019D CF                  466 	.db #0xcf	; 207
   019E F0                  467 	.db #0xf0	; 240
   019F DA                  468 	.db #0xda	; 218
   01A0 E5                  469 	.db #0xe5	; 229
   01A1 E5                  470 	.db #0xe5	; 229
   01A2 CF                  471 	.db #0xcf	; 207
   01A3 F0                  472 	.db #0xf0	; 240
   01A4 DA                  473 	.db #0xda	; 218
   01A5 E5                  474 	.db #0xe5	; 229
   01A6 F0                  475 	.db #0xf0	; 240
   01A7 DA                  476 	.db #0xda	; 218
   01A8 DA                  477 	.db #0xda	; 218
   01A9 F0                  478 	.db #0xf0	; 240
   01AA E5                  479 	.db #0xe5	; 229
   01AB F0                  480 	.db #0xf0	; 240
   01AC DA                  481 	.db #0xda	; 218
   01AD DA                  482 	.db #0xda	; 218
   01AE F0                  483 	.db #0xf0	; 240
   01AF E5                  484 	.db #0xe5	; 229
   01B0 F0                  485 	.db #0xf0	; 240
   01B1 DA                  486 	.db #0xda	; 218
   01B2 DA                  487 	.db #0xda	; 218
   01B3 F0                  488 	.db #0xf0	; 240
   01B4 E5                  489 	.db #0xe5	; 229
   01B5 CF                  490 	.db #0xcf	; 207
   01B6 CF                  491 	.db #0xcf	; 207
   01B7 CF                  492 	.db #0xcf	; 207
   01B8 F0                  493 	.db #0xf0	; 240
   01B9 E5                  494 	.db #0xe5	; 229
   01BA CF                  495 	.db #0xcf	; 207
   01BB CF                  496 	.db #0xcf	; 207
   01BC CF                  497 	.db #0xcf	; 207
   01BD F0                  498 	.db #0xf0	; 240
   01BE E5                  499 	.db #0xe5	; 229
   01BF CF                  500 	.db #0xcf	; 207
   01C0 CF                  501 	.db #0xcf	; 207
   01C1 CF                  502 	.db #0xcf	; 207
   01C2 F0                  503 	.db #0xf0	; 240
   01C3 F0                  504 	.db #0xf0	; 240
   01C4 F0                  505 	.db #0xf0	; 240
   01C5 F0                  506 	.db #0xf0	; 240
   01C6 F0                  507 	.db #0xf0	; 240
   01C7 F0                  508 	.db #0xf0	; 240
   01C8 F0                  509 	.db #0xf0	; 240
   01C9 F0                  510 	.db #0xf0	; 240
   01CA F0                  511 	.db #0xf0	; 240
   01CB F0                  512 	.db #0xf0	; 240
   01CC F0                  513 	.db #0xf0	; 240
   01CD F0                  514 	.db #0xf0	; 240
   01CE F0                  515 	.db #0xf0	; 240
   01CF F0                  516 	.db #0xf0	; 240
   01D0 F0                  517 	.db #0xf0	; 240
   01D1 F0                  518 	.db #0xf0	; 240
   01D2                     519 _floor_ceiling_sp_3:
   01D2 F0                  520 	.db #0xf0	; 240
   01D3 F0                  521 	.db #0xf0	; 240
   01D4 F0                  522 	.db #0xf0	; 240
   01D5 F0                  523 	.db #0xf0	; 240
   01D6 F0                  524 	.db #0xf0	; 240
   01D7 F0                  525 	.db #0xf0	; 240
   01D8 F0                  526 	.db #0xf0	; 240
   01D9 F0                  527 	.db #0xf0	; 240
   01DA F0                  528 	.db #0xf0	; 240
   01DB F0                  529 	.db #0xf0	; 240
   01DC F0                  530 	.db #0xf0	; 240
   01DD F0                  531 	.db #0xf0	; 240
   01DE F0                  532 	.db #0xf0	; 240
   01DF F0                  533 	.db #0xf0	; 240
   01E0 F0                  534 	.db #0xf0	; 240
   01E1 F0                  535 	.db #0xf0	; 240
   01E2 CF                  536 	.db #0xcf	; 207
   01E3 CF                  537 	.db #0xcf	; 207
   01E4 CF                  538 	.db #0xcf	; 207
   01E5 DA                  539 	.db #0xda	; 218
   01E6 F0                  540 	.db #0xf0	; 240
   01E7 CF                  541 	.db #0xcf	; 207
   01E8 CF                  542 	.db #0xcf	; 207
   01E9 CF                  543 	.db #0xcf	; 207
   01EA DA                  544 	.db #0xda	; 218
   01EB F0                  545 	.db #0xf0	; 240
   01EC CF                  546 	.db #0xcf	; 207
   01ED CF                  547 	.db #0xcf	; 207
   01EE CF                  548 	.db #0xcf	; 207
   01EF DA                  549 	.db #0xda	; 218
   01F0 F0                  550 	.db #0xf0	; 240
   01F1 E5                  551 	.db #0xe5	; 229
   01F2 E5                  552 	.db #0xe5	; 229
   01F3 F0                  553 	.db #0xf0	; 240
   01F4 DA                  554 	.db #0xda	; 218
   01F5 F0                  555 	.db #0xf0	; 240
   01F6 E5                  556 	.db #0xe5	; 229
   01F7 E5                  557 	.db #0xe5	; 229
   01F8 F0                  558 	.db #0xf0	; 240
   01F9 DA                  559 	.db #0xda	; 218
   01FA F0                  560 	.db #0xf0	; 240
   01FB E5                  561 	.db #0xe5	; 229
   01FC E5                  562 	.db #0xe5	; 229
   01FD F0                  563 	.db #0xf0	; 240
   01FE DA                  564 	.db #0xda	; 218
   01FF E5                  565 	.db #0xe5	; 229
   0200 F0                  566 	.db #0xf0	; 240
   0201 CF                  567 	.db #0xcf	; 207
   0202 DA                  568 	.db #0xda	; 218
   0203 DA                  569 	.db #0xda	; 218
   0204 E5                  570 	.db #0xe5	; 229
   0205 F0                  571 	.db #0xf0	; 240
   0206 CF                  572 	.db #0xcf	; 207
   0207 DA                  573 	.db #0xda	; 218
   0208 DA                  574 	.db #0xda	; 218
   0209 E5                  575 	.db #0xe5	; 229
   020A F0                  576 	.db #0xf0	; 240
   020B CF                  577 	.db #0xcf	; 207
   020C DA                  578 	.db #0xda	; 218
   020D DA                  579 	.db #0xda	; 218
   020E E5                  580 	.db #0xe5	; 229
   020F DA                  581 	.db #0xda	; 218
   0210 E5                  582 	.db #0xe5	; 229
   0211 CF                  583 	.db #0xcf	; 207
   0212 DA                  584 	.db #0xda	; 218
   0213 E5                  585 	.db #0xe5	; 229
   0214 DA                  586 	.db #0xda	; 218
   0215 E5                  587 	.db #0xe5	; 229
   0216 CF                  588 	.db #0xcf	; 207
   0217 DA                  589 	.db #0xda	; 218
   0218 E5                  590 	.db #0xe5	; 229
   0219 DA                  591 	.db #0xda	; 218
   021A E5                  592 	.db #0xe5	; 229
   021B CF                  593 	.db #0xcf	; 207
   021C DA                  594 	.db #0xda	; 218
   021D E5                  595 	.db #0xe5	; 229
   021E CF                  596 	.db #0xcf	; 207
   021F F0                  597 	.db #0xf0	; 240
   0220 E5                  598 	.db #0xe5	; 229
   0221 DA                  599 	.db #0xda	; 218
   0222 E5                  600 	.db #0xe5	; 229
   0223 CF                  601 	.db #0xcf	; 207
   0224 F0                  602 	.db #0xf0	; 240
   0225 E5                  603 	.db #0xe5	; 229
   0226 DA                  604 	.db #0xda	; 218
   0227 E5                  605 	.db #0xe5	; 229
   0228 CF                  606 	.db #0xcf	; 207
   0229 F0                  607 	.db #0xf0	; 240
   022A E5                  608 	.db #0xe5	; 229
   022B DA                  609 	.db #0xda	; 218
   022C E5                  610 	.db #0xe5	; 229
   022D E5                  611 	.db #0xe5	; 229
   022E CF                  612 	.db #0xcf	; 207
   022F F0                  613 	.db #0xf0	; 240
   0230 DA                  614 	.db #0xda	; 218
   0231 E5                  615 	.db #0xe5	; 229
   0232 E5                  616 	.db #0xe5	; 229
   0233 CF                  617 	.db #0xcf	; 207
   0234 F0                  618 	.db #0xf0	; 240
   0235 DA                  619 	.db #0xda	; 218
   0236 E5                  620 	.db #0xe5	; 229
   0237 E5                  621 	.db #0xe5	; 229
   0238 CF                  622 	.db #0xcf	; 207
   0239 F0                  623 	.db #0xf0	; 240
   023A DA                  624 	.db #0xda	; 218
   023B E5                  625 	.db #0xe5	; 229
   023C F0                  626 	.db #0xf0	; 240
   023D DA                  627 	.db #0xda	; 218
   023E DA                  628 	.db #0xda	; 218
   023F F0                  629 	.db #0xf0	; 240
   0240 E5                  630 	.db #0xe5	; 229
   0241 F0                  631 	.db #0xf0	; 240
   0242 DA                  632 	.db #0xda	; 218
   0243 DA                  633 	.db #0xda	; 218
   0244 F0                  634 	.db #0xf0	; 240
   0245 E5                  635 	.db #0xe5	; 229
   0246 F0                  636 	.db #0xf0	; 240
   0247 DA                  637 	.db #0xda	; 218
   0248 DA                  638 	.db #0xda	; 218
   0249 F0                  639 	.db #0xf0	; 240
   024A E5                  640 	.db #0xe5	; 229
   024B CF                  641 	.db #0xcf	; 207
   024C CF                  642 	.db #0xcf	; 207
   024D CF                  643 	.db #0xcf	; 207
   024E F0                  644 	.db #0xf0	; 240
   024F E5                  645 	.db #0xe5	; 229
   0250 CF                  646 	.db #0xcf	; 207
   0251 CF                  647 	.db #0xcf	; 207
   0252 CF                  648 	.db #0xcf	; 207
   0253 F0                  649 	.db #0xf0	; 240
   0254 E5                  650 	.db #0xe5	; 229
   0255 CF                  651 	.db #0xcf	; 207
   0256 CF                  652 	.db #0xcf	; 207
   0257 CF                  653 	.db #0xcf	; 207
   0258 F0                  654 	.db #0xf0	; 240
   0259 F0                  655 	.db #0xf0	; 240
   025A F0                  656 	.db #0xf0	; 240
   025B F0                  657 	.db #0xf0	; 240
   025C F0                  658 	.db #0xf0	; 240
   025D F0                  659 	.db #0xf0	; 240
   025E F0                  660 	.db #0xf0	; 240
   025F F0                  661 	.db #0xf0	; 240
   0260 F0                  662 	.db #0xf0	; 240
   0261 F0                  663 	.db #0xf0	; 240
   0262 F0                  664 	.db #0xf0	; 240
   0263 F0                  665 	.db #0xf0	; 240
   0264 F0                  666 	.db #0xf0	; 240
   0265 F0                  667 	.db #0xf0	; 240
   0266 F0                  668 	.db #0xf0	; 240
   0267 F0                  669 	.db #0xf0	; 240
   0268                     670 _floor_ceiling_sp_4:
   0268 F0                  671 	.db #0xf0	; 240
   0269 F0                  672 	.db #0xf0	; 240
   026A F0                  673 	.db #0xf0	; 240
   026B F0                  674 	.db #0xf0	; 240
   026C F0                  675 	.db #0xf0	; 240
   026D F0                  676 	.db #0xf0	; 240
   026E F0                  677 	.db #0xf0	; 240
   026F F0                  678 	.db #0xf0	; 240
   0270 F0                  679 	.db #0xf0	; 240
   0271 F0                  680 	.db #0xf0	; 240
   0272 F0                  681 	.db #0xf0	; 240
   0273 CF                  682 	.db #0xcf	; 207
   0274 CF                  683 	.db #0xcf	; 207
   0275 CF                  684 	.db #0xcf	; 207
   0276 DA                  685 	.db #0xda	; 218
   0277 F0                  686 	.db #0xf0	; 240
   0278 CF                  687 	.db #0xcf	; 207
   0279 CF                  688 	.db #0xcf	; 207
   027A CF                  689 	.db #0xcf	; 207
   027B DA                  690 	.db #0xda	; 218
   027C F0                  691 	.db #0xf0	; 240
   027D E5                  692 	.db #0xe5	; 229
   027E E5                  693 	.db #0xe5	; 229
   027F F0                  694 	.db #0xf0	; 240
   0280 DA                  695 	.db #0xda	; 218
   0281 F0                  696 	.db #0xf0	; 240
   0282 E5                  697 	.db #0xe5	; 229
   0283 E5                  698 	.db #0xe5	; 229
   0284 F0                  699 	.db #0xf0	; 240
   0285 DA                  700 	.db #0xda	; 218
   0286 E5                  701 	.db #0xe5	; 229
   0287 F0                  702 	.db #0xf0	; 240
   0288 CF                  703 	.db #0xcf	; 207
   0289 DA                  704 	.db #0xda	; 218
   028A DA                  705 	.db #0xda	; 218
   028B E5                  706 	.db #0xe5	; 229
   028C F0                  707 	.db #0xf0	; 240
   028D CF                  708 	.db #0xcf	; 207
   028E DA                  709 	.db #0xda	; 218
   028F DA                  710 	.db #0xda	; 218
   0290 E5                  711 	.db #0xe5	; 229
   0291 DA                  712 	.db #0xda	; 218
   0292 E5                  713 	.db #0xe5	; 229
   0293 CF                  714 	.db #0xcf	; 207
   0294 DA                  715 	.db #0xda	; 218
   0295 E5                  716 	.db #0xe5	; 229
   0296 DA                  717 	.db #0xda	; 218
   0297 E5                  718 	.db #0xe5	; 229
   0298 CF                  719 	.db #0xcf	; 207
   0299 DA                  720 	.db #0xda	; 218
   029A E5                  721 	.db #0xe5	; 229
   029B CF                  722 	.db #0xcf	; 207
   029C F0                  723 	.db #0xf0	; 240
   029D E5                  724 	.db #0xe5	; 229
   029E DA                  725 	.db #0xda	; 218
   029F E5                  726 	.db #0xe5	; 229
   02A0 CF                  727 	.db #0xcf	; 207
   02A1 F0                  728 	.db #0xf0	; 240
   02A2 E5                  729 	.db #0xe5	; 229
   02A3 DA                  730 	.db #0xda	; 218
   02A4 E5                  731 	.db #0xe5	; 229
   02A5 E5                  732 	.db #0xe5	; 229
   02A6 CF                  733 	.db #0xcf	; 207
   02A7 F0                  734 	.db #0xf0	; 240
   02A8 DA                  735 	.db #0xda	; 218
   02A9 E5                  736 	.db #0xe5	; 229
   02AA E5                  737 	.db #0xe5	; 229
   02AB CF                  738 	.db #0xcf	; 207
   02AC F0                  739 	.db #0xf0	; 240
   02AD DA                  740 	.db #0xda	; 218
   02AE E5                  741 	.db #0xe5	; 229
   02AF F0                  742 	.db #0xf0	; 240
   02B0 DA                  743 	.db #0xda	; 218
   02B1 DA                  744 	.db #0xda	; 218
   02B2 F0                  745 	.db #0xf0	; 240
   02B3 E5                  746 	.db #0xe5	; 229
   02B4 F0                  747 	.db #0xf0	; 240
   02B5 DA                  748 	.db #0xda	; 218
   02B6 DA                  749 	.db #0xda	; 218
   02B7 F0                  750 	.db #0xf0	; 240
   02B8 E5                  751 	.db #0xe5	; 229
   02B9 CF                  752 	.db #0xcf	; 207
   02BA CF                  753 	.db #0xcf	; 207
   02BB CF                  754 	.db #0xcf	; 207
   02BC F0                  755 	.db #0xf0	; 240
   02BD E5                  756 	.db #0xe5	; 229
   02BE CF                  757 	.db #0xcf	; 207
   02BF CF                  758 	.db #0xcf	; 207
   02C0 CF                  759 	.db #0xcf	; 207
   02C1 F0                  760 	.db #0xf0	; 240
   02C2 F0                  761 	.db #0xf0	; 240
   02C3 F0                  762 	.db #0xf0	; 240
   02C4 F0                  763 	.db #0xf0	; 240
   02C5 F0                  764 	.db #0xf0	; 240
   02C6 F0                  765 	.db #0xf0	; 240
   02C7 F0                  766 	.db #0xf0	; 240
   02C8 F0                  767 	.db #0xf0	; 240
   02C9 F0                  768 	.db #0xf0	; 240
   02CA F0                  769 	.db #0xf0	; 240
   02CB F0                  770 	.db #0xf0	; 240
                            771 	.area _INITIALIZER
                            772 	.area _CABS (ABS)
