                              1 ;--------------------------------------------------------
                              2 ; File Created by SDCC : free open source ANSI-C Compiler
                              3 ; Version 3.6.8 #9946 (Linux)
                              4 ;--------------------------------------------------------
                              5 	.module lineadepinxos
                              6 	.optsdcc -mz80
                              7 	
                              8 ;--------------------------------------------------------
                              9 ; Public variables in this module
                             10 ;--------------------------------------------------------
                             11 	.globl _linea_pin_sp
                             12 	.globl _linea_pin_pal
                             13 ;--------------------------------------------------------
                             14 ; special function registers
                             15 ;--------------------------------------------------------
                             16 ;--------------------------------------------------------
                             17 ; ram data
                             18 ;--------------------------------------------------------
                             19 	.area _DATA
                             20 ;--------------------------------------------------------
                             21 ; ram data
                             22 ;--------------------------------------------------------
                             23 	.area _INITIALIZED
                             24 ;--------------------------------------------------------
                             25 ; absolute external ram data
                             26 ;--------------------------------------------------------
                             27 	.area _DABS (ABS)
                             28 ;--------------------------------------------------------
                             29 ; global & static initialisations
                             30 ;--------------------------------------------------------
                             31 	.area _HOME
                             32 	.area _GSINIT
                             33 	.area _GSFINAL
                             34 	.area _GSINIT
                             35 ;--------------------------------------------------------
                             36 ; Home
                             37 ;--------------------------------------------------------
                             38 	.area _HOME
                             39 	.area _HOME
                             40 ;--------------------------------------------------------
                             41 ; code
                             42 ;--------------------------------------------------------
                             43 	.area _CODE
                             44 	.area _CODE
   0000                      45 _linea_pin_pal:
   0000 54                   46 	.db #0x54	; 84	'T'
   0001 44                   47 	.db #0x44	; 68	'D'
   0002 55                   48 	.db #0x55	; 85	'U'
   0003 5C                   49 	.db #0x5c	; 92
   0004 4C                   50 	.db #0x4c	; 76	'L'
   0005 56                   51 	.db #0x56	; 86	'V'
   0006 57                   52 	.db #0x57	; 87	'W'
   0007 5E                   53 	.db #0x5e	; 94
   0008 40                   54 	.db #0x40	; 64
   0009 5F                   55 	.db #0x5f	; 95
   000A 4E                   56 	.db #0x4e	; 78	'N'
   000B 52                   57 	.db #0x52	; 82	'R'
   000C 53                   58 	.db #0x53	; 83	'S'
   000D 4A                   59 	.db #0x4a	; 74	'J'
   000E 43                   60 	.db #0x43	; 67	'C'
   000F 4B                   61 	.db #0x4b	; 75	'K'
   0010                      62 _linea_pin_sp:
   0010 05                   63 	.db #0x05	; 5
   0011 00                   64 	.db #0x00	; 0
   0012 0F                   65 	.db #0x0f	; 15
   0013 0A                   66 	.db #0x0a	; 10
   0014 05                   67 	.db #0x05	; 5
   0015 05                   68 	.db #0x05	; 5
   0016 00                   69 	.db #0x00	; 0
   0017 0F                   70 	.db #0x0f	; 15
   0018 0A                   71 	.db #0x0a	; 10
   0019 05                   72 	.db #0x05	; 5
   001A 05                   73 	.db #0x05	; 5
   001B 00                   74 	.db #0x00	; 0
   001C 0F                   75 	.db #0x0f	; 15
   001D 0A                   76 	.db #0x0a	; 10
   001E 05                   77 	.db #0x05	; 5
   001F 05                   78 	.db #0x05	; 5
   0020 00                   79 	.db #0x00	; 0
   0021 0F                   80 	.db #0x0f	; 15
   0022 0A                   81 	.db #0x0a	; 10
   0023 05                   82 	.db #0x05	; 5
   0024 05                   83 	.db #0x05	; 5
   0025 00                   84 	.db #0x00	; 0
   0026 0F                   85 	.db #0x0f	; 15
   0027 0A                   86 	.db #0x0a	; 10
   0028 05                   87 	.db #0x05	; 5
   0029 05                   88 	.db #0x05	; 5
   002A 00                   89 	.db #0x00	; 0
   002B 0F                   90 	.db #0x0f	; 15
   002C 0A                   91 	.db #0x0a	; 10
   002D 05                   92 	.db #0x05	; 5
   002E 05                   93 	.db #0x05	; 5
   002F 00                   94 	.db #0x00	; 0
   0030 0F                   95 	.db #0x0f	; 15
   0031 0A                   96 	.db #0x0a	; 10
   0032 05                   97 	.db #0x05	; 5
   0033 05                   98 	.db #0x05	; 5
   0034 00                   99 	.db #0x00	; 0
   0035 0F                  100 	.db #0x0f	; 15
   0036 0A                  101 	.db #0x0a	; 10
   0037 05                  102 	.db #0x05	; 5
   0038 05                  103 	.db #0x05	; 5
   0039 00                  104 	.db #0x00	; 0
   003A 0F                  105 	.db #0x0f	; 15
   003B 0A                  106 	.db #0x0a	; 10
   003C 05                  107 	.db #0x05	; 5
   003D 05                  108 	.db #0x05	; 5
   003E 00                  109 	.db #0x00	; 0
   003F 0F                  110 	.db #0x0f	; 15
   0040 0A                  111 	.db #0x0a	; 10
   0041 05                  112 	.db #0x05	; 5
   0042 05                  113 	.db #0x05	; 5
   0043 05                  114 	.db #0x05	; 5
   0044 5B                  115 	.db #0x5b	; 91
   0045 0A                  116 	.db #0x0a	; 10
   0046 00                  117 	.db #0x00	; 0
   0047 05                  118 	.db #0x05	; 5
   0048 05                  119 	.db #0x05	; 5
   0049 5B                  120 	.db #0x5b	; 91
   004A 0A                  121 	.db #0x0a	; 10
   004B 00                  122 	.db #0x00	; 0
   004C 05                  123 	.db #0x05	; 5
   004D 05                  124 	.db #0x05	; 5
   004E 5B                  125 	.db #0x5b	; 91
   004F 0A                  126 	.db #0x0a	; 10
   0050 00                  127 	.db #0x00	; 0
   0051 05                  128 	.db #0x05	; 5
   0052 05                  129 	.db #0x05	; 5
   0053 5B                  130 	.db #0x5b	; 91
   0054 0A                  131 	.db #0x0a	; 10
   0055 00                  132 	.db #0x00	; 0
   0056 05                  133 	.db #0x05	; 5
   0057 05                  134 	.db #0x05	; 5
   0058 5B                  135 	.db #0x5b	; 91
   0059 0A                  136 	.db #0x0a	; 10
   005A 00                  137 	.db #0x00	; 0
   005B 05                  138 	.db #0x05	; 5
   005C 05                  139 	.db #0x05	; 5
   005D 5B                  140 	.db #0x5b	; 91
   005E 0A                  141 	.db #0x0a	; 10
   005F 00                  142 	.db #0x00	; 0
   0060 05                  143 	.db #0x05	; 5
   0061 05                  144 	.db #0x05	; 5
   0062 5B                  145 	.db #0x5b	; 91
   0063 0A                  146 	.db #0x0a	; 10
   0064 00                  147 	.db #0x00	; 0
   0065 05                  148 	.db #0x05	; 5
   0066 05                  149 	.db #0x05	; 5
   0067 5B                  150 	.db #0x5b	; 91
   0068 0A                  151 	.db #0x0a	; 10
   0069 00                  152 	.db #0x00	; 0
   006A 05                  153 	.db #0x05	; 5
   006B 05                  154 	.db #0x05	; 5
   006C 5B                  155 	.db #0x5b	; 91
   006D 0A                  156 	.db #0x0a	; 10
   006E 00                  157 	.db #0x00	; 0
   006F 05                  158 	.db #0x05	; 5
   0070 05                  159 	.db #0x05	; 5
   0071 5B                  160 	.db #0x5b	; 91
   0072 0A                  161 	.db #0x0a	; 10
   0073 00                  162 	.db #0x00	; 0
   0074 00                  163 	.db #0x00	; 0
   0075 05                  164 	.db #0x05	; 5
   0076 F3                  165 	.db #0xf3	; 243
   0077 0F                  166 	.db #0x0f	; 15
   0078 00                  167 	.db #0x00	; 0
   0079 00                  168 	.db #0x00	; 0
   007A 05                  169 	.db #0x05	; 5
   007B F3                  170 	.db #0xf3	; 243
   007C 0F                  171 	.db #0x0f	; 15
   007D 00                  172 	.db #0x00	; 0
   007E 00                  173 	.db #0x00	; 0
   007F 05                  174 	.db #0x05	; 5
   0080 F3                  175 	.db #0xf3	; 243
   0081 0F                  176 	.db #0x0f	; 15
   0082 00                  177 	.db #0x00	; 0
   0083 00                  178 	.db #0x00	; 0
   0084 05                  179 	.db #0x05	; 5
   0085 F3                  180 	.db #0xf3	; 243
   0086 0F                  181 	.db #0x0f	; 15
   0087 00                  182 	.db #0x00	; 0
   0088 00                  183 	.db #0x00	; 0
   0089 05                  184 	.db #0x05	; 5
   008A F3                  185 	.db #0xf3	; 243
   008B 0F                  186 	.db #0x0f	; 15
   008C 00                  187 	.db #0x00	; 0
   008D 00                  188 	.db #0x00	; 0
   008E 05                  189 	.db #0x05	; 5
   008F F3                  190 	.db #0xf3	; 243
   0090 0F                  191 	.db #0x0f	; 15
   0091 00                  192 	.db #0x00	; 0
   0092 00                  193 	.db #0x00	; 0
   0093 05                  194 	.db #0x05	; 5
   0094 F3                  195 	.db #0xf3	; 243
   0095 0F                  196 	.db #0x0f	; 15
   0096 00                  197 	.db #0x00	; 0
   0097 00                  198 	.db #0x00	; 0
   0098 05                  199 	.db #0x05	; 5
   0099 F3                  200 	.db #0xf3	; 243
   009A 0F                  201 	.db #0x0f	; 15
   009B 00                  202 	.db #0x00	; 0
   009C 00                  203 	.db #0x00	; 0
   009D 05                  204 	.db #0x05	; 5
   009E F3                  205 	.db #0xf3	; 243
   009F 0F                  206 	.db #0x0f	; 15
   00A0 00                  207 	.db #0x00	; 0
   00A1 00                  208 	.db #0x00	; 0
   00A2 05                  209 	.db #0x05	; 5
   00A3 F3                  210 	.db #0xf3	; 243
   00A4 0F                  211 	.db #0x0f	; 15
   00A5 00                  212 	.db #0x00	; 0
   00A6 00                  213 	.db #0x00	; 0
   00A7 5B                  214 	.db #0x5b	; 91
   00A8 F3                  215 	.db #0xf3	; 243
   00A9 A7                  216 	.db #0xa7	; 167
   00AA 00                  217 	.db #0x00	; 0
   00AB 00                  218 	.db #0x00	; 0
   00AC 5B                  219 	.db #0x5b	; 91
   00AD F3                  220 	.db #0xf3	; 243
   00AE A7                  221 	.db #0xa7	; 167
   00AF 00                  222 	.db #0x00	; 0
   00B0 00                  223 	.db #0x00	; 0
   00B1 5B                  224 	.db #0x5b	; 91
   00B2 F3                  225 	.db #0xf3	; 243
   00B3 A7                  226 	.db #0xa7	; 167
   00B4 00                  227 	.db #0x00	; 0
   00B5 00                  228 	.db #0x00	; 0
   00B6 5B                  229 	.db #0x5b	; 91
   00B7 F3                  230 	.db #0xf3	; 243
   00B8 A7                  231 	.db #0xa7	; 167
   00B9 00                  232 	.db #0x00	; 0
   00BA 00                  233 	.db #0x00	; 0
   00BB 5B                  234 	.db #0x5b	; 91
   00BC F3                  235 	.db #0xf3	; 243
   00BD A7                  236 	.db #0xa7	; 167
   00BE 00                  237 	.db #0x00	; 0
   00BF 00                  238 	.db #0x00	; 0
   00C0 5B                  239 	.db #0x5b	; 91
   00C1 F3                  240 	.db #0xf3	; 243
   00C2 A7                  241 	.db #0xa7	; 167
   00C3 00                  242 	.db #0x00	; 0
   00C4 00                  243 	.db #0x00	; 0
   00C5 5B                  244 	.db #0x5b	; 91
   00C6 F3                  245 	.db #0xf3	; 243
   00C7 A7                  246 	.db #0xa7	; 167
   00C8 00                  247 	.db #0x00	; 0
   00C9 00                  248 	.db #0x00	; 0
   00CA 5B                  249 	.db #0x5b	; 91
   00CB F3                  250 	.db #0xf3	; 243
   00CC A7                  251 	.db #0xa7	; 167
   00CD 00                  252 	.db #0x00	; 0
   00CE 00                  253 	.db #0x00	; 0
   00CF 5B                  254 	.db #0x5b	; 91
   00D0 F3                  255 	.db #0xf3	; 243
   00D1 A7                  256 	.db #0xa7	; 167
   00D2 00                  257 	.db #0x00	; 0
   00D3 00                  258 	.db #0x00	; 0
   00D4 5B                  259 	.db #0x5b	; 91
   00D5 F3                  260 	.db #0xf3	; 243
   00D6 A7                  261 	.db #0xa7	; 167
   00D7 00                  262 	.db #0x00	; 0
   00D8 00                  263 	.db #0x00	; 0
   00D9 5B                  264 	.db #0x5b	; 91
   00DA F3                  265 	.db #0xf3	; 243
   00DB A7                  266 	.db #0xa7	; 167
   00DC 0A                  267 	.db #0x0a	; 10
   00DD 00                  268 	.db #0x00	; 0
   00DE 5B                  269 	.db #0x5b	; 91
   00DF F3                  270 	.db #0xf3	; 243
   00E0 A7                  271 	.db #0xa7	; 167
   00E1 0A                  272 	.db #0x0a	; 10
   00E2 00                  273 	.db #0x00	; 0
   00E3 5B                  274 	.db #0x5b	; 91
   00E4 F3                  275 	.db #0xf3	; 243
   00E5 A7                  276 	.db #0xa7	; 167
   00E6 0A                  277 	.db #0x0a	; 10
   00E7 00                  278 	.db #0x00	; 0
   00E8 5B                  279 	.db #0x5b	; 91
   00E9 F3                  280 	.db #0xf3	; 243
   00EA A7                  281 	.db #0xa7	; 167
   00EB 0A                  282 	.db #0x0a	; 10
   00EC 00                  283 	.db #0x00	; 0
   00ED 5B                  284 	.db #0x5b	; 91
   00EE F3                  285 	.db #0xf3	; 243
   00EF A7                  286 	.db #0xa7	; 167
   00F0 0A                  287 	.db #0x0a	; 10
   00F1 00                  288 	.db #0x00	; 0
   00F2 5B                  289 	.db #0x5b	; 91
   00F3 F3                  290 	.db #0xf3	; 243
   00F4 A7                  291 	.db #0xa7	; 167
   00F5 0A                  292 	.db #0x0a	; 10
   00F6 00                  293 	.db #0x00	; 0
   00F7 5B                  294 	.db #0x5b	; 91
   00F8 F3                  295 	.db #0xf3	; 243
   00F9 A7                  296 	.db #0xa7	; 167
   00FA 0A                  297 	.db #0x0a	; 10
   00FB 00                  298 	.db #0x00	; 0
   00FC 5B                  299 	.db #0x5b	; 91
   00FD F3                  300 	.db #0xf3	; 243
   00FE A7                  301 	.db #0xa7	; 167
   00FF 0A                  302 	.db #0x0a	; 10
   0100 00                  303 	.db #0x00	; 0
   0101 5B                  304 	.db #0x5b	; 91
   0102 F3                  305 	.db #0xf3	; 243
   0103 A7                  306 	.db #0xa7	; 167
   0104 0A                  307 	.db #0x0a	; 10
   0105 00                  308 	.db #0x00	; 0
   0106 5B                  309 	.db #0x5b	; 91
   0107 F3                  310 	.db #0xf3	; 243
   0108 A7                  311 	.db #0xa7	; 167
   0109 0A                  312 	.db #0x0a	; 10
   010A 0F                  313 	.db #0x0f	; 15
   010B 5B                  314 	.db #0x5b	; 91
   010C B2                  315 	.db #0xb2	; 178
   010D F3                  316 	.db #0xf3	; 243
   010E 0A                  317 	.db #0x0a	; 10
   010F 0F                  318 	.db #0x0f	; 15
   0110 5B                  319 	.db #0x5b	; 91
   0111 B2                  320 	.db #0xb2	; 178
   0112 F3                  321 	.db #0xf3	; 243
   0113 0A                  322 	.db #0x0a	; 10
   0114 0F                  323 	.db #0x0f	; 15
   0115 5B                  324 	.db #0x5b	; 91
   0116 B2                  325 	.db #0xb2	; 178
   0117 F3                  326 	.db #0xf3	; 243
   0118 0A                  327 	.db #0x0a	; 10
   0119 0F                  328 	.db #0x0f	; 15
   011A 5B                  329 	.db #0x5b	; 91
   011B B2                  330 	.db #0xb2	; 178
   011C F3                  331 	.db #0xf3	; 243
   011D 0A                  332 	.db #0x0a	; 10
   011E 0F                  333 	.db #0x0f	; 15
   011F 5B                  334 	.db #0x5b	; 91
   0120 B2                  335 	.db #0xb2	; 178
   0121 F3                  336 	.db #0xf3	; 243
   0122 0A                  337 	.db #0x0a	; 10
   0123 0F                  338 	.db #0x0f	; 15
   0124 5B                  339 	.db #0x5b	; 91
   0125 B2                  340 	.db #0xb2	; 178
   0126 F3                  341 	.db #0xf3	; 243
   0127 0A                  342 	.db #0x0a	; 10
   0128 0F                  343 	.db #0x0f	; 15
   0129 5B                  344 	.db #0x5b	; 91
   012A B2                  345 	.db #0xb2	; 178
   012B F3                  346 	.db #0xf3	; 243
   012C 0A                  347 	.db #0x0a	; 10
   012D 0F                  348 	.db #0x0f	; 15
   012E 5B                  349 	.db #0x5b	; 91
   012F B2                  350 	.db #0xb2	; 178
   0130 F3                  351 	.db #0xf3	; 243
   0131 0A                  352 	.db #0x0a	; 10
   0132 0F                  353 	.db #0x0f	; 15
   0133 5B                  354 	.db #0x5b	; 91
   0134 B2                  355 	.db #0xb2	; 178
   0135 F3                  356 	.db #0xf3	; 243
   0136 0A                  357 	.db #0x0a	; 10
   0137 0F                  358 	.db #0x0f	; 15
   0138 5B                  359 	.db #0x5b	; 91
   0139 B2                  360 	.db #0xb2	; 178
   013A F3                  361 	.db #0xf3	; 243
   013B 0A                  362 	.db #0x0a	; 10
   013C 5B                  363 	.db #0x5b	; 91
   013D F3                  364 	.db #0xf3	; 243
   013E B2                  365 	.db #0xb2	; 178
   013F F3                  366 	.db #0xf3	; 243
   0140 0F                  367 	.db #0x0f	; 15
   0141 5B                  368 	.db #0x5b	; 91
   0142 F3                  369 	.db #0xf3	; 243
   0143 B2                  370 	.db #0xb2	; 178
   0144 F3                  371 	.db #0xf3	; 243
   0145 0F                  372 	.db #0x0f	; 15
   0146 5B                  373 	.db #0x5b	; 91
   0147 F3                  374 	.db #0xf3	; 243
   0148 B2                  375 	.db #0xb2	; 178
   0149 F3                  376 	.db #0xf3	; 243
   014A 0F                  377 	.db #0x0f	; 15
   014B 5B                  378 	.db #0x5b	; 91
   014C F3                  379 	.db #0xf3	; 243
   014D B2                  380 	.db #0xb2	; 178
   014E F3                  381 	.db #0xf3	; 243
   014F 0F                  382 	.db #0x0f	; 15
   0150 5B                  383 	.db #0x5b	; 91
   0151 F3                  384 	.db #0xf3	; 243
   0152 B2                  385 	.db #0xb2	; 178
   0153 F3                  386 	.db #0xf3	; 243
   0154 0F                  387 	.db #0x0f	; 15
   0155 5B                  388 	.db #0x5b	; 91
   0156 F3                  389 	.db #0xf3	; 243
   0157 B2                  390 	.db #0xb2	; 178
   0158 F3                  391 	.db #0xf3	; 243
   0159 0F                  392 	.db #0x0f	; 15
   015A 5B                  393 	.db #0x5b	; 91
   015B F3                  394 	.db #0xf3	; 243
   015C B2                  395 	.db #0xb2	; 178
   015D F3                  396 	.db #0xf3	; 243
   015E 0F                  397 	.db #0x0f	; 15
   015F 5B                  398 	.db #0x5b	; 91
   0160 F3                  399 	.db #0xf3	; 243
   0161 B2                  400 	.db #0xb2	; 178
   0162 F3                  401 	.db #0xf3	; 243
   0163 0F                  402 	.db #0x0f	; 15
   0164 5B                  403 	.db #0x5b	; 91
   0165 F3                  404 	.db #0xf3	; 243
   0166 B2                  405 	.db #0xb2	; 178
   0167 F3                  406 	.db #0xf3	; 243
   0168 0F                  407 	.db #0x0f	; 15
   0169 5B                  408 	.db #0x5b	; 91
   016A F3                  409 	.db #0xf3	; 243
   016B B2                  410 	.db #0xb2	; 178
   016C F3                  411 	.db #0xf3	; 243
   016D 0F                  412 	.db #0x0f	; 15
   016E 5B                  413 	.db #0x5b	; 91
   016F F3                  414 	.db #0xf3	; 243
   0170 30                  415 	.db #0x30	; 48	'0'
   0171 71                  416 	.db #0x71	; 113	'q'
   0172 A7                  417 	.db #0xa7	; 167
   0173 5B                  418 	.db #0x5b	; 91
   0174 F3                  419 	.db #0xf3	; 243
   0175 30                  420 	.db #0x30	; 48	'0'
   0176 71                  421 	.db #0x71	; 113	'q'
   0177 A7                  422 	.db #0xa7	; 167
   0178 5B                  423 	.db #0x5b	; 91
   0179 F3                  424 	.db #0xf3	; 243
   017A 30                  425 	.db #0x30	; 48	'0'
   017B 71                  426 	.db #0x71	; 113	'q'
   017C A7                  427 	.db #0xa7	; 167
   017D 5B                  428 	.db #0x5b	; 91
   017E F3                  429 	.db #0xf3	; 243
   017F 30                  430 	.db #0x30	; 48	'0'
   0180 71                  431 	.db #0x71	; 113	'q'
   0181 A7                  432 	.db #0xa7	; 167
   0182 5B                  433 	.db #0x5b	; 91
   0183 F3                  434 	.db #0xf3	; 243
   0184 30                  435 	.db #0x30	; 48	'0'
   0185 71                  436 	.db #0x71	; 113	'q'
   0186 A7                  437 	.db #0xa7	; 167
   0187 5B                  438 	.db #0x5b	; 91
   0188 F3                  439 	.db #0xf3	; 243
   0189 30                  440 	.db #0x30	; 48	'0'
   018A 71                  441 	.db #0x71	; 113	'q'
   018B A7                  442 	.db #0xa7	; 167
   018C 5B                  443 	.db #0x5b	; 91
   018D F3                  444 	.db #0xf3	; 243
   018E 30                  445 	.db #0x30	; 48	'0'
   018F 71                  446 	.db #0x71	; 113	'q'
   0190 A7                  447 	.db #0xa7	; 167
   0191 5B                  448 	.db #0x5b	; 91
   0192 F3                  449 	.db #0xf3	; 243
   0193 30                  450 	.db #0x30	; 48	'0'
   0194 71                  451 	.db #0x71	; 113	'q'
   0195 A7                  452 	.db #0xa7	; 167
   0196 5B                  453 	.db #0x5b	; 91
   0197 F3                  454 	.db #0xf3	; 243
   0198 30                  455 	.db #0x30	; 48	'0'
   0199 71                  456 	.db #0x71	; 113	'q'
   019A A7                  457 	.db #0xa7	; 167
   019B 5B                  458 	.db #0x5b	; 91
   019C F3                  459 	.db #0xf3	; 243
   019D 30                  460 	.db #0x30	; 48	'0'
   019E 71                  461 	.db #0x71	; 113	'q'
   019F A7                  462 	.db #0xa7	; 167
   01A0 05                  463 	.db #0x05	; 5
   01A1 B2                  464 	.db #0xb2	; 178
   01A2 30                  465 	.db #0x30	; 48	'0'
   01A3 71                  466 	.db #0x71	; 113	'q'
   01A4 0A                  467 	.db #0x0a	; 10
   01A5 05                  468 	.db #0x05	; 5
   01A6 B2                  469 	.db #0xb2	; 178
   01A7 30                  470 	.db #0x30	; 48	'0'
   01A8 71                  471 	.db #0x71	; 113	'q'
   01A9 0A                  472 	.db #0x0a	; 10
   01AA 05                  473 	.db #0x05	; 5
   01AB B2                  474 	.db #0xb2	; 178
   01AC 30                  475 	.db #0x30	; 48	'0'
   01AD 71                  476 	.db #0x71	; 113	'q'
   01AE 0A                  477 	.db #0x0a	; 10
   01AF 05                  478 	.db #0x05	; 5
   01B0 B2                  479 	.db #0xb2	; 178
   01B1 30                  480 	.db #0x30	; 48	'0'
   01B2 71                  481 	.db #0x71	; 113	'q'
   01B3 0A                  482 	.db #0x0a	; 10
   01B4 05                  483 	.db #0x05	; 5
   01B5 B2                  484 	.db #0xb2	; 178
   01B6 30                  485 	.db #0x30	; 48	'0'
   01B7 71                  486 	.db #0x71	; 113	'q'
   01B8 0A                  487 	.db #0x0a	; 10
   01B9 05                  488 	.db #0x05	; 5
   01BA B2                  489 	.db #0xb2	; 178
   01BB 30                  490 	.db #0x30	; 48	'0'
   01BC 71                  491 	.db #0x71	; 113	'q'
   01BD 0A                  492 	.db #0x0a	; 10
   01BE 05                  493 	.db #0x05	; 5
   01BF B2                  494 	.db #0xb2	; 178
   01C0 30                  495 	.db #0x30	; 48	'0'
   01C1 71                  496 	.db #0x71	; 113	'q'
   01C2 0A                  497 	.db #0x0a	; 10
   01C3 05                  498 	.db #0x05	; 5
   01C4 B2                  499 	.db #0xb2	; 178
   01C5 30                  500 	.db #0x30	; 48	'0'
   01C6 71                  501 	.db #0x71	; 113	'q'
   01C7 0A                  502 	.db #0x0a	; 10
   01C8 05                  503 	.db #0x05	; 5
   01C9 B2                  504 	.db #0xb2	; 178
   01CA 30                  505 	.db #0x30	; 48	'0'
   01CB 71                  506 	.db #0x71	; 113	'q'
   01CC 0A                  507 	.db #0x0a	; 10
   01CD 05                  508 	.db #0x05	; 5
   01CE B2                  509 	.db #0xb2	; 178
   01CF 30                  510 	.db #0x30	; 48	'0'
   01D0 71                  511 	.db #0x71	; 113	'q'
   01D1 0A                  512 	.db #0x0a	; 10
   01D2 03                  513 	.db #0x03	; 3
   01D3 03                  514 	.db #0x03	; 3
   01D4 03                  515 	.db #0x03	; 3
   01D5 03                  516 	.db #0x03	; 3
   01D6 03                  517 	.db #0x03	; 3
   01D7 03                  518 	.db #0x03	; 3
   01D8 03                  519 	.db #0x03	; 3
   01D9 03                  520 	.db #0x03	; 3
   01DA 03                  521 	.db #0x03	; 3
   01DB 03                  522 	.db #0x03	; 3
   01DC 03                  523 	.db #0x03	; 3
   01DD 03                  524 	.db #0x03	; 3
   01DE 03                  525 	.db #0x03	; 3
   01DF 03                  526 	.db #0x03	; 3
   01E0 03                  527 	.db #0x03	; 3
   01E1 03                  528 	.db #0x03	; 3
   01E2 03                  529 	.db #0x03	; 3
   01E3 03                  530 	.db #0x03	; 3
   01E4 03                  531 	.db #0x03	; 3
   01E5 03                  532 	.db #0x03	; 3
   01E6 03                  533 	.db #0x03	; 3
   01E7 03                  534 	.db #0x03	; 3
   01E8 03                  535 	.db #0x03	; 3
   01E9 03                  536 	.db #0x03	; 3
   01EA 03                  537 	.db #0x03	; 3
   01EB 03                  538 	.db #0x03	; 3
   01EC 03                  539 	.db #0x03	; 3
   01ED 03                  540 	.db #0x03	; 3
   01EE 03                  541 	.db #0x03	; 3
   01EF 03                  542 	.db #0x03	; 3
   01F0 03                  543 	.db #0x03	; 3
   01F1 03                  544 	.db #0x03	; 3
   01F2 03                  545 	.db #0x03	; 3
   01F3 03                  546 	.db #0x03	; 3
   01F4 03                  547 	.db #0x03	; 3
   01F5 03                  548 	.db #0x03	; 3
   01F6 03                  549 	.db #0x03	; 3
   01F7 03                  550 	.db #0x03	; 3
   01F8 03                  551 	.db #0x03	; 3
   01F9 03                  552 	.db #0x03	; 3
   01FA 03                  553 	.db #0x03	; 3
   01FB 03                  554 	.db #0x03	; 3
   01FC 03                  555 	.db #0x03	; 3
   01FD 03                  556 	.db #0x03	; 3
   01FE 03                  557 	.db #0x03	; 3
   01FF 03                  558 	.db #0x03	; 3
   0200 03                  559 	.db #0x03	; 3
   0201 03                  560 	.db #0x03	; 3
   0202 03                  561 	.db #0x03	; 3
   0203 03                  562 	.db #0x03	; 3
                            563 	.area _INITIALIZER
                            564 	.area _CABS (ABS)
