                              1 ;--------------------------------------------------------
                              2 ; File Created by SDCC : free open source ANSI-C Compiler
                              3 ; Version 3.6.8 #9946 (Linux)
                              4 ;--------------------------------------------------------
                              5 	.module protagonista
                              6 	.optsdcc -mz80
                              7 	
                              8 ;--------------------------------------------------------
                              9 ; Public variables in this module
                             10 ;--------------------------------------------------------
                             11 	.globl _protagonista_sp_3
                             12 	.globl _protagonista_sp_2
                             13 	.globl _protagonista_sp_1
                             14 	.globl _protagonista_sp_0
                             15 	.globl _protagonista_pal
                             16 ;--------------------------------------------------------
                             17 ; special function registers
                             18 ;--------------------------------------------------------
                             19 ;--------------------------------------------------------
                             20 ; ram data
                             21 ;--------------------------------------------------------
                             22 	.area _DATA
                             23 ;--------------------------------------------------------
                             24 ; ram data
                             25 ;--------------------------------------------------------
                             26 	.area _INITIALIZED
                             27 ;--------------------------------------------------------
                             28 ; absolute external ram data
                             29 ;--------------------------------------------------------
                             30 	.area _DABS (ABS)
                             31 ;--------------------------------------------------------
                             32 ; global & static initialisations
                             33 ;--------------------------------------------------------
                             34 	.area _HOME
                             35 	.area _GSINIT
                             36 	.area _GSFINAL
                             37 	.area _GSINIT
                             38 ;--------------------------------------------------------
                             39 ; Home
                             40 ;--------------------------------------------------------
                             41 	.area _HOME
                             42 	.area _HOME
                             43 ;--------------------------------------------------------
                             44 ; code
                             45 ;--------------------------------------------------------
                             46 	.area _CODE
                             47 	.area _CODE
   0000                      48 _protagonista_pal:
   0000 54                   49 	.db #0x54	; 84	'T'
   0001 44                   50 	.db #0x44	; 68	'D'
   0002 55                   51 	.db #0x55	; 85	'U'
   0003 5C                   52 	.db #0x5c	; 92
   0004 4C                   53 	.db #0x4c	; 76	'L'
   0005 56                   54 	.db #0x56	; 86	'V'
   0006 57                   55 	.db #0x57	; 87	'W'
   0007 5E                   56 	.db #0x5e	; 94
   0008 40                   57 	.db #0x40	; 64
   0009 5F                   58 	.db #0x5f	; 95
   000A 4E                   59 	.db #0x4e	; 78	'N'
   000B 52                   60 	.db #0x52	; 82	'R'
   000C 53                   61 	.db #0x53	; 83	'S'
   000D 4A                   62 	.db #0x4a	; 74	'J'
   000E 43                   63 	.db #0x43	; 67	'C'
   000F 4B                   64 	.db #0x4b	; 75	'K'
   0010                      65 _protagonista_sp_0:
   0010 00                   66 	.db #0x00	; 0
   0011 03                   67 	.db #0x03	; 3
   0012 03                   68 	.db #0x03	; 3
   0013 03                   69 	.db #0x03	; 3
   0014 00                   70 	.db #0x00	; 0
   0015 F3                   71 	.db #0xf3	; 243
   0016 C3                   72 	.db #0xc3	; 195
   0017 C3                   73 	.db #0xc3	; 195
   0018 C3                   74 	.db #0xc3	; 195
   0019 F3                   75 	.db #0xf3	; 243
   001A 03                   76 	.db #0x03	; 3
   001B C3                   77 	.db #0xc3	; 195
   001C D7                   78 	.db #0xd7	; 215
   001D EB                   79 	.db #0xeb	; 235
   001E 03                   80 	.db #0x03	; 3
   001F 03                   81 	.db #0x03	; 3
   0020 C3                   82 	.db #0xc3	; 195
   0021 C3                   83 	.db #0xc3	; 195
   0022 C3                   84 	.db #0xc3	; 195
   0023 03                   85 	.db #0x03	; 3
   0024 01                   86 	.db #0x01	; 1
   0025 43                   87 	.db #0x43	; 67	'C'
   0026 C3                   88 	.db #0xc3	; 195
   0027 83                   89 	.db #0x83	; 131
   0028 02                   90 	.db #0x02	; 2
   0029 0F                   91 	.db #0x0f	; 15
   002A 0B                   92 	.db #0x0b	; 11
   002B 03                   93 	.db #0x03	; 3
   002C 07                   94 	.db #0x07	; 7
   002D 0F                   95 	.db #0x0f	; 15
   002E 0F                   96 	.db #0x0f	; 15
   002F 05                   97 	.db #0x05	; 5
   0030 0F                   98 	.db #0x0f	; 15
   0031 0A                   99 	.db #0x0a	; 10
   0032 0F                  100 	.db #0x0f	; 15
   0033 00                  101 	.db #0x00	; 0
   0034 3C                  102 	.db #0x3c	; 60
   0035 3C                  103 	.db #0x3c	; 60
   0036 3C                  104 	.db #0x3c	; 60
   0037 00                  105 	.db #0x00	; 0
   0038 00                  106 	.db #0x00	; 0
   0039 02                  107 	.db #0x02	; 2
   003A 00                  108 	.db #0x00	; 0
   003B 01                  109 	.db #0x01	; 1
   003C 00                  110 	.db #0x00	; 0
   003D 01                  111 	.db #0x01	; 1
   003E 02                  112 	.db #0x02	; 2
   003F 00                  113 	.db #0x00	; 0
   0040 01                  114 	.db #0x01	; 1
   0041 02                  115 	.db #0x02	; 2
   0042                     116 _protagonista_sp_1:
   0042 00                  117 	.db #0x00	; 0
   0043 03                  118 	.db #0x03	; 3
   0044 03                  119 	.db #0x03	; 3
   0045 03                  120 	.db #0x03	; 3
   0046 00                  121 	.db #0x00	; 0
   0047 F3                  122 	.db #0xf3	; 243
   0048 C3                  123 	.db #0xc3	; 195
   0049 C3                  124 	.db #0xc3	; 195
   004A C3                  125 	.db #0xc3	; 195
   004B F3                  126 	.db #0xf3	; 243
   004C 03                  127 	.db #0x03	; 3
   004D D7                  128 	.db #0xd7	; 215
   004E EB                  129 	.db #0xeb	; 235
   004F C3                  130 	.db #0xc3	; 195
   0050 03                  131 	.db #0x03	; 3
   0051 03                  132 	.db #0x03	; 3
   0052 C3                  133 	.db #0xc3	; 195
   0053 C3                  134 	.db #0xc3	; 195
   0054 C3                  135 	.db #0xc3	; 195
   0055 03                  136 	.db #0x03	; 3
   0056 01                  137 	.db #0x01	; 1
   0057 43                  138 	.db #0x43	; 67	'C'
   0058 C3                  139 	.db #0xc3	; 195
   0059 83                  140 	.db #0x83	; 131
   005A 02                  141 	.db #0x02	; 2
   005B 0F                  142 	.db #0x0f	; 15
   005C 0B                  143 	.db #0x0b	; 11
   005D 03                  144 	.db #0x03	; 3
   005E 07                  145 	.db #0x07	; 7
   005F 0F                  146 	.db #0x0f	; 15
   0060 0F                  147 	.db #0x0f	; 15
   0061 05                  148 	.db #0x05	; 5
   0062 0F                  149 	.db #0x0f	; 15
   0063 0A                  150 	.db #0x0a	; 10
   0064 0F                  151 	.db #0x0f	; 15
   0065 00                  152 	.db #0x00	; 0
   0066 3C                  153 	.db #0x3c	; 60
   0067 3C                  154 	.db #0x3c	; 60
   0068 3C                  155 	.db #0x3c	; 60
   0069 00                  156 	.db #0x00	; 0
   006A 00                  157 	.db #0x00	; 0
   006B 02                  158 	.db #0x02	; 2
   006C 00                  159 	.db #0x00	; 0
   006D 01                  160 	.db #0x01	; 1
   006E 00                  161 	.db #0x00	; 0
   006F 01                  162 	.db #0x01	; 1
   0070 02                  163 	.db #0x02	; 2
   0071 00                  164 	.db #0x00	; 0
   0072 01                  165 	.db #0x01	; 1
   0073 02                  166 	.db #0x02	; 2
   0074                     167 _protagonista_sp_2:
   0074 00                  168 	.db #0x00	; 0
   0075 03                  169 	.db #0x03	; 3
   0076 03                  170 	.db #0x03	; 3
   0077 03                  171 	.db #0x03	; 3
   0078 00                  172 	.db #0x00	; 0
   0079 F3                  173 	.db #0xf3	; 243
   007A C3                  174 	.db #0xc3	; 195
   007B C3                  175 	.db #0xc3	; 195
   007C C3                  176 	.db #0xc3	; 195
   007D F3                  177 	.db #0xf3	; 243
   007E 03                  178 	.db #0x03	; 3
   007F D7                  179 	.db #0xd7	; 215
   0080 FF                  180 	.db #0xff	; 255
   0081 EB                  181 	.db #0xeb	; 235
   0082 03                  182 	.db #0x03	; 3
   0083 03                  183 	.db #0x03	; 3
   0084 C3                  184 	.db #0xc3	; 195
   0085 C3                  185 	.db #0xc3	; 195
   0086 C3                  186 	.db #0xc3	; 195
   0087 03                  187 	.db #0x03	; 3
   0088 0B                  188 	.db #0x0b	; 11
   0089 43                  189 	.db #0x43	; 67	'C'
   008A C3                  190 	.db #0xc3	; 195
   008B 83                  191 	.db #0x83	; 131
   008C 07                  192 	.db #0x07	; 7
   008D 0F                  193 	.db #0x0f	; 15
   008E 0B                  194 	.db #0x0b	; 11
   008F 03                  195 	.db #0x03	; 3
   0090 07                  196 	.db #0x07	; 7
   0091 0F                  197 	.db #0x0f	; 15
   0092 00                  198 	.db #0x00	; 0
   0093 05                  199 	.db #0x05	; 5
   0094 0F                  200 	.db #0x0f	; 15
   0095 0A                  201 	.db #0x0a	; 10
   0096 00                  202 	.db #0x00	; 0
   0097 00                  203 	.db #0x00	; 0
   0098 3C                  204 	.db #0x3c	; 60
   0099 3C                  205 	.db #0x3c	; 60
   009A 3C                  206 	.db #0x3c	; 60
   009B 00                  207 	.db #0x00	; 0
   009C 00                  208 	.db #0x00	; 0
   009D 02                  209 	.db #0x02	; 2
   009E 00                  210 	.db #0x00	; 0
   009F 01                  211 	.db #0x01	; 1
   00A0 00                  212 	.db #0x00	; 0
   00A1 00                  213 	.db #0x00	; 0
   00A2 02                  214 	.db #0x02	; 2
   00A3 00                  215 	.db #0x00	; 0
   00A4 01                  216 	.db #0x01	; 1
   00A5 00                  217 	.db #0x00	; 0
   00A6                     218 _protagonista_sp_3:
   00A6 00                  219 	.db #0x00	; 0
   00A7 30                  220 	.db #0x30	; 48	'0'
   00A8 30                  221 	.db #0x30	; 48	'0'
   00A9 30                  222 	.db #0x30	; 48	'0'
   00AA 00                  223 	.db #0x00	; 0
   00AB 30                  224 	.db #0x30	; 48	'0'
   00AC 30                  225 	.db #0x30	; 48	'0'
   00AD 30                  226 	.db #0x30	; 48	'0'
   00AE 30                  227 	.db #0x30	; 48	'0'
   00AF 30                  228 	.db #0x30	; 48	'0'
   00B0 30                  229 	.db #0x30	; 48	'0'
   00B1 FF                  230 	.db #0xff	; 255
   00B2 30                  231 	.db #0x30	; 48	'0'
   00B3 55                  232 	.db #0x55	; 85	'U'
   00B4 30                  233 	.db #0x30	; 48	'0'
   00B5 30                  234 	.db #0x30	; 48	'0'
   00B6 AA                  235 	.db #0xaa	; 170
   00B7 30                  236 	.db #0x30	; 48	'0'
   00B8 FF                  237 	.db #0xff	; 255
   00B9 30                  238 	.db #0x30	; 48	'0'
   00BA 10                  239 	.db #0x10	; 16
   00BB 30                  240 	.db #0x30	; 48	'0'
   00BC 30                  241 	.db #0x30	; 48	'0'
   00BD 30                  242 	.db #0x30	; 48	'0'
   00BE 20                  243 	.db #0x20	; 32
   00BF 0F                  244 	.db #0x0f	; 15
   00C0 1A                  245 	.db #0x1a	; 26
   00C1 30                  246 	.db #0x30	; 48	'0'
   00C2 25                  247 	.db #0x25	; 37
   00C3 0F                  248 	.db #0x0f	; 15
   00C4 0F                  249 	.db #0x0f	; 15
   00C5 05                  250 	.db #0x05	; 5
   00C6 0F                  251 	.db #0x0f	; 15
   00C7 0A                  252 	.db #0x0a	; 10
   00C8 0F                  253 	.db #0x0f	; 15
   00C9 00                  254 	.db #0x00	; 0
   00CA 3C                  255 	.db #0x3c	; 60
   00CB 3C                  256 	.db #0x3c	; 60
   00CC 3C                  257 	.db #0x3c	; 60
   00CD 00                  258 	.db #0x00	; 0
   00CE 00                  259 	.db #0x00	; 0
   00CF 20                  260 	.db #0x20	; 32
   00D0 00                  261 	.db #0x00	; 0
   00D1 10                  262 	.db #0x10	; 16
   00D2 00                  263 	.db #0x00	; 0
   00D3 10                  264 	.db #0x10	; 16
   00D4 20                  265 	.db #0x20	; 32
   00D5 00                  266 	.db #0x00	; 0
   00D6 10                  267 	.db #0x10	; 16
   00D7 20                  268 	.db #0x20	; 32
                            269 	.area _INITIALIZER
                            270 	.area _CABS (ABS)
