                              1 ;--------------------------------------------------------
                              2 ; File Created by SDCC : free open source ANSI-C Compiler
                              3 ; Version 3.6.8 #9946 (Linux)
                              4 ;--------------------------------------------------------
                              5 	.module tierra
                              6 	.optsdcc -mz80
                              7 	
                              8 ;--------------------------------------------------------
                              9 ; Public variables in this module
                             10 ;--------------------------------------------------------
                             11 	.globl _tierra_sp_3
                             12 	.globl _tierra_sp_2
                             13 	.globl _tierra_sp_1
                             14 	.globl _tierra_sp_0
                             15 	.globl _tierra_pal
                             16 ;--------------------------------------------------------
                             17 ; special function registers
                             18 ;--------------------------------------------------------
                             19 ;--------------------------------------------------------
                             20 ; ram data
                             21 ;--------------------------------------------------------
                             22 	.area _DATA
                             23 ;--------------------------------------------------------
                             24 ; ram data
                             25 ;--------------------------------------------------------
                             26 	.area _INITIALIZED
                             27 ;--------------------------------------------------------
                             28 ; absolute external ram data
                             29 ;--------------------------------------------------------
                             30 	.area _DABS (ABS)
                             31 ;--------------------------------------------------------
                             32 ; global & static initialisations
                             33 ;--------------------------------------------------------
                             34 	.area _HOME
                             35 	.area _GSINIT
                             36 	.area _GSFINAL
                             37 	.area _GSINIT
                             38 ;--------------------------------------------------------
                             39 ; Home
                             40 ;--------------------------------------------------------
                             41 	.area _HOME
                             42 	.area _HOME
                             43 ;--------------------------------------------------------
                             44 ; code
                             45 ;--------------------------------------------------------
                             46 	.area _CODE
                             47 	.area _CODE
   0000                      48 _tierra_pal:
   0000 54                   49 	.db #0x54	; 84	'T'
   0001 44                   50 	.db #0x44	; 68	'D'
   0002 55                   51 	.db #0x55	; 85	'U'
   0003 5C                   52 	.db #0x5c	; 92
   0004 4C                   53 	.db #0x4c	; 76	'L'
   0005 56                   54 	.db #0x56	; 86	'V'
   0006 57                   55 	.db #0x57	; 87	'W'
   0007 5E                   56 	.db #0x5e	; 94
   0008 40                   57 	.db #0x40	; 64
   0009 5F                   58 	.db #0x5f	; 95
   000A 4E                   59 	.db #0x4e	; 78	'N'
   000B 52                   60 	.db #0x52	; 82	'R'
   000C 53                   61 	.db #0x53	; 83	'S'
   000D 4A                   62 	.db #0x4a	; 74	'J'
   000E 43                   63 	.db #0x43	; 67	'C'
   000F 4B                   64 	.db #0x4b	; 75	'K'
   0010                      65 _tierra_sp_0:
   0010 00                   66 	.db #0x00	; 0
   0011 00                   67 	.db #0x00	; 0
   0012 00                   68 	.db #0x00	; 0
   0013 00                   69 	.db #0x00	; 0
   0014 00                   70 	.db #0x00	; 0
   0015 14                   71 	.db #0x14	; 20
   0016 3C                   72 	.db #0x3c	; 60
   0017 3C                   73 	.db #0x3c	; 60
   0018 3C                   74 	.db #0x3c	; 60
   0019 3C                   75 	.db #0x3c	; 60
   001A 28                   76 	.db #0x28	; 40
   001B 00                   77 	.db #0x00	; 0
   001C 00                   78 	.db #0x00	; 0
   001D 00                   79 	.db #0x00	; 0
   001E 00                   80 	.db #0x00	; 0
   001F 00                   81 	.db #0x00	; 0
   0020 00                   82 	.db #0x00	; 0
   0021 00                   83 	.db #0x00	; 0
   0022 00                   84 	.db #0x00	; 0
   0023 14                   85 	.db #0x14	; 20
   0024 3C                   86 	.db #0x3c	; 60
   0025 3C                   87 	.db #0x3c	; 60
   0026 3C                   88 	.db #0x3c	; 60
   0027 3C                   89 	.db #0x3c	; 60
   0028 78                   90 	.db #0x78	; 120	'x'
   0029 B4                   91 	.db #0xb4	; 180
   002A 28                   92 	.db #0x28	; 40
   002B 00                   93 	.db #0x00	; 0
   002C 00                   94 	.db #0x00	; 0
   002D 00                   95 	.db #0x00	; 0
   002E 00                   96 	.db #0x00	; 0
   002F 00                   97 	.db #0x00	; 0
   0030 00                   98 	.db #0x00	; 0
   0031 50                   99 	.db #0x50	; 80	'P'
   0032 F0                  100 	.db #0xf0	; 240
   0033 B4                  101 	.db #0xb4	; 180
   0034 3C                  102 	.db #0x3c	; 60
   0035 F0                  103 	.db #0xf0	; 240
   0036 B4                  104 	.db #0xb4	; 180
   0037 F0                  105 	.db #0xf0	; 240
   0038 F0                  106 	.db #0xf0	; 240
   0039 3C                  107 	.db #0x3c	; 60
   003A 00                  108 	.db #0x00	; 0
   003B 00                  109 	.db #0x00	; 0
   003C 00                  110 	.db #0x00	; 0
   003D 00                  111 	.db #0x00	; 0
   003E 00                  112 	.db #0x00	; 0
   003F 00                  113 	.db #0x00	; 0
   0040 F0                  114 	.db #0xf0	; 240
   0041 F0                  115 	.db #0xf0	; 240
   0042 F0                  116 	.db #0xf0	; 240
   0043 F0                  117 	.db #0xf0	; 240
   0044 F0                  118 	.db #0xf0	; 240
   0045 B4                  119 	.db #0xb4	; 180
   0046 F0                  120 	.db #0xf0	; 240
   0047 F0                  121 	.db #0xf0	; 240
   0048 B4                  122 	.db #0xb4	; 180
   0049 28                  123 	.db #0x28	; 40
   004A 00                  124 	.db #0x00	; 0
   004B 00                  125 	.db #0x00	; 0
   004C 00                  126 	.db #0x00	; 0
   004D 00                  127 	.db #0x00	; 0
   004E 50                  128 	.db #0x50	; 80	'P'
   004F F0                  129 	.db #0xf0	; 240
   0050 F0                  130 	.db #0xf0	; 240
   0051 F0                  131 	.db #0xf0	; 240
   0052 F0                  132 	.db #0xf0	; 240
   0053 F0                  133 	.db #0xf0	; 240
   0054 B4                  134 	.db #0xb4	; 180
   0055 3C                  135 	.db #0x3c	; 60
   0056 78                  136 	.db #0x78	; 120	'x'
   0057 F0                  137 	.db #0xf0	; 240
   0058 3C                  138 	.db #0x3c	; 60
   0059 00                  139 	.db #0x00	; 0
   005A 00                  140 	.db #0x00	; 0
   005B 00                  141 	.db #0x00	; 0
   005C 00                  142 	.db #0x00	; 0
   005D 78                  143 	.db #0x78	; 120	'x'
   005E F0                  144 	.db #0xf0	; 240
   005F F0                  145 	.db #0xf0	; 240
   0060 F0                  146 	.db #0xf0	; 240
   0061 F0                  147 	.db #0xf0	; 240
   0062 F0                  148 	.db #0xf0	; 240
   0063 B4                  149 	.db #0xb4	; 180
   0064 3C                  150 	.db #0x3c	; 60
   0065 3C                  151 	.db #0x3c	; 60
   0066 78                  152 	.db #0x78	; 120	'x'
   0067 3C                  153 	.db #0x3c	; 60
   0068 28                  154 	.db #0x28	; 40
   0069 00                  155 	.db #0x00	; 0
   006A 00                  156 	.db #0x00	; 0
   006B 14                  157 	.db #0x14	; 20
   006C F0                  158 	.db #0xf0	; 240
   006D F0                  159 	.db #0xf0	; 240
   006E F0                  160 	.db #0xf0	; 240
   006F F0                  161 	.db #0xf0	; 240
   0070 F0                  162 	.db #0xf0	; 240
   0071 B4                  163 	.db #0xb4	; 180
   0072 3C                  164 	.db #0x3c	; 60
   0073 3C                  165 	.db #0x3c	; 60
   0074 3C                  166 	.db #0x3c	; 60
   0075 3C                  167 	.db #0x3c	; 60
   0076 B4                  168 	.db #0xb4	; 180
   0077 3C                  169 	.db #0x3c	; 60
   0078 00                  170 	.db #0x00	; 0
   0079 00                  171 	.db #0x00	; 0
   007A 3C                  172 	.db #0x3c	; 60
   007B F0                  173 	.db #0xf0	; 240
   007C F0                  174 	.db #0xf0	; 240
   007D F0                  175 	.db #0xf0	; 240
   007E F0                  176 	.db #0xf0	; 240
   007F F0                  177 	.db #0xf0	; 240
   0080 B4                  178 	.db #0xb4	; 180
   0081 3C                  179 	.db #0x3c	; 60
   0082 3C                  180 	.db #0x3c	; 60
   0083 3C                  181 	.db #0x3c	; 60
   0084 78                  182 	.db #0x78	; 120	'x'
   0085 F0                  183 	.db #0xf0	; 240
   0086 B4                  184 	.db #0xb4	; 180
   0087 28                  185 	.db #0x28	; 40
   0088 00                  186 	.db #0x00	; 0
   0089 3C                  187 	.db #0x3c	; 60
   008A F0                  188 	.db #0xf0	; 240
   008B F0                  189 	.db #0xf0	; 240
   008C F0                  190 	.db #0xf0	; 240
   008D F0                  191 	.db #0xf0	; 240
   008E F0                  192 	.db #0xf0	; 240
   008F B4                  193 	.db #0xb4	; 180
   0090 3C                  194 	.db #0x3c	; 60
   0091 3C                  195 	.db #0x3c	; 60
   0092 3C                  196 	.db #0x3c	; 60
   0093 3C                  197 	.db #0x3c	; 60
   0094 3C                  198 	.db #0x3c	; 60
   0095 3C                  199 	.db #0x3c	; 60
   0096 28                  200 	.db #0x28	; 40
   0097 14                  201 	.db #0x14	; 20
   0098 78                  202 	.db #0x78	; 120	'x'
   0099 F0                  203 	.db #0xf0	; 240
   009A F0                  204 	.db #0xf0	; 240
   009B F0                  205 	.db #0xf0	; 240
   009C F0                  206 	.db #0xf0	; 240
   009D F0                  207 	.db #0xf0	; 240
   009E B4                  208 	.db #0xb4	; 180
   009F 3C                  209 	.db #0x3c	; 60
   00A0 3C                  210 	.db #0x3c	; 60
   00A1 3C                  211 	.db #0x3c	; 60
   00A2 3C                  212 	.db #0x3c	; 60
   00A3 3C                  213 	.db #0x3c	; 60
   00A4 3C                  214 	.db #0x3c	; 60
   00A5 3C                  215 	.db #0x3c	; 60
   00A6 14                  216 	.db #0x14	; 20
   00A7 78                  217 	.db #0x78	; 120	'x'
   00A8 F0                  218 	.db #0xf0	; 240
   00A9 F0                  219 	.db #0xf0	; 240
   00AA F0                  220 	.db #0xf0	; 240
   00AB F0                  221 	.db #0xf0	; 240
   00AC F0                  222 	.db #0xf0	; 240
   00AD B4                  223 	.db #0xb4	; 180
   00AE 3C                  224 	.db #0x3c	; 60
   00AF 3C                  225 	.db #0x3c	; 60
   00B0 3C                  226 	.db #0x3c	; 60
   00B1 3C                  227 	.db #0x3c	; 60
   00B2 3C                  228 	.db #0x3c	; 60
   00B3 3C                  229 	.db #0x3c	; 60
   00B4 3C                  230 	.db #0x3c	; 60
   00B5 14                  231 	.db #0x14	; 20
   00B6 78                  232 	.db #0x78	; 120	'x'
   00B7 F0                  233 	.db #0xf0	; 240
   00B8 F0                  234 	.db #0xf0	; 240
   00B9 F0                  235 	.db #0xf0	; 240
   00BA F0                  236 	.db #0xf0	; 240
   00BB F0                  237 	.db #0xf0	; 240
   00BC B4                  238 	.db #0xb4	; 180
   00BD 3C                  239 	.db #0x3c	; 60
   00BE 3C                  240 	.db #0x3c	; 60
   00BF 3C                  241 	.db #0x3c	; 60
   00C0 3C                  242 	.db #0x3c	; 60
   00C1 3C                  243 	.db #0x3c	; 60
   00C2 3C                  244 	.db #0x3c	; 60
   00C3 3C                  245 	.db #0x3c	; 60
   00C4 14                  246 	.db #0x14	; 20
   00C5 78                  247 	.db #0x78	; 120	'x'
   00C6 F0                  248 	.db #0xf0	; 240
   00C7 F0                  249 	.db #0xf0	; 240
   00C8 F0                  250 	.db #0xf0	; 240
   00C9 F0                  251 	.db #0xf0	; 240
   00CA 78                  252 	.db #0x78	; 120	'x'
   00CB F0                  253 	.db #0xf0	; 240
   00CC 3C                  254 	.db #0x3c	; 60
   00CD 3C                  255 	.db #0x3c	; 60
   00CE 3C                  256 	.db #0x3c	; 60
   00CF 3C                  257 	.db #0x3c	; 60
   00D0 3C                  258 	.db #0x3c	; 60
   00D1 3C                  259 	.db #0x3c	; 60
   00D2 78                  260 	.db #0x78	; 120	'x'
   00D3 3C                  261 	.db #0x3c	; 60
   00D4 78                  262 	.db #0x78	; 120	'x'
   00D5 F0                  263 	.db #0xf0	; 240
   00D6 F0                  264 	.db #0xf0	; 240
   00D7 F0                  265 	.db #0xf0	; 240
   00D8 3C                  266 	.db #0x3c	; 60
   00D9 3C                  267 	.db #0x3c	; 60
   00DA F0                  268 	.db #0xf0	; 240
   00DB 3C                  269 	.db #0x3c	; 60
   00DC 3C                  270 	.db #0x3c	; 60
   00DD 3C                  271 	.db #0x3c	; 60
   00DE 3C                  272 	.db #0x3c	; 60
   00DF 3C                  273 	.db #0x3c	; 60
   00E0 3C                  274 	.db #0x3c	; 60
   00E1 78                  275 	.db #0x78	; 120	'x'
   00E2 3C                  276 	.db #0x3c	; 60
   00E3 78                  277 	.db #0x78	; 120	'x'
   00E4 F0                  278 	.db #0xf0	; 240
   00E5 F0                  279 	.db #0xf0	; 240
   00E6 B4                  280 	.db #0xb4	; 180
   00E7 3C                  281 	.db #0x3c	; 60
   00E8 3C                  282 	.db #0x3c	; 60
   00E9 3C                  283 	.db #0x3c	; 60
   00EA 3C                  284 	.db #0x3c	; 60
   00EB 3C                  285 	.db #0x3c	; 60
   00EC 3C                  286 	.db #0x3c	; 60
   00ED 3C                  287 	.db #0x3c	; 60
   00EE 3C                  288 	.db #0x3c	; 60
   00EF 3C                  289 	.db #0x3c	; 60
   00F0 78                  290 	.db #0x78	; 120	'x'
   00F1 3C                  291 	.db #0x3c	; 60
   00F2 3C                  292 	.db #0x3c	; 60
   00F3 F0                  293 	.db #0xf0	; 240
   00F4 F0                  294 	.db #0xf0	; 240
   00F5 F0                  295 	.db #0xf0	; 240
   00F6 3C                  296 	.db #0x3c	; 60
   00F7 3C                  297 	.db #0x3c	; 60
   00F8 3C                  298 	.db #0x3c	; 60
   00F9 3C                  299 	.db #0x3c	; 60
   00FA 3C                  300 	.db #0x3c	; 60
   00FB 78                  301 	.db #0x78	; 120	'x'
   00FC B4                  302 	.db #0xb4	; 180
   00FD 3C                  303 	.db #0x3c	; 60
   00FE 3C                  304 	.db #0x3c	; 60
   00FF 78                  305 	.db #0x78	; 120	'x'
   0100 3C                  306 	.db #0x3c	; 60
   0101 3C                  307 	.db #0x3c	; 60
   0102 F0                  308 	.db #0xf0	; 240
   0103 F0                  309 	.db #0xf0	; 240
   0104 F0                  310 	.db #0xf0	; 240
   0105 3C                  311 	.db #0x3c	; 60
   0106 3C                  312 	.db #0x3c	; 60
   0107 3C                  313 	.db #0x3c	; 60
   0108 3C                  314 	.db #0x3c	; 60
   0109 3C                  315 	.db #0x3c	; 60
   010A 78                  316 	.db #0x78	; 120	'x'
   010B F0                  317 	.db #0xf0	; 240
   010C 3C                  318 	.db #0x3c	; 60
   010D 3C                  319 	.db #0x3c	; 60
   010E 3C                  320 	.db #0x3c	; 60
   010F 3C                  321 	.db #0x3c	; 60
   0110 3C                  322 	.db #0x3c	; 60
   0111 78                  323 	.db #0x78	; 120	'x'
   0112 F0                  324 	.db #0xf0	; 240
   0113 F0                  325 	.db #0xf0	; 240
   0114 F0                  326 	.db #0xf0	; 240
   0115 3C                  327 	.db #0x3c	; 60
   0116 3C                  328 	.db #0x3c	; 60
   0117 3C                  329 	.db #0x3c	; 60
   0118 3C                  330 	.db #0x3c	; 60
   0119 3C                  331 	.db #0x3c	; 60
   011A F0                  332 	.db #0xf0	; 240
   011B B4                  333 	.db #0xb4	; 180
   011C 3C                  334 	.db #0x3c	; 60
   011D 3C                  335 	.db #0x3c	; 60
   011E 14                  336 	.db #0x14	; 20
   011F 3C                  337 	.db #0x3c	; 60
   0120 78                  338 	.db #0x78	; 120	'x'
   0121 F0                  339 	.db #0xf0	; 240
   0122 F0                  340 	.db #0xf0	; 240
   0123 F0                  341 	.db #0xf0	; 240
   0124 F0                  342 	.db #0xf0	; 240
   0125 B4                  343 	.db #0xb4	; 180
   0126 3C                  344 	.db #0x3c	; 60
   0127 3C                  345 	.db #0x3c	; 60
   0128 3C                  346 	.db #0x3c	; 60
   0129 F0                  347 	.db #0xf0	; 240
   012A F0                  348 	.db #0xf0	; 240
   012B 3C                  349 	.db #0x3c	; 60
   012C 3C                  350 	.db #0x3c	; 60
   012D 14                  351 	.db #0x14	; 20
   012E 3C                  352 	.db #0x3c	; 60
   012F 3C                  353 	.db #0x3c	; 60
   0130 F0                  354 	.db #0xf0	; 240
   0131 F0                  355 	.db #0xf0	; 240
   0132 F0                  356 	.db #0xf0	; 240
   0133 F0                  357 	.db #0xf0	; 240
   0134 F0                  358 	.db #0xf0	; 240
   0135 3C                  359 	.db #0x3c	; 60
   0136 3C                  360 	.db #0x3c	; 60
   0137 3C                  361 	.db #0x3c	; 60
   0138 3C                  362 	.db #0x3c	; 60
   0139 F0                  363 	.db #0xf0	; 240
   013A 3C                  364 	.db #0x3c	; 60
   013B 3C                  365 	.db #0x3c	; 60
   013C 14                  366 	.db #0x14	; 20
   013D 3C                  367 	.db #0x3c	; 60
   013E 3C                  368 	.db #0x3c	; 60
   013F F0                  369 	.db #0xf0	; 240
   0140 F0                  370 	.db #0xf0	; 240
   0141 F0                  371 	.db #0xf0	; 240
   0142 F0                  372 	.db #0xf0	; 240
   0143 F0                  373 	.db #0xf0	; 240
   0144 B4                  374 	.db #0xb4	; 180
   0145 3C                  375 	.db #0x3c	; 60
   0146 3C                  376 	.db #0x3c	; 60
   0147 3C                  377 	.db #0x3c	; 60
   0148 3C                  378 	.db #0x3c	; 60
   0149 3C                  379 	.db #0x3c	; 60
   014A 3C                  380 	.db #0x3c	; 60
   014B 00                  381 	.db #0x00	; 0
   014C 3C                  382 	.db #0x3c	; 60
   014D 3C                  383 	.db #0x3c	; 60
   014E F0                  384 	.db #0xf0	; 240
   014F F0                  385 	.db #0xf0	; 240
   0150 F0                  386 	.db #0xf0	; 240
   0151 F0                  387 	.db #0xf0	; 240
   0152 F0                  388 	.db #0xf0	; 240
   0153 B4                  389 	.db #0xb4	; 180
   0154 3C                  390 	.db #0x3c	; 60
   0155 3C                  391 	.db #0x3c	; 60
   0156 3C                  392 	.db #0x3c	; 60
   0157 3C                  393 	.db #0x3c	; 60
   0158 3C                  394 	.db #0x3c	; 60
   0159 28                  395 	.db #0x28	; 40
   015A 00                  396 	.db #0x00	; 0
   015B 3C                  397 	.db #0x3c	; 60
   015C 3C                  398 	.db #0x3c	; 60
   015D F0                  399 	.db #0xf0	; 240
   015E F0                  400 	.db #0xf0	; 240
   015F F0                  401 	.db #0xf0	; 240
   0160 F0                  402 	.db #0xf0	; 240
   0161 F0                  403 	.db #0xf0	; 240
   0162 B4                  404 	.db #0xb4	; 180
   0163 3C                  405 	.db #0x3c	; 60
   0164 3C                  406 	.db #0x3c	; 60
   0165 3C                  407 	.db #0x3c	; 60
   0166 3C                  408 	.db #0x3c	; 60
   0167 3C                  409 	.db #0x3c	; 60
   0168 28                  410 	.db #0x28	; 40
   0169 00                  411 	.db #0x00	; 0
   016A 14                  412 	.db #0x14	; 20
   016B 3C                  413 	.db #0x3c	; 60
   016C F0                  414 	.db #0xf0	; 240
   016D F0                  415 	.db #0xf0	; 240
   016E F0                  416 	.db #0xf0	; 240
   016F F0                  417 	.db #0xf0	; 240
   0170 F0                  418 	.db #0xf0	; 240
   0171 B4                  419 	.db #0xb4	; 180
   0172 3C                  420 	.db #0x3c	; 60
   0173 3C                  421 	.db #0x3c	; 60
   0174 3C                  422 	.db #0x3c	; 60
   0175 3C                  423 	.db #0x3c	; 60
   0176 3C                  424 	.db #0x3c	; 60
   0177 00                  425 	.db #0x00	; 0
   0178 00                  426 	.db #0x00	; 0
   0179 14                  427 	.db #0x14	; 20
   017A 3C                  428 	.db #0x3c	; 60
   017B 78                  429 	.db #0x78	; 120	'x'
   017C F0                  430 	.db #0xf0	; 240
   017D F0                  431 	.db #0xf0	; 240
   017E F0                  432 	.db #0xf0	; 240
   017F F0                  433 	.db #0xf0	; 240
   0180 B4                  434 	.db #0xb4	; 180
   0181 3C                  435 	.db #0x3c	; 60
   0182 3C                  436 	.db #0x3c	; 60
   0183 3C                  437 	.db #0x3c	; 60
   0184 3C                  438 	.db #0x3c	; 60
   0185 3C                  439 	.db #0x3c	; 60
   0186 00                  440 	.db #0x00	; 0
   0187 00                  441 	.db #0x00	; 0
   0188 00                  442 	.db #0x00	; 0
   0189 3C                  443 	.db #0x3c	; 60
   018A 78                  444 	.db #0x78	; 120	'x'
   018B F0                  445 	.db #0xf0	; 240
   018C F0                  446 	.db #0xf0	; 240
   018D F0                  447 	.db #0xf0	; 240
   018E F0                  448 	.db #0xf0	; 240
   018F 3C                  449 	.db #0x3c	; 60
   0190 3C                  450 	.db #0x3c	; 60
   0191 3C                  451 	.db #0x3c	; 60
   0192 3C                  452 	.db #0x3c	; 60
   0193 3C                  453 	.db #0x3c	; 60
   0194 28                  454 	.db #0x28	; 40
   0195 00                  455 	.db #0x00	; 0
   0196 00                  456 	.db #0x00	; 0
   0197 00                  457 	.db #0x00	; 0
   0198 14                  458 	.db #0x14	; 20
   0199 3C                  459 	.db #0x3c	; 60
   019A F0                  460 	.db #0xf0	; 240
   019B F0                  461 	.db #0xf0	; 240
   019C F0                  462 	.db #0xf0	; 240
   019D B4                  463 	.db #0xb4	; 180
   019E 3C                  464 	.db #0x3c	; 60
   019F 3C                  465 	.db #0x3c	; 60
   01A0 3C                  466 	.db #0x3c	; 60
   01A1 3C                  467 	.db #0x3c	; 60
   01A2 3C                  468 	.db #0x3c	; 60
   01A3 28                  469 	.db #0x28	; 40
   01A4 00                  470 	.db #0x00	; 0
   01A5 00                  471 	.db #0x00	; 0
   01A6 00                  472 	.db #0x00	; 0
   01A7 00                  473 	.db #0x00	; 0
   01A8 3C                  474 	.db #0x3c	; 60
   01A9 78                  475 	.db #0x78	; 120	'x'
   01AA F0                  476 	.db #0xf0	; 240
   01AB F0                  477 	.db #0xf0	; 240
   01AC B4                  478 	.db #0xb4	; 180
   01AD 3C                  479 	.db #0x3c	; 60
   01AE 3C                  480 	.db #0x3c	; 60
   01AF 3C                  481 	.db #0x3c	; 60
   01B0 3C                  482 	.db #0x3c	; 60
   01B1 3C                  483 	.db #0x3c	; 60
   01B2 00                  484 	.db #0x00	; 0
   01B3 00                  485 	.db #0x00	; 0
   01B4 00                  486 	.db #0x00	; 0
   01B5 00                  487 	.db #0x00	; 0
   01B6 00                  488 	.db #0x00	; 0
   01B7 00                  489 	.db #0x00	; 0
   01B8 3C                  490 	.db #0x3c	; 60
   01B9 F0                  491 	.db #0xf0	; 240
   01BA F0                  492 	.db #0xf0	; 240
   01BB B4                  493 	.db #0xb4	; 180
   01BC 3C                  494 	.db #0x3c	; 60
   01BD 3C                  495 	.db #0x3c	; 60
   01BE 3C                  496 	.db #0x3c	; 60
   01BF 3C                  497 	.db #0x3c	; 60
   01C0 28                  498 	.db #0x28	; 40
   01C1 00                  499 	.db #0x00	; 0
   01C2 00                  500 	.db #0x00	; 0
   01C3 00                  501 	.db #0x00	; 0
   01C4 00                  502 	.db #0x00	; 0
   01C5 00                  503 	.db #0x00	; 0
   01C6 00                  504 	.db #0x00	; 0
   01C7 00                  505 	.db #0x00	; 0
   01C8 78                  506 	.db #0x78	; 120	'x'
   01C9 F0                  507 	.db #0xf0	; 240
   01CA F0                  508 	.db #0xf0	; 240
   01CB B4                  509 	.db #0xb4	; 180
   01CC 3C                  510 	.db #0x3c	; 60
   01CD 3C                  511 	.db #0x3c	; 60
   01CE 28                  512 	.db #0x28	; 40
   01CF 00                  513 	.db #0x00	; 0
   01D0 00                  514 	.db #0x00	; 0
   01D1 00                  515 	.db #0x00	; 0
   01D2                     516 _tierra_sp_1:
   01D2 55                  517 	.db #0x55	; 85	'U'
   01D3 55                  518 	.db #0x55	; 85	'U'
   01D4 55                  519 	.db #0x55	; 85	'U'
   01D5 55                  520 	.db #0x55	; 85	'U'
   01D6 55                  521 	.db #0x55	; 85	'U'
   01D7 55                  522 	.db #0x55	; 85	'U'
   01D8 55                  523 	.db #0x55	; 85	'U'
   01D9 55                  524 	.db #0x55	; 85	'U'
   01DA 55                  525 	.db #0x55	; 85	'U'
   01DB 55                  526 	.db #0x55	; 85	'U'
   01DC 55                  527 	.db #0x55	; 85	'U'
   01DD 55                  528 	.db #0x55	; 85	'U'
   01DE 55                  529 	.db #0x55	; 85	'U'
   01DF F5                  530 	.db #0xf5	; 245
   01E0 F5                  531 	.db #0xf5	; 245
   01E1 F5                  532 	.db #0xf5	; 245
   01E2 F5                  533 	.db #0xf5	; 245
   01E3 7D                  534 	.db #0x7d	; 125
   01E4 55                  535 	.db #0x55	; 85	'U'
   01E5 55                  536 	.db #0x55	; 85	'U'
   01E6 55                  537 	.db #0x55	; 85	'U'
   01E7 55                  538 	.db #0x55	; 85	'U'
   01E8 55                  539 	.db #0x55	; 85	'U'
   01E9 55                  540 	.db #0x55	; 85	'U'
   01EA 55                  541 	.db #0x55	; 85	'U'
   01EB 55                  542 	.db #0x55	; 85	'U'
   01EC 55                  543 	.db #0x55	; 85	'U'
   01ED 55                  544 	.db #0x55	; 85	'U'
   01EE 55                  545 	.db #0x55	; 85	'U'
   01EF 55                  546 	.db #0x55	; 85	'U'
   01F0                     547 _tierra_sp_2:
   01F0 00                  548 	.db #0x00	; 0
   01F1 00                  549 	.db #0x00	; 0
   01F2 00                  550 	.db #0x00	; 0
   01F3 00                  551 	.db #0x00	; 0
   01F4 00                  552 	.db #0x00	; 0
   01F5 14                  553 	.db #0x14	; 20
   01F6 F0                  554 	.db #0xf0	; 240
   01F7 F0                  555 	.db #0xf0	; 240
   01F8 3C                  556 	.db #0x3c	; 60
   01F9 3C                  557 	.db #0x3c	; 60
   01FA 28                  558 	.db #0x28	; 40
   01FB 00                  559 	.db #0x00	; 0
   01FC 00                  560 	.db #0x00	; 0
   01FD 00                  561 	.db #0x00	; 0
   01FE 00                  562 	.db #0x00	; 0
   01FF                     563 _tierra_sp_3:
   01FF 55                  564 	.db #0x55	; 85	'U'
                            565 	.area _INITIALIZER
                            566 	.area _CABS (ABS)
