                              1 ;--------------------------------------------------------
                              2 ; File Created by SDCC : free open source ANSI-C Compiler
                              3 ; Version 3.6.8 #9946 (Linux)
                              4 ;--------------------------------------------------------
                              5 	.module tiles
                              6 	.optsdcc -mz80
                              7 	
                              8 ;--------------------------------------------------------
                              9 ; Public variables in this module
                             10 ;--------------------------------------------------------
                             11 	.globl _tiles_sp_09
                             12 	.globl _tiles_sp_08
                             13 	.globl _tiles_sp_07
                             14 	.globl _tiles_sp_06
                             15 	.globl _tiles_sp_05
                             16 	.globl _tiles_sp_04
                             17 	.globl _tiles_sp_03
                             18 	.globl _tiles_sp_02
                             19 	.globl _tiles_sp_01
                             20 	.globl _tiles_sp_00
                             21 	.globl _tiles_pal
                             22 ;--------------------------------------------------------
                             23 ; special function registers
                             24 ;--------------------------------------------------------
                             25 ;--------------------------------------------------------
                             26 ; ram data
                             27 ;--------------------------------------------------------
                             28 	.area _DATA
                             29 ;--------------------------------------------------------
                             30 ; ram data
                             31 ;--------------------------------------------------------
                             32 	.area _INITIALIZED
                             33 ;--------------------------------------------------------
                             34 ; absolute external ram data
                             35 ;--------------------------------------------------------
                             36 	.area _DABS (ABS)
                             37 ;--------------------------------------------------------
                             38 ; global & static initialisations
                             39 ;--------------------------------------------------------
                             40 	.area _HOME
                             41 	.area _GSINIT
                             42 	.area _GSFINAL
                             43 	.area _GSINIT
                             44 ;--------------------------------------------------------
                             45 ; Home
                             46 ;--------------------------------------------------------
                             47 	.area _HOME
                             48 	.area _HOME
                             49 ;--------------------------------------------------------
                             50 ; code
                             51 ;--------------------------------------------------------
                             52 	.area _CODE
                             53 	.area _CODE
   0000                      54 _tiles_pal:
   0000 54                   55 	.db #0x54	; 84	'T'
   0001 44                   56 	.db #0x44	; 68	'D'
   0002 55                   57 	.db #0x55	; 85	'U'
   0003 5C                   58 	.db #0x5c	; 92
   0004 4C                   59 	.db #0x4c	; 76	'L'
   0005 56                   60 	.db #0x56	; 86	'V'
   0006 57                   61 	.db #0x57	; 87	'W'
   0007 5E                   62 	.db #0x5e	; 94
   0008 40                   63 	.db #0x40	; 64
   0009 5F                   64 	.db #0x5f	; 95
   000A 4E                   65 	.db #0x4e	; 78	'N'
   000B 52                   66 	.db #0x52	; 82	'R'
   000C 53                   67 	.db #0x53	; 83	'S'
   000D 4A                   68 	.db #0x4a	; 74	'J'
   000E 43                   69 	.db #0x43	; 67	'C'
   000F 4B                   70 	.db #0x4b	; 75	'K'
   0010                      71 _tiles_sp_00:
   0010 F0                   72 	.db #0xf0	; 240
   0011 F0                   73 	.db #0xf0	; 240
   0012 F0                   74 	.db #0xf0	; 240
   0013 F0                   75 	.db #0xf0	; 240
   0014 F0                   76 	.db #0xf0	; 240
   0015 F0                   77 	.db #0xf0	; 240
   0016 CF                   78 	.db #0xcf	; 207
   0017 CF                   79 	.db #0xcf	; 207
   0018 CF                   80 	.db #0xcf	; 207
   0019 DA                   81 	.db #0xda	; 218
   001A F0                   82 	.db #0xf0	; 240
   001B E5                   83 	.db #0xe5	; 229
   001C E5                   84 	.db #0xe5	; 229
   001D F0                   85 	.db #0xf0	; 240
   001E DA                   86 	.db #0xda	; 218
   001F E5                   87 	.db #0xe5	; 229
   0020 F0                   88 	.db #0xf0	; 240
   0021 CF                   89 	.db #0xcf	; 207
   0022 DA                   90 	.db #0xda	; 218
   0023 DA                   91 	.db #0xda	; 218
   0024 E5                   92 	.db #0xe5	; 229
   0025 DA                   93 	.db #0xda	; 218
   0026 E5                   94 	.db #0xe5	; 229
   0027 CF                   95 	.db #0xcf	; 207
   0028 DA                   96 	.db #0xda	; 218
   0029 E5                   97 	.db #0xe5	; 229
   002A CF                   98 	.db #0xcf	; 207
   002B F0                   99 	.db #0xf0	; 240
   002C E5                  100 	.db #0xe5	; 229
   002D DA                  101 	.db #0xda	; 218
   002E E5                  102 	.db #0xe5	; 229
   002F E5                  103 	.db #0xe5	; 229
   0030 CF                  104 	.db #0xcf	; 207
   0031 F0                  105 	.db #0xf0	; 240
   0032 DA                  106 	.db #0xda	; 218
   0033 E5                  107 	.db #0xe5	; 229
   0034 F0                  108 	.db #0xf0	; 240
   0035 DA                  109 	.db #0xda	; 218
   0036 DA                  110 	.db #0xda	; 218
   0037 F0                  111 	.db #0xf0	; 240
   0038 E5                  112 	.db #0xe5	; 229
   0039 CF                  113 	.db #0xcf	; 207
   003A CF                  114 	.db #0xcf	; 207
   003B CF                  115 	.db #0xcf	; 207
   003C F0                  116 	.db #0xf0	; 240
   003D F0                  117 	.db #0xf0	; 240
   003E F0                  118 	.db #0xf0	; 240
   003F F0                  119 	.db #0xf0	; 240
   0040 F0                  120 	.db #0xf0	; 240
   0041 F0                  121 	.db #0xf0	; 240
   0042                     122 _tiles_sp_01:
   0042 05                  123 	.db #0x05	; 5
   0043 00                  124 	.db #0x00	; 0
   0044 0F                  125 	.db #0x0f	; 15
   0045 0A                  126 	.db #0x0a	; 10
   0046 05                  127 	.db #0x05	; 5
   0047 05                  128 	.db #0x05	; 5
   0048 05                  129 	.db #0x05	; 5
   0049 5B                  130 	.db #0x5b	; 91
   004A 0A                  131 	.db #0x0a	; 10
   004B 00                  132 	.db #0x00	; 0
   004C 00                  133 	.db #0x00	; 0
   004D 05                  134 	.db #0x05	; 5
   004E F3                  135 	.db #0xf3	; 243
   004F 0F                  136 	.db #0x0f	; 15
   0050 00                  137 	.db #0x00	; 0
   0051 00                  138 	.db #0x00	; 0
   0052 5B                  139 	.db #0x5b	; 91
   0053 F3                  140 	.db #0xf3	; 243
   0054 A7                  141 	.db #0xa7	; 167
   0055 00                  142 	.db #0x00	; 0
   0056 00                  143 	.db #0x00	; 0
   0057 5B                  144 	.db #0x5b	; 91
   0058 F3                  145 	.db #0xf3	; 243
   0059 A7                  146 	.db #0xa7	; 167
   005A 0A                  147 	.db #0x0a	; 10
   005B 0F                  148 	.db #0x0f	; 15
   005C 5B                  149 	.db #0x5b	; 91
   005D B2                  150 	.db #0xb2	; 178
   005E F3                  151 	.db #0xf3	; 243
   005F 0A                  152 	.db #0x0a	; 10
   0060 5B                  153 	.db #0x5b	; 91
   0061 F3                  154 	.db #0xf3	; 243
   0062 B2                  155 	.db #0xb2	; 178
   0063 F3                  156 	.db #0xf3	; 243
   0064 0F                  157 	.db #0x0f	; 15
   0065 5B                  158 	.db #0x5b	; 91
   0066 F3                  159 	.db #0xf3	; 243
   0067 30                  160 	.db #0x30	; 48	'0'
   0068 71                  161 	.db #0x71	; 113	'q'
   0069 A7                  162 	.db #0xa7	; 167
   006A 05                  163 	.db #0x05	; 5
   006B B2                  164 	.db #0xb2	; 178
   006C 30                  165 	.db #0x30	; 48	'0'
   006D 71                  166 	.db #0x71	; 113	'q'
   006E 0A                  167 	.db #0x0a	; 10
   006F 03                  168 	.db #0x03	; 3
   0070 03                  169 	.db #0x03	; 3
   0071 03                  170 	.db #0x03	; 3
   0072 03                  171 	.db #0x03	; 3
   0073 03                  172 	.db #0x03	; 3
   0074                     173 _tiles_sp_02:
   0074 00                  174 	.db #0x00	; 0
   0075 00                  175 	.db #0x00	; 0
   0076 00                  176 	.db #0x00	; 0
   0077 00                  177 	.db #0x00	; 0
   0078 00                  178 	.db #0x00	; 0
   0079 0F                  179 	.db #0x0f	; 15
   007A 0F                  180 	.db #0x0f	; 15
   007B 0F                  181 	.db #0x0f	; 15
   007C 0F                  182 	.db #0x0f	; 15
   007D 0F                  183 	.db #0x0f	; 15
   007E 10                  184 	.db #0x10	; 16
   007F 28                  185 	.db #0x28	; 40
   0080 00                  186 	.db #0x00	; 0
   0081 14                  187 	.db #0x14	; 20
   0082 20                  188 	.db #0x20	; 32
   0083 10                  189 	.db #0x10	; 16
   0084 3D                  190 	.db #0x3d	; 61
   0085 3F                  191 	.db #0x3f	; 63
   0086 3E                  192 	.db #0x3e	; 62
   0087 20                  193 	.db #0x20	; 32
   0088 10                  194 	.db #0x10	; 16
   0089 14                  195 	.db #0x14	; 20
   008A 3F                  196 	.db #0x3f	; 63
   008B 28                  197 	.db #0x28	; 40
   008C 20                  198 	.db #0x20	; 32
   008D 10                  199 	.db #0x10	; 16
   008E 00                  200 	.db #0x00	; 0
   008F 3C                  201 	.db #0x3c	; 60
   0090 00                  202 	.db #0x00	; 0
   0091 20                  203 	.db #0x20	; 32
   0092 10                  204 	.db #0x10	; 16
   0093 14                  205 	.db #0x14	; 20
   0094 00                  206 	.db #0x00	; 0
   0095 28                  207 	.db #0x28	; 40
   0096 20                  208 	.db #0x20	; 32
   0097 10                  209 	.db #0x10	; 16
   0098 28                  210 	.db #0x28	; 40
   0099 15                  211 	.db #0x15	; 21
   009A 14                  212 	.db #0x14	; 20
   009B 20                  213 	.db #0x20	; 32
   009C 10                  214 	.db #0x10	; 16
   009D 3D                  215 	.db #0x3d	; 61
   009E 3F                  216 	.db #0x3f	; 63
   009F 3E                  217 	.db #0x3e	; 62
   00A0 20                  218 	.db #0x20	; 32
   00A1 0F                  219 	.db #0x0f	; 15
   00A2 0F                  220 	.db #0x0f	; 15
   00A3 0F                  221 	.db #0x0f	; 15
   00A4 0F                  222 	.db #0x0f	; 15
   00A5 0F                  223 	.db #0x0f	; 15
   00A6                     224 _tiles_sp_03:
   00A6 03                  225 	.db #0x03	; 3
   00A7 03                  226 	.db #0x03	; 3
   00A8 03                  227 	.db #0x03	; 3
   00A9 03                  228 	.db #0x03	; 3
   00AA 03                  229 	.db #0x03	; 3
   00AB 03                  230 	.db #0x03	; 3
   00AC C3                  231 	.db #0xc3	; 195
   00AD C3                  232 	.db #0xc3	; 195
   00AE C3                  233 	.db #0xc3	; 195
   00AF 83                  234 	.db #0x83	; 131
   00B0 43                  235 	.db #0x43	; 67	'C'
   00B1 43                  236 	.db #0x43	; 67	'C'
   00B2 C3                  237 	.db #0xc3	; 195
   00B3 83                  238 	.db #0x83	; 131
   00B4 83                  239 	.db #0x83	; 131
   00B5 43                  240 	.db #0x43	; 67	'C'
   00B6 83                  241 	.db #0x83	; 131
   00B7 C3                  242 	.db #0xc3	; 195
   00B8 C3                  243 	.db #0xc3	; 195
   00B9 83                  244 	.db #0x83	; 131
   00BA 43                  245 	.db #0x43	; 67	'C'
   00BB C3                  246 	.db #0xc3	; 195
   00BC 43                  247 	.db #0x43	; 67	'C'
   00BD C3                  248 	.db #0xc3	; 195
   00BE 83                  249 	.db #0x83	; 131
   00BF 43                  250 	.db #0x43	; 67	'C'
   00C0 C3                  251 	.db #0xc3	; 195
   00C1 83                  252 	.db #0x83	; 131
   00C2 C3                  253 	.db #0xc3	; 195
   00C3 83                  254 	.db #0x83	; 131
   00C4 43                  255 	.db #0x43	; 67	'C'
   00C5 C3                  256 	.db #0xc3	; 195
   00C6 C3                  257 	.db #0xc3	; 195
   00C7 43                  258 	.db #0x43	; 67	'C'
   00C8 83                  259 	.db #0x83	; 131
   00C9 43                  260 	.db #0x43	; 67	'C'
   00CA 43                  261 	.db #0x43	; 67	'C'
   00CB C3                  262 	.db #0xc3	; 195
   00CC 83                  263 	.db #0x83	; 131
   00CD 83                  264 	.db #0x83	; 131
   00CE 43                  265 	.db #0x43	; 67	'C'
   00CF C3                  266 	.db #0xc3	; 195
   00D0 C3                  267 	.db #0xc3	; 195
   00D1 C3                  268 	.db #0xc3	; 195
   00D2 03                  269 	.db #0x03	; 3
   00D3 03                  270 	.db #0x03	; 3
   00D4 03                  271 	.db #0x03	; 3
   00D5 03                  272 	.db #0x03	; 3
   00D6 03                  273 	.db #0x03	; 3
   00D7 03                  274 	.db #0x03	; 3
   00D8                     275 _tiles_sp_04:
   00D8 0F                  276 	.db #0x0f	; 15
   00D9 00                  277 	.db #0x00	; 0
   00DA 0F                  278 	.db #0x0f	; 15
   00DB 2F                  279 	.db #0x2f	; 47
   00DC 1F                  280 	.db #0x1f	; 31
   00DD 0A                  281 	.db #0x0a	; 10
   00DE 05                  282 	.db #0x05	; 5
   00DF 2F                  283 	.db #0x2f	; 47
   00E0 0F                  284 	.db #0x0f	; 15
   00E1 0F                  285 	.db #0x0f	; 15
   00E2 0F                  286 	.db #0x0f	; 15
   00E3 0F                  287 	.db #0x0f	; 15
   00E4 0F                  288 	.db #0x0f	; 15
   00E5 1F                  289 	.db #0x1f	; 31
   00E6 0F                  290 	.db #0x0f	; 15
   00E7 00                  291 	.db #0x00	; 0
   00E8 5F                  292 	.db #0x5f	; 95
   00E9 FF                  293 	.db #0xff	; 255
   00EA 0F                  294 	.db #0x0f	; 15
   00EB 0A                  295 	.db #0x0a	; 10
   00EC 00                  296 	.db #0x00	; 0
   00ED 2A                  297 	.db #0x2a	; 42
   00EE 55                  298 	.db #0x55	; 85	'U'
   00EF AF                  299 	.db #0xaf	; 175
   00F0 00                  300 	.db #0x00	; 0
   00F1 0A                  301 	.db #0x0a	; 10
   00F2 0A                  302 	.db #0x0a	; 10
   00F3 55                  303 	.db #0x55	; 85	'U'
   00F4 BF                  304 	.db #0xbf	; 191
   00F5 05                  305 	.db #0x05	; 5
   00F6 0F                  306 	.db #0x0f	; 15
   00F7 5F                  307 	.db #0x5f	; 95
   00F8 FF                  308 	.db #0xff	; 255
   00F9 AF                  309 	.db #0xaf	; 175
   00FA 0F                  310 	.db #0x0f	; 15
   00FB 00                  311 	.db #0x00	; 0
   00FC 0F                  312 	.db #0x0f	; 15
   00FD 0F                  313 	.db #0x0f	; 15
   00FE 0F                  314 	.db #0x0f	; 15
   00FF 00                  315 	.db #0x00	; 0
   0100 0A                  316 	.db #0x0a	; 10
   0101 05                  317 	.db #0x05	; 5
   0102 00                  318 	.db #0x00	; 0
   0103 0A                  319 	.db #0x0a	; 10
   0104 05                  320 	.db #0x05	; 5
   0105 0F                  321 	.db #0x0f	; 15
   0106 0F                  322 	.db #0x0f	; 15
   0107 00                  323 	.db #0x00	; 0
   0108 0F                  324 	.db #0x0f	; 15
   0109 0F                  325 	.db #0x0f	; 15
   010A                     326 _tiles_sp_05:
   010A 2F                  327 	.db #0x2f	; 47
   010B 1F                  328 	.db #0x1f	; 31
   010C 0F                  329 	.db #0x0f	; 15
   010D 00                  330 	.db #0x00	; 0
   010E 0F                  331 	.db #0x0f	; 15
   010F 0F                  332 	.db #0x0f	; 15
   0110 0F                  333 	.db #0x0f	; 15
   0111 1F                  334 	.db #0x1f	; 31
   0112 0A                  335 	.db #0x0a	; 10
   0113 05                  336 	.db #0x05	; 5
   0114 0F                  337 	.db #0x0f	; 15
   0115 2F                  338 	.db #0x2f	; 47
   0116 0F                  339 	.db #0x0f	; 15
   0117 0F                  340 	.db #0x0f	; 15
   0118 0F                  341 	.db #0x0f	; 15
   0119 05                  342 	.db #0x05	; 5
   011A 0F                  343 	.db #0x0f	; 15
   011B FF                  344 	.db #0xff	; 255
   011C AF                  345 	.db #0xaf	; 175
   011D 00                  346 	.db #0x00	; 0
   011E 00                  347 	.db #0x00	; 0
   011F 5F                  348 	.db #0x5f	; 95
   0120 AA                  349 	.db #0xaa	; 170
   0121 15                  350 	.db #0x15	; 21
   0122 00                  351 	.db #0x00	; 0
   0123 0A                  352 	.db #0x0a	; 10
   0124 7F                  353 	.db #0x7f	; 127
   0125 AA                  354 	.db #0xaa	; 170
   0126 05                  355 	.db #0x05	; 5
   0127 05                  356 	.db #0x05	; 5
   0128 0F                  357 	.db #0x0f	; 15
   0129 5F                  358 	.db #0x5f	; 95
   012A FF                  359 	.db #0xff	; 255
   012B AF                  360 	.db #0xaf	; 175
   012C 0F                  361 	.db #0x0f	; 15
   012D 00                  362 	.db #0x00	; 0
   012E 0F                  363 	.db #0x0f	; 15
   012F 0F                  364 	.db #0x0f	; 15
   0130 0F                  365 	.db #0x0f	; 15
   0131 00                  366 	.db #0x00	; 0
   0132 0A                  367 	.db #0x0a	; 10
   0133 05                  368 	.db #0x05	; 5
   0134 00                  369 	.db #0x00	; 0
   0135 0A                  370 	.db #0x0a	; 10
   0136 05                  371 	.db #0x05	; 5
   0137 0F                  372 	.db #0x0f	; 15
   0138 0F                  373 	.db #0x0f	; 15
   0139 00                  374 	.db #0x00	; 0
   013A 0F                  375 	.db #0x0f	; 15
   013B 0F                  376 	.db #0x0f	; 15
   013C                     377 _tiles_sp_06:
   013C 3C                  378 	.db #0x3c	; 60
   013D 00                  379 	.db #0x00	; 0
   013E 3C                  380 	.db #0x3c	; 60
   013F 3E                  381 	.db #0x3e	; 62
   0140 3D                  382 	.db #0x3d	; 61
   0141 28                  383 	.db #0x28	; 40
   0142 14                  384 	.db #0x14	; 20
   0143 3E                  385 	.db #0x3e	; 62
   0144 3C                  386 	.db #0x3c	; 60
   0145 3C                  387 	.db #0x3c	; 60
   0146 3C                  388 	.db #0x3c	; 60
   0147 3C                  389 	.db #0x3c	; 60
   0148 3C                  390 	.db #0x3c	; 60
   0149 3D                  391 	.db #0x3d	; 61
   014A 3C                  392 	.db #0x3c	; 60
   014B 00                  393 	.db #0x00	; 0
   014C 7D                  394 	.db #0x7d	; 125
   014D FF                  395 	.db #0xff	; 255
   014E 3C                  396 	.db #0x3c	; 60
   014F 28                  397 	.db #0x28	; 40
   0150 00                  398 	.db #0x00	; 0
   0151 2A                  399 	.db #0x2a	; 42
   0152 55                  400 	.db #0x55	; 85	'U'
   0153 BE                  401 	.db #0xbe	; 190
   0154 00                  402 	.db #0x00	; 0
   0155 28                  403 	.db #0x28	; 40
   0156 28                  404 	.db #0x28	; 40
   0157 55                  405 	.db #0x55	; 85	'U'
   0158 BF                  406 	.db #0xbf	; 191
   0159 14                  407 	.db #0x14	; 20
   015A 3C                  408 	.db #0x3c	; 60
   015B 7D                  409 	.db #0x7d	; 125
   015C FF                  410 	.db #0xff	; 255
   015D BE                  411 	.db #0xbe	; 190
   015E 3C                  412 	.db #0x3c	; 60
   015F 00                  413 	.db #0x00	; 0
   0160 3C                  414 	.db #0x3c	; 60
   0161 3C                  415 	.db #0x3c	; 60
   0162 3C                  416 	.db #0x3c	; 60
   0163 00                  417 	.db #0x00	; 0
   0164 28                  418 	.db #0x28	; 40
   0165 14                  419 	.db #0x14	; 20
   0166 00                  420 	.db #0x00	; 0
   0167 28                  421 	.db #0x28	; 40
   0168 14                  422 	.db #0x14	; 20
   0169 3C                  423 	.db #0x3c	; 60
   016A 3C                  424 	.db #0x3c	; 60
   016B 00                  425 	.db #0x00	; 0
   016C 3C                  426 	.db #0x3c	; 60
   016D 3C                  427 	.db #0x3c	; 60
   016E                     428 _tiles_sp_07:
   016E 3E                  429 	.db #0x3e	; 62
   016F 3D                  430 	.db #0x3d	; 61
   0170 3C                  431 	.db #0x3c	; 60
   0171 00                  432 	.db #0x00	; 0
   0172 3C                  433 	.db #0x3c	; 60
   0173 3C                  434 	.db #0x3c	; 60
   0174 3C                  435 	.db #0x3c	; 60
   0175 3D                  436 	.db #0x3d	; 61
   0176 28                  437 	.db #0x28	; 40
   0177 14                  438 	.db #0x14	; 20
   0178 3C                  439 	.db #0x3c	; 60
   0179 3E                  440 	.db #0x3e	; 62
   017A 3C                  441 	.db #0x3c	; 60
   017B 3C                  442 	.db #0x3c	; 60
   017C 3C                  443 	.db #0x3c	; 60
   017D 14                  444 	.db #0x14	; 20
   017E 3C                  445 	.db #0x3c	; 60
   017F FF                  446 	.db #0xff	; 255
   0180 BE                  447 	.db #0xbe	; 190
   0181 00                  448 	.db #0x00	; 0
   0182 00                  449 	.db #0x00	; 0
   0183 7D                  450 	.db #0x7d	; 125
   0184 AA                  451 	.db #0xaa	; 170
   0185 15                  452 	.db #0x15	; 21
   0186 00                  453 	.db #0x00	; 0
   0187 28                  454 	.db #0x28	; 40
   0188 7F                  455 	.db #0x7f	; 127
   0189 AA                  456 	.db #0xaa	; 170
   018A 14                  457 	.db #0x14	; 20
   018B 14                  458 	.db #0x14	; 20
   018C 3C                  459 	.db #0x3c	; 60
   018D 7D                  460 	.db #0x7d	; 125
   018E FF                  461 	.db #0xff	; 255
   018F BE                  462 	.db #0xbe	; 190
   0190 3C                  463 	.db #0x3c	; 60
   0191 00                  464 	.db #0x00	; 0
   0192 3C                  465 	.db #0x3c	; 60
   0193 3C                  466 	.db #0x3c	; 60
   0194 3C                  467 	.db #0x3c	; 60
   0195 00                  468 	.db #0x00	; 0
   0196 28                  469 	.db #0x28	; 40
   0197 14                  470 	.db #0x14	; 20
   0198 00                  471 	.db #0x00	; 0
   0199 28                  472 	.db #0x28	; 40
   019A 14                  473 	.db #0x14	; 20
   019B 3C                  474 	.db #0x3c	; 60
   019C 3C                  475 	.db #0x3c	; 60
   019D 00                  476 	.db #0x00	; 0
   019E 3C                  477 	.db #0x3c	; 60
   019F 3C                  478 	.db #0x3c	; 60
   01A0                     479 _tiles_sp_08:
   01A0 30                  480 	.db #0x30	; 48	'0'
   01A1 00                  481 	.db #0x00	; 0
   01A2 30                  482 	.db #0x30	; 48	'0'
   01A3 3A                  483 	.db #0x3a	; 58
   01A4 35                  484 	.db #0x35	; 53	'5'
   01A5 20                  485 	.db #0x20	; 32
   01A6 10                  486 	.db #0x10	; 16
   01A7 3A                  487 	.db #0x3a	; 58
   01A8 30                  488 	.db #0x30	; 48	'0'
   01A9 30                  489 	.db #0x30	; 48	'0'
   01AA 30                  490 	.db #0x30	; 48	'0'
   01AB 30                  491 	.db #0x30	; 48	'0'
   01AC 30                  492 	.db #0x30	; 48	'0'
   01AD 35                  493 	.db #0x35	; 53	'5'
   01AE 30                  494 	.db #0x30	; 48	'0'
   01AF 00                  495 	.db #0x00	; 0
   01B0 75                  496 	.db #0x75	; 117	'u'
   01B1 FF                  497 	.db #0xff	; 255
   01B2 30                  498 	.db #0x30	; 48	'0'
   01B3 20                  499 	.db #0x20	; 32
   01B4 00                  500 	.db #0x00	; 0
   01B5 2A                  501 	.db #0x2a	; 42
   01B6 55                  502 	.db #0x55	; 85	'U'
   01B7 BA                  503 	.db #0xba	; 186
   01B8 00                  504 	.db #0x00	; 0
   01B9 20                  505 	.db #0x20	; 32
   01BA 20                  506 	.db #0x20	; 32
   01BB 55                  507 	.db #0x55	; 85	'U'
   01BC BF                  508 	.db #0xbf	; 191
   01BD 10                  509 	.db #0x10	; 16
   01BE 30                  510 	.db #0x30	; 48	'0'
   01BF 75                  511 	.db #0x75	; 117	'u'
   01C0 FF                  512 	.db #0xff	; 255
   01C1 BA                  513 	.db #0xba	; 186
   01C2 30                  514 	.db #0x30	; 48	'0'
   01C3 00                  515 	.db #0x00	; 0
   01C4 30                  516 	.db #0x30	; 48	'0'
   01C5 30                  517 	.db #0x30	; 48	'0'
   01C6 30                  518 	.db #0x30	; 48	'0'
   01C7 00                  519 	.db #0x00	; 0
   01C8 20                  520 	.db #0x20	; 32
   01C9 10                  521 	.db #0x10	; 16
   01CA 00                  522 	.db #0x00	; 0
   01CB 20                  523 	.db #0x20	; 32
   01CC 10                  524 	.db #0x10	; 16
   01CD 30                  525 	.db #0x30	; 48	'0'
   01CE 30                  526 	.db #0x30	; 48	'0'
   01CF 00                  527 	.db #0x00	; 0
   01D0 30                  528 	.db #0x30	; 48	'0'
   01D1 30                  529 	.db #0x30	; 48	'0'
   01D2                     530 _tiles_sp_09:
   01D2 3A                  531 	.db #0x3a	; 58
   01D3 35                  532 	.db #0x35	; 53	'5'
   01D4 30                  533 	.db #0x30	; 48	'0'
   01D5 00                  534 	.db #0x00	; 0
   01D6 30                  535 	.db #0x30	; 48	'0'
   01D7 30                  536 	.db #0x30	; 48	'0'
   01D8 30                  537 	.db #0x30	; 48	'0'
   01D9 35                  538 	.db #0x35	; 53	'5'
   01DA 20                  539 	.db #0x20	; 32
   01DB 10                  540 	.db #0x10	; 16
   01DC 30                  541 	.db #0x30	; 48	'0'
   01DD 3A                  542 	.db #0x3a	; 58
   01DE 30                  543 	.db #0x30	; 48	'0'
   01DF 30                  544 	.db #0x30	; 48	'0'
   01E0 30                  545 	.db #0x30	; 48	'0'
   01E1 10                  546 	.db #0x10	; 16
   01E2 30                  547 	.db #0x30	; 48	'0'
   01E3 FF                  548 	.db #0xff	; 255
   01E4 BA                  549 	.db #0xba	; 186
   01E5 00                  550 	.db #0x00	; 0
   01E6 00                  551 	.db #0x00	; 0
   01E7 75                  552 	.db #0x75	; 117	'u'
   01E8 AA                  553 	.db #0xaa	; 170
   01E9 15                  554 	.db #0x15	; 21
   01EA 00                  555 	.db #0x00	; 0
   01EB 20                  556 	.db #0x20	; 32
   01EC 7F                  557 	.db #0x7f	; 127
   01ED AA                  558 	.db #0xaa	; 170
   01EE 10                  559 	.db #0x10	; 16
   01EF 10                  560 	.db #0x10	; 16
   01F0 30                  561 	.db #0x30	; 48	'0'
   01F1 75                  562 	.db #0x75	; 117	'u'
   01F2 FF                  563 	.db #0xff	; 255
   01F3 BA                  564 	.db #0xba	; 186
   01F4 30                  565 	.db #0x30	; 48	'0'
   01F5 00                  566 	.db #0x00	; 0
   01F6 30                  567 	.db #0x30	; 48	'0'
   01F7 30                  568 	.db #0x30	; 48	'0'
   01F8 30                  569 	.db #0x30	; 48	'0'
   01F9 00                  570 	.db #0x00	; 0
   01FA 20                  571 	.db #0x20	; 32
   01FB 10                  572 	.db #0x10	; 16
   01FC 00                  573 	.db #0x00	; 0
   01FD 20                  574 	.db #0x20	; 32
   01FE 10                  575 	.db #0x10	; 16
   01FF 30                  576 	.db #0x30	; 48	'0'
   0200 30                  577 	.db #0x30	; 48	'0'
   0201 00                  578 	.db #0x00	; 0
   0202 30                  579 	.db #0x30	; 48	'0'
   0203 30                  580 	.db #0x30	; 48	'0'
                            581 	.area _INITIALIZER
                            582 	.area _CABS (ABS)
