                              1 ;--------------------------------------------------------
                              2 ; File Created by SDCC : free open source ANSI-C Compiler
                              3 ; Version 3.6.8 #9946 (Linux)
                              4 ;--------------------------------------------------------
                              5 	.module walls
                              6 	.optsdcc -mz80
                              7 	
                              8 ;--------------------------------------------------------
                              9 ; Public variables in this module
                             10 ;--------------------------------------------------------
                             11 	.globl _walls_sp_5
                             12 	.globl _walls_sp_4
                             13 	.globl _walls_sp_3
                             14 	.globl _walls_sp_2
                             15 	.globl _walls_sp_1
                             16 	.globl _walls_sp_0
                             17 	.globl _walls_pal
                             18 ;--------------------------------------------------------
                             19 ; special function registers
                             20 ;--------------------------------------------------------
                             21 ;--------------------------------------------------------
                             22 ; ram data
                             23 ;--------------------------------------------------------
                             24 	.area _DATA
                             25 ;--------------------------------------------------------
                             26 ; ram data
                             27 ;--------------------------------------------------------
                             28 	.area _INITIALIZED
                             29 ;--------------------------------------------------------
                             30 ; absolute external ram data
                             31 ;--------------------------------------------------------
                             32 	.area _DABS (ABS)
                             33 ;--------------------------------------------------------
                             34 ; global & static initialisations
                             35 ;--------------------------------------------------------
                             36 	.area _HOME
                             37 	.area _GSINIT
                             38 	.area _GSFINAL
                             39 	.area _GSINIT
                             40 ;--------------------------------------------------------
                             41 ; Home
                             42 ;--------------------------------------------------------
                             43 	.area _HOME
                             44 	.area _HOME
                             45 ;--------------------------------------------------------
                             46 ; code
                             47 ;--------------------------------------------------------
                             48 	.area _CODE
                             49 	.area _CODE
   0000                      50 _walls_pal:
   0000 54                   51 	.db #0x54	; 84	'T'
   0001 44                   52 	.db #0x44	; 68	'D'
   0002 55                   53 	.db #0x55	; 85	'U'
   0003 5C                   54 	.db #0x5c	; 92
   0004 4C                   55 	.db #0x4c	; 76	'L'
   0005 56                   56 	.db #0x56	; 86	'V'
   0006 57                   57 	.db #0x57	; 87	'W'
   0007 5E                   58 	.db #0x5e	; 94
   0008 40                   59 	.db #0x40	; 64
   0009 5F                   60 	.db #0x5f	; 95
   000A 4E                   61 	.db #0x4e	; 78	'N'
   000B 52                   62 	.db #0x52	; 82	'R'
   000C 53                   63 	.db #0x53	; 83	'S'
   000D 4A                   64 	.db #0x4a	; 74	'J'
   000E 43                   65 	.db #0x43	; 67	'C'
   000F 4B                   66 	.db #0x4b	; 75	'K'
   0010                      67 _walls_sp_0:
   0010 F0                   68 	.db #0xf0	; 240
   0011 F0                   69 	.db #0xf0	; 240
   0012 F0                   70 	.db #0xf0	; 240
   0013 F0                   71 	.db #0xf0	; 240
   0014 F0                   72 	.db #0xf0	; 240
   0015 F0                   73 	.db #0xf0	; 240
   0016 CF                   74 	.db #0xcf	; 207
   0017 CF                   75 	.db #0xcf	; 207
   0018 CF                   76 	.db #0xcf	; 207
   0019 DA                   77 	.db #0xda	; 218
   001A F0                   78 	.db #0xf0	; 240
   001B E5                   79 	.db #0xe5	; 229
   001C E5                   80 	.db #0xe5	; 229
   001D F0                   81 	.db #0xf0	; 240
   001E DA                   82 	.db #0xda	; 218
   001F E5                   83 	.db #0xe5	; 229
   0020 F0                   84 	.db #0xf0	; 240
   0021 CF                   85 	.db #0xcf	; 207
   0022 DA                   86 	.db #0xda	; 218
   0023 DA                   87 	.db #0xda	; 218
   0024 E5                   88 	.db #0xe5	; 229
   0025 DA                   89 	.db #0xda	; 218
   0026 E5                   90 	.db #0xe5	; 229
   0027 CF                   91 	.db #0xcf	; 207
   0028 DA                   92 	.db #0xda	; 218
   0029 E5                   93 	.db #0xe5	; 229
   002A CF                   94 	.db #0xcf	; 207
   002B F0                   95 	.db #0xf0	; 240
   002C E5                   96 	.db #0xe5	; 229
   002D DA                   97 	.db #0xda	; 218
   002E E5                   98 	.db #0xe5	; 229
   002F E5                   99 	.db #0xe5	; 229
   0030 CF                  100 	.db #0xcf	; 207
   0031 F0                  101 	.db #0xf0	; 240
   0032 DA                  102 	.db #0xda	; 218
   0033 E5                  103 	.db #0xe5	; 229
   0034 F0                  104 	.db #0xf0	; 240
   0035 DA                  105 	.db #0xda	; 218
   0036 DA                  106 	.db #0xda	; 218
   0037 F0                  107 	.db #0xf0	; 240
   0038 E5                  108 	.db #0xe5	; 229
   0039 CF                  109 	.db #0xcf	; 207
   003A CF                  110 	.db #0xcf	; 207
   003B CF                  111 	.db #0xcf	; 207
   003C F0                  112 	.db #0xf0	; 240
   003D F0                  113 	.db #0xf0	; 240
   003E F0                  114 	.db #0xf0	; 240
   003F F0                  115 	.db #0xf0	; 240
   0040 F0                  116 	.db #0xf0	; 240
   0041 F0                  117 	.db #0xf0	; 240
   0042 F0                  118 	.db #0xf0	; 240
   0043 F0                  119 	.db #0xf0	; 240
   0044 F0                  120 	.db #0xf0	; 240
   0045 F0                  121 	.db #0xf0	; 240
   0046 F0                  122 	.db #0xf0	; 240
   0047 F0                  123 	.db #0xf0	; 240
   0048 CF                  124 	.db #0xcf	; 207
   0049 CF                  125 	.db #0xcf	; 207
   004A CF                  126 	.db #0xcf	; 207
   004B DA                  127 	.db #0xda	; 218
   004C F0                  128 	.db #0xf0	; 240
   004D E5                  129 	.db #0xe5	; 229
   004E E5                  130 	.db #0xe5	; 229
   004F F0                  131 	.db #0xf0	; 240
   0050 DA                  132 	.db #0xda	; 218
   0051 E5                  133 	.db #0xe5	; 229
   0052 F0                  134 	.db #0xf0	; 240
   0053 CF                  135 	.db #0xcf	; 207
   0054 DA                  136 	.db #0xda	; 218
   0055 DA                  137 	.db #0xda	; 218
   0056 E5                  138 	.db #0xe5	; 229
   0057 DA                  139 	.db #0xda	; 218
   0058 E5                  140 	.db #0xe5	; 229
   0059 CF                  141 	.db #0xcf	; 207
   005A DA                  142 	.db #0xda	; 218
   005B E5                  143 	.db #0xe5	; 229
   005C CF                  144 	.db #0xcf	; 207
   005D F0                  145 	.db #0xf0	; 240
   005E E5                  146 	.db #0xe5	; 229
   005F DA                  147 	.db #0xda	; 218
   0060 E5                  148 	.db #0xe5	; 229
   0061 E5                  149 	.db #0xe5	; 229
   0062 CF                  150 	.db #0xcf	; 207
   0063 F0                  151 	.db #0xf0	; 240
   0064 DA                  152 	.db #0xda	; 218
   0065 E5                  153 	.db #0xe5	; 229
   0066 F0                  154 	.db #0xf0	; 240
   0067 DA                  155 	.db #0xda	; 218
   0068 DA                  156 	.db #0xda	; 218
   0069 F0                  157 	.db #0xf0	; 240
   006A E5                  158 	.db #0xe5	; 229
   006B CF                  159 	.db #0xcf	; 207
   006C CF                  160 	.db #0xcf	; 207
   006D CF                  161 	.db #0xcf	; 207
   006E F0                  162 	.db #0xf0	; 240
   006F F0                  163 	.db #0xf0	; 240
   0070 F0                  164 	.db #0xf0	; 240
   0071 F0                  165 	.db #0xf0	; 240
   0072 F0                  166 	.db #0xf0	; 240
   0073 F0                  167 	.db #0xf0	; 240
   0074 F0                  168 	.db #0xf0	; 240
   0075 F0                  169 	.db #0xf0	; 240
   0076 F0                  170 	.db #0xf0	; 240
   0077 F0                  171 	.db #0xf0	; 240
   0078 F0                  172 	.db #0xf0	; 240
   0079 F0                  173 	.db #0xf0	; 240
   007A CF                  174 	.db #0xcf	; 207
   007B CF                  175 	.db #0xcf	; 207
   007C CF                  176 	.db #0xcf	; 207
   007D DA                  177 	.db #0xda	; 218
   007E F0                  178 	.db #0xf0	; 240
   007F E5                  179 	.db #0xe5	; 229
   0080 E5                  180 	.db #0xe5	; 229
   0081 F0                  181 	.db #0xf0	; 240
   0082 DA                  182 	.db #0xda	; 218
   0083 E5                  183 	.db #0xe5	; 229
   0084 F0                  184 	.db #0xf0	; 240
   0085 CF                  185 	.db #0xcf	; 207
   0086 DA                  186 	.db #0xda	; 218
   0087 DA                  187 	.db #0xda	; 218
   0088 E5                  188 	.db #0xe5	; 229
   0089 DA                  189 	.db #0xda	; 218
   008A E5                  190 	.db #0xe5	; 229
   008B CF                  191 	.db #0xcf	; 207
   008C DA                  192 	.db #0xda	; 218
   008D E5                  193 	.db #0xe5	; 229
   008E CF                  194 	.db #0xcf	; 207
   008F F0                  195 	.db #0xf0	; 240
   0090 E5                  196 	.db #0xe5	; 229
   0091 DA                  197 	.db #0xda	; 218
   0092 E5                  198 	.db #0xe5	; 229
   0093 E5                  199 	.db #0xe5	; 229
   0094 CF                  200 	.db #0xcf	; 207
   0095 F0                  201 	.db #0xf0	; 240
   0096 DA                  202 	.db #0xda	; 218
   0097 E5                  203 	.db #0xe5	; 229
   0098 F0                  204 	.db #0xf0	; 240
   0099 DA                  205 	.db #0xda	; 218
   009A DA                  206 	.db #0xda	; 218
   009B F0                  207 	.db #0xf0	; 240
   009C E5                  208 	.db #0xe5	; 229
   009D CF                  209 	.db #0xcf	; 207
   009E CF                  210 	.db #0xcf	; 207
   009F CF                  211 	.db #0xcf	; 207
   00A0 F0                  212 	.db #0xf0	; 240
   00A1 F0                  213 	.db #0xf0	; 240
   00A2 F0                  214 	.db #0xf0	; 240
   00A3 F0                  215 	.db #0xf0	; 240
   00A4 F0                  216 	.db #0xf0	; 240
   00A5 F0                  217 	.db #0xf0	; 240
   00A6                     218 _walls_sp_1:
   00A6 F0                  219 	.db #0xf0	; 240
   00A7 F0                  220 	.db #0xf0	; 240
   00A8 F0                  221 	.db #0xf0	; 240
   00A9 F0                  222 	.db #0xf0	; 240
   00AA F0                  223 	.db #0xf0	; 240
   00AB F0                  224 	.db #0xf0	; 240
   00AC CF                  225 	.db #0xcf	; 207
   00AD CF                  226 	.db #0xcf	; 207
   00AE CF                  227 	.db #0xcf	; 207
   00AF DA                  228 	.db #0xda	; 218
   00B0 F0                  229 	.db #0xf0	; 240
   00B1 E5                  230 	.db #0xe5	; 229
   00B2 E5                  231 	.db #0xe5	; 229
   00B3 F0                  232 	.db #0xf0	; 240
   00B4 DA                  233 	.db #0xda	; 218
   00B5 E5                  234 	.db #0xe5	; 229
   00B6 F0                  235 	.db #0xf0	; 240
   00B7 CF                  236 	.db #0xcf	; 207
   00B8 DA                  237 	.db #0xda	; 218
   00B9 DA                  238 	.db #0xda	; 218
   00BA E5                  239 	.db #0xe5	; 229
   00BB DA                  240 	.db #0xda	; 218
   00BC E5                  241 	.db #0xe5	; 229
   00BD CF                  242 	.db #0xcf	; 207
   00BE DA                  243 	.db #0xda	; 218
   00BF E5                  244 	.db #0xe5	; 229
   00C0 CF                  245 	.db #0xcf	; 207
   00C1 F0                  246 	.db #0xf0	; 240
   00C2 E5                  247 	.db #0xe5	; 229
   00C3 DA                  248 	.db #0xda	; 218
   00C4 E5                  249 	.db #0xe5	; 229
   00C5 E5                  250 	.db #0xe5	; 229
   00C6 CF                  251 	.db #0xcf	; 207
   00C7 F0                  252 	.db #0xf0	; 240
   00C8 DA                  253 	.db #0xda	; 218
   00C9 E5                  254 	.db #0xe5	; 229
   00CA F0                  255 	.db #0xf0	; 240
   00CB DA                  256 	.db #0xda	; 218
   00CC DA                  257 	.db #0xda	; 218
   00CD F0                  258 	.db #0xf0	; 240
   00CE E5                  259 	.db #0xe5	; 229
   00CF CF                  260 	.db #0xcf	; 207
   00D0 CF                  261 	.db #0xcf	; 207
   00D1 CF                  262 	.db #0xcf	; 207
   00D2 F0                  263 	.db #0xf0	; 240
   00D3 F0                  264 	.db #0xf0	; 240
   00D4 F0                  265 	.db #0xf0	; 240
   00D5 F0                  266 	.db #0xf0	; 240
   00D6 F0                  267 	.db #0xf0	; 240
   00D7 F0                  268 	.db #0xf0	; 240
   00D8 F0                  269 	.db #0xf0	; 240
   00D9 F0                  270 	.db #0xf0	; 240
   00DA F0                  271 	.db #0xf0	; 240
   00DB F0                  272 	.db #0xf0	; 240
   00DC F0                  273 	.db #0xf0	; 240
   00DD F0                  274 	.db #0xf0	; 240
   00DE CF                  275 	.db #0xcf	; 207
   00DF CF                  276 	.db #0xcf	; 207
   00E0 CF                  277 	.db #0xcf	; 207
   00E1 DA                  278 	.db #0xda	; 218
   00E2 F0                  279 	.db #0xf0	; 240
   00E3 E5                  280 	.db #0xe5	; 229
   00E4 E5                  281 	.db #0xe5	; 229
   00E5 F0                  282 	.db #0xf0	; 240
   00E6 DA                  283 	.db #0xda	; 218
   00E7 E5                  284 	.db #0xe5	; 229
   00E8 F0                  285 	.db #0xf0	; 240
   00E9 CF                  286 	.db #0xcf	; 207
   00EA DA                  287 	.db #0xda	; 218
   00EB DA                  288 	.db #0xda	; 218
   00EC E5                  289 	.db #0xe5	; 229
   00ED DA                  290 	.db #0xda	; 218
   00EE E5                  291 	.db #0xe5	; 229
   00EF CF                  292 	.db #0xcf	; 207
   00F0 DA                  293 	.db #0xda	; 218
   00F1 E5                  294 	.db #0xe5	; 229
   00F2 CF                  295 	.db #0xcf	; 207
   00F3 F0                  296 	.db #0xf0	; 240
   00F4 E5                  297 	.db #0xe5	; 229
   00F5 DA                  298 	.db #0xda	; 218
   00F6 E5                  299 	.db #0xe5	; 229
   00F7 E5                  300 	.db #0xe5	; 229
   00F8 CF                  301 	.db #0xcf	; 207
   00F9 F0                  302 	.db #0xf0	; 240
   00FA DA                  303 	.db #0xda	; 218
   00FB E5                  304 	.db #0xe5	; 229
   00FC F0                  305 	.db #0xf0	; 240
   00FD DA                  306 	.db #0xda	; 218
   00FE DA                  307 	.db #0xda	; 218
   00FF F0                  308 	.db #0xf0	; 240
   0100 E5                  309 	.db #0xe5	; 229
   0101 CF                  310 	.db #0xcf	; 207
   0102 CF                  311 	.db #0xcf	; 207
   0103 CF                  312 	.db #0xcf	; 207
   0104 F0                  313 	.db #0xf0	; 240
   0105 F0                  314 	.db #0xf0	; 240
   0106 F0                  315 	.db #0xf0	; 240
   0107 F0                  316 	.db #0xf0	; 240
   0108 F0                  317 	.db #0xf0	; 240
   0109 F0                  318 	.db #0xf0	; 240
   010A F0                  319 	.db #0xf0	; 240
   010B F0                  320 	.db #0xf0	; 240
   010C F0                  321 	.db #0xf0	; 240
   010D F0                  322 	.db #0xf0	; 240
   010E F0                  323 	.db #0xf0	; 240
   010F F0                  324 	.db #0xf0	; 240
   0110 CF                  325 	.db #0xcf	; 207
   0111 CF                  326 	.db #0xcf	; 207
   0112 CF                  327 	.db #0xcf	; 207
   0113 DA                  328 	.db #0xda	; 218
   0114 F0                  329 	.db #0xf0	; 240
   0115 E5                  330 	.db #0xe5	; 229
   0116 E5                  331 	.db #0xe5	; 229
   0117 F0                  332 	.db #0xf0	; 240
   0118 DA                  333 	.db #0xda	; 218
   0119 E5                  334 	.db #0xe5	; 229
   011A F0                  335 	.db #0xf0	; 240
   011B CF                  336 	.db #0xcf	; 207
   011C DA                  337 	.db #0xda	; 218
   011D DA                  338 	.db #0xda	; 218
   011E E5                  339 	.db #0xe5	; 229
   011F DA                  340 	.db #0xda	; 218
   0120 E5                  341 	.db #0xe5	; 229
   0121 CF                  342 	.db #0xcf	; 207
   0122 DA                  343 	.db #0xda	; 218
   0123 E5                  344 	.db #0xe5	; 229
   0124 CF                  345 	.db #0xcf	; 207
   0125 F0                  346 	.db #0xf0	; 240
   0126 E5                  347 	.db #0xe5	; 229
   0127 DA                  348 	.db #0xda	; 218
   0128 E5                  349 	.db #0xe5	; 229
   0129 E5                  350 	.db #0xe5	; 229
   012A CF                  351 	.db #0xcf	; 207
   012B F0                  352 	.db #0xf0	; 240
   012C DA                  353 	.db #0xda	; 218
   012D E5                  354 	.db #0xe5	; 229
   012E F0                  355 	.db #0xf0	; 240
   012F DA                  356 	.db #0xda	; 218
   0130 DA                  357 	.db #0xda	; 218
   0131 F0                  358 	.db #0xf0	; 240
   0132 E5                  359 	.db #0xe5	; 229
   0133 CF                  360 	.db #0xcf	; 207
   0134 CF                  361 	.db #0xcf	; 207
   0135 CF                  362 	.db #0xcf	; 207
   0136 F0                  363 	.db #0xf0	; 240
   0137 F0                  364 	.db #0xf0	; 240
   0138 F0                  365 	.db #0xf0	; 240
   0139 F0                  366 	.db #0xf0	; 240
   013A F0                  367 	.db #0xf0	; 240
   013B F0                  368 	.db #0xf0	; 240
   013C                     369 _walls_sp_2:
   013C F0                  370 	.db #0xf0	; 240
   013D F0                  371 	.db #0xf0	; 240
   013E F0                  372 	.db #0xf0	; 240
   013F F0                  373 	.db #0xf0	; 240
   0140 F0                  374 	.db #0xf0	; 240
   0141 F0                  375 	.db #0xf0	; 240
   0142 CF                  376 	.db #0xcf	; 207
   0143 CF                  377 	.db #0xcf	; 207
   0144 CF                  378 	.db #0xcf	; 207
   0145 DA                  379 	.db #0xda	; 218
   0146 F0                  380 	.db #0xf0	; 240
   0147 E5                  381 	.db #0xe5	; 229
   0148 E5                  382 	.db #0xe5	; 229
   0149 F0                  383 	.db #0xf0	; 240
   014A DA                  384 	.db #0xda	; 218
   014B E5                  385 	.db #0xe5	; 229
   014C F0                  386 	.db #0xf0	; 240
   014D CF                  387 	.db #0xcf	; 207
   014E DA                  388 	.db #0xda	; 218
   014F DA                  389 	.db #0xda	; 218
   0150 E5                  390 	.db #0xe5	; 229
   0151 DA                  391 	.db #0xda	; 218
   0152 E5                  392 	.db #0xe5	; 229
   0153 CF                  393 	.db #0xcf	; 207
   0154 DA                  394 	.db #0xda	; 218
   0155 E5                  395 	.db #0xe5	; 229
   0156 CF                  396 	.db #0xcf	; 207
   0157 F0                  397 	.db #0xf0	; 240
   0158 E5                  398 	.db #0xe5	; 229
   0159 DA                  399 	.db #0xda	; 218
   015A E5                  400 	.db #0xe5	; 229
   015B E5                  401 	.db #0xe5	; 229
   015C CF                  402 	.db #0xcf	; 207
   015D F0                  403 	.db #0xf0	; 240
   015E DA                  404 	.db #0xda	; 218
   015F E5                  405 	.db #0xe5	; 229
   0160 F0                  406 	.db #0xf0	; 240
   0161 DA                  407 	.db #0xda	; 218
   0162 DA                  408 	.db #0xda	; 218
   0163 F0                  409 	.db #0xf0	; 240
   0164 E5                  410 	.db #0xe5	; 229
   0165 CF                  411 	.db #0xcf	; 207
   0166 CF                  412 	.db #0xcf	; 207
   0167 CF                  413 	.db #0xcf	; 207
   0168 F0                  414 	.db #0xf0	; 240
   0169 F0                  415 	.db #0xf0	; 240
   016A F0                  416 	.db #0xf0	; 240
   016B F0                  417 	.db #0xf0	; 240
   016C F0                  418 	.db #0xf0	; 240
   016D F0                  419 	.db #0xf0	; 240
   016E F0                  420 	.db #0xf0	; 240
   016F F0                  421 	.db #0xf0	; 240
   0170 F0                  422 	.db #0xf0	; 240
   0171 F0                  423 	.db #0xf0	; 240
   0172 F0                  424 	.db #0xf0	; 240
   0173 F0                  425 	.db #0xf0	; 240
   0174 CF                  426 	.db #0xcf	; 207
   0175 CF                  427 	.db #0xcf	; 207
   0176 CF                  428 	.db #0xcf	; 207
   0177 DA                  429 	.db #0xda	; 218
   0178 F0                  430 	.db #0xf0	; 240
   0179 E5                  431 	.db #0xe5	; 229
   017A E5                  432 	.db #0xe5	; 229
   017B F0                  433 	.db #0xf0	; 240
   017C DA                  434 	.db #0xda	; 218
   017D E5                  435 	.db #0xe5	; 229
   017E F0                  436 	.db #0xf0	; 240
   017F CF                  437 	.db #0xcf	; 207
   0180 DA                  438 	.db #0xda	; 218
   0181 DA                  439 	.db #0xda	; 218
   0182 E5                  440 	.db #0xe5	; 229
   0183 DA                  441 	.db #0xda	; 218
   0184 E5                  442 	.db #0xe5	; 229
   0185 CF                  443 	.db #0xcf	; 207
   0186 DA                  444 	.db #0xda	; 218
   0187 E5                  445 	.db #0xe5	; 229
   0188 CF                  446 	.db #0xcf	; 207
   0189 F0                  447 	.db #0xf0	; 240
   018A E5                  448 	.db #0xe5	; 229
   018B DA                  449 	.db #0xda	; 218
   018C E5                  450 	.db #0xe5	; 229
   018D E5                  451 	.db #0xe5	; 229
   018E CF                  452 	.db #0xcf	; 207
   018F F0                  453 	.db #0xf0	; 240
   0190 DA                  454 	.db #0xda	; 218
   0191 E5                  455 	.db #0xe5	; 229
   0192 F0                  456 	.db #0xf0	; 240
   0193 DA                  457 	.db #0xda	; 218
   0194 DA                  458 	.db #0xda	; 218
   0195 F0                  459 	.db #0xf0	; 240
   0196 E5                  460 	.db #0xe5	; 229
   0197 CF                  461 	.db #0xcf	; 207
   0198 CF                  462 	.db #0xcf	; 207
   0199 CF                  463 	.db #0xcf	; 207
   019A F0                  464 	.db #0xf0	; 240
   019B F0                  465 	.db #0xf0	; 240
   019C F0                  466 	.db #0xf0	; 240
   019D F0                  467 	.db #0xf0	; 240
   019E F0                  468 	.db #0xf0	; 240
   019F F0                  469 	.db #0xf0	; 240
   01A0 F0                  470 	.db #0xf0	; 240
   01A1 F0                  471 	.db #0xf0	; 240
   01A2 F0                  472 	.db #0xf0	; 240
   01A3 F0                  473 	.db #0xf0	; 240
   01A4 F0                  474 	.db #0xf0	; 240
   01A5 F0                  475 	.db #0xf0	; 240
   01A6 CF                  476 	.db #0xcf	; 207
   01A7 CF                  477 	.db #0xcf	; 207
   01A8 CF                  478 	.db #0xcf	; 207
   01A9 DA                  479 	.db #0xda	; 218
   01AA F0                  480 	.db #0xf0	; 240
   01AB E5                  481 	.db #0xe5	; 229
   01AC E5                  482 	.db #0xe5	; 229
   01AD F0                  483 	.db #0xf0	; 240
   01AE DA                  484 	.db #0xda	; 218
   01AF E5                  485 	.db #0xe5	; 229
   01B0 F0                  486 	.db #0xf0	; 240
   01B1 CF                  487 	.db #0xcf	; 207
   01B2 DA                  488 	.db #0xda	; 218
   01B3 DA                  489 	.db #0xda	; 218
   01B4 E5                  490 	.db #0xe5	; 229
   01B5 DA                  491 	.db #0xda	; 218
   01B6 E5                  492 	.db #0xe5	; 229
   01B7 CF                  493 	.db #0xcf	; 207
   01B8 DA                  494 	.db #0xda	; 218
   01B9 E5                  495 	.db #0xe5	; 229
   01BA CF                  496 	.db #0xcf	; 207
   01BB F0                  497 	.db #0xf0	; 240
   01BC E5                  498 	.db #0xe5	; 229
   01BD DA                  499 	.db #0xda	; 218
   01BE E5                  500 	.db #0xe5	; 229
   01BF E5                  501 	.db #0xe5	; 229
   01C0 CF                  502 	.db #0xcf	; 207
   01C1 F0                  503 	.db #0xf0	; 240
   01C2 DA                  504 	.db #0xda	; 218
   01C3 E5                  505 	.db #0xe5	; 229
   01C4 F0                  506 	.db #0xf0	; 240
   01C5 DA                  507 	.db #0xda	; 218
   01C6 DA                  508 	.db #0xda	; 218
   01C7 F0                  509 	.db #0xf0	; 240
   01C8 E5                  510 	.db #0xe5	; 229
   01C9 CF                  511 	.db #0xcf	; 207
   01CA CF                  512 	.db #0xcf	; 207
   01CB CF                  513 	.db #0xcf	; 207
   01CC F0                  514 	.db #0xf0	; 240
   01CD F0                  515 	.db #0xf0	; 240
   01CE F0                  516 	.db #0xf0	; 240
   01CF F0                  517 	.db #0xf0	; 240
   01D0 F0                  518 	.db #0xf0	; 240
   01D1 F0                  519 	.db #0xf0	; 240
   01D2                     520 _walls_sp_3:
   01D2 F0                  521 	.db #0xf0	; 240
   01D3 F0                  522 	.db #0xf0	; 240
   01D4 F0                  523 	.db #0xf0	; 240
   01D5 F0                  524 	.db #0xf0	; 240
   01D6 F0                  525 	.db #0xf0	; 240
   01D7 F0                  526 	.db #0xf0	; 240
   01D8 CF                  527 	.db #0xcf	; 207
   01D9 CF                  528 	.db #0xcf	; 207
   01DA CF                  529 	.db #0xcf	; 207
   01DB DA                  530 	.db #0xda	; 218
   01DC F0                  531 	.db #0xf0	; 240
   01DD E5                  532 	.db #0xe5	; 229
   01DE E5                  533 	.db #0xe5	; 229
   01DF F0                  534 	.db #0xf0	; 240
   01E0 DA                  535 	.db #0xda	; 218
   01E1 E5                  536 	.db #0xe5	; 229
   01E2 F0                  537 	.db #0xf0	; 240
   01E3 CF                  538 	.db #0xcf	; 207
   01E4 DA                  539 	.db #0xda	; 218
   01E5 DA                  540 	.db #0xda	; 218
   01E6 E5                  541 	.db #0xe5	; 229
   01E7 DA                  542 	.db #0xda	; 218
   01E8 E5                  543 	.db #0xe5	; 229
   01E9 CF                  544 	.db #0xcf	; 207
   01EA DA                  545 	.db #0xda	; 218
   01EB E5                  546 	.db #0xe5	; 229
   01EC CF                  547 	.db #0xcf	; 207
   01ED F0                  548 	.db #0xf0	; 240
   01EE E5                  549 	.db #0xe5	; 229
   01EF DA                  550 	.db #0xda	; 218
   01F0 E5                  551 	.db #0xe5	; 229
   01F1 E5                  552 	.db #0xe5	; 229
   01F2 CF                  553 	.db #0xcf	; 207
   01F3 F0                  554 	.db #0xf0	; 240
   01F4 DA                  555 	.db #0xda	; 218
   01F5 E5                  556 	.db #0xe5	; 229
   01F6 F0                  557 	.db #0xf0	; 240
   01F7 DA                  558 	.db #0xda	; 218
   01F8 DA                  559 	.db #0xda	; 218
   01F9 F0                  560 	.db #0xf0	; 240
   01FA E5                  561 	.db #0xe5	; 229
   01FB CF                  562 	.db #0xcf	; 207
   01FC CF                  563 	.db #0xcf	; 207
   01FD CF                  564 	.db #0xcf	; 207
   01FE F0                  565 	.db #0xf0	; 240
   01FF F0                  566 	.db #0xf0	; 240
   0200 F0                  567 	.db #0xf0	; 240
   0201 F0                  568 	.db #0xf0	; 240
   0202 F0                  569 	.db #0xf0	; 240
   0203 F0                  570 	.db #0xf0	; 240
   0204 F0                  571 	.db #0xf0	; 240
   0205 F0                  572 	.db #0xf0	; 240
   0206 F0                  573 	.db #0xf0	; 240
   0207 F0                  574 	.db #0xf0	; 240
   0208 F0                  575 	.db #0xf0	; 240
   0209 F0                  576 	.db #0xf0	; 240
   020A CF                  577 	.db #0xcf	; 207
   020B CF                  578 	.db #0xcf	; 207
   020C CF                  579 	.db #0xcf	; 207
   020D DA                  580 	.db #0xda	; 218
   020E F0                  581 	.db #0xf0	; 240
   020F E5                  582 	.db #0xe5	; 229
   0210 E5                  583 	.db #0xe5	; 229
   0211 F0                  584 	.db #0xf0	; 240
   0212 DA                  585 	.db #0xda	; 218
   0213 E5                  586 	.db #0xe5	; 229
   0214 F0                  587 	.db #0xf0	; 240
   0215 CF                  588 	.db #0xcf	; 207
   0216 DA                  589 	.db #0xda	; 218
   0217 DA                  590 	.db #0xda	; 218
   0218 E5                  591 	.db #0xe5	; 229
   0219 DA                  592 	.db #0xda	; 218
   021A E5                  593 	.db #0xe5	; 229
   021B CF                  594 	.db #0xcf	; 207
   021C DA                  595 	.db #0xda	; 218
   021D E5                  596 	.db #0xe5	; 229
   021E CF                  597 	.db #0xcf	; 207
   021F F0                  598 	.db #0xf0	; 240
   0220 E5                  599 	.db #0xe5	; 229
   0221 DA                  600 	.db #0xda	; 218
   0222 E5                  601 	.db #0xe5	; 229
   0223 E5                  602 	.db #0xe5	; 229
   0224 CF                  603 	.db #0xcf	; 207
   0225 F0                  604 	.db #0xf0	; 240
   0226 DA                  605 	.db #0xda	; 218
   0227 E5                  606 	.db #0xe5	; 229
   0228 F0                  607 	.db #0xf0	; 240
   0229 DA                  608 	.db #0xda	; 218
   022A DA                  609 	.db #0xda	; 218
   022B F0                  610 	.db #0xf0	; 240
   022C E5                  611 	.db #0xe5	; 229
   022D CF                  612 	.db #0xcf	; 207
   022E CF                  613 	.db #0xcf	; 207
   022F CF                  614 	.db #0xcf	; 207
   0230 F0                  615 	.db #0xf0	; 240
   0231 F0                  616 	.db #0xf0	; 240
   0232 F0                  617 	.db #0xf0	; 240
   0233 F0                  618 	.db #0xf0	; 240
   0234 F0                  619 	.db #0xf0	; 240
   0235 F0                  620 	.db #0xf0	; 240
   0236 F0                  621 	.db #0xf0	; 240
   0237 F0                  622 	.db #0xf0	; 240
   0238 F0                  623 	.db #0xf0	; 240
   0239 F0                  624 	.db #0xf0	; 240
   023A F0                  625 	.db #0xf0	; 240
   023B F0                  626 	.db #0xf0	; 240
   023C CF                  627 	.db #0xcf	; 207
   023D CF                  628 	.db #0xcf	; 207
   023E CF                  629 	.db #0xcf	; 207
   023F DA                  630 	.db #0xda	; 218
   0240 F0                  631 	.db #0xf0	; 240
   0241 E5                  632 	.db #0xe5	; 229
   0242 E5                  633 	.db #0xe5	; 229
   0243 F0                  634 	.db #0xf0	; 240
   0244 DA                  635 	.db #0xda	; 218
   0245 E5                  636 	.db #0xe5	; 229
   0246 F0                  637 	.db #0xf0	; 240
   0247 CF                  638 	.db #0xcf	; 207
   0248 DA                  639 	.db #0xda	; 218
   0249 DA                  640 	.db #0xda	; 218
   024A E5                  641 	.db #0xe5	; 229
   024B DA                  642 	.db #0xda	; 218
   024C E5                  643 	.db #0xe5	; 229
   024D CF                  644 	.db #0xcf	; 207
   024E DA                  645 	.db #0xda	; 218
   024F E5                  646 	.db #0xe5	; 229
   0250 CF                  647 	.db #0xcf	; 207
   0251 F0                  648 	.db #0xf0	; 240
   0252 E5                  649 	.db #0xe5	; 229
   0253 DA                  650 	.db #0xda	; 218
   0254 E5                  651 	.db #0xe5	; 229
   0255 E5                  652 	.db #0xe5	; 229
   0256 CF                  653 	.db #0xcf	; 207
   0257 F0                  654 	.db #0xf0	; 240
   0258 DA                  655 	.db #0xda	; 218
   0259 E5                  656 	.db #0xe5	; 229
   025A F0                  657 	.db #0xf0	; 240
   025B DA                  658 	.db #0xda	; 218
   025C DA                  659 	.db #0xda	; 218
   025D F0                  660 	.db #0xf0	; 240
   025E E5                  661 	.db #0xe5	; 229
   025F CF                  662 	.db #0xcf	; 207
   0260 CF                  663 	.db #0xcf	; 207
   0261 CF                  664 	.db #0xcf	; 207
   0262 F0                  665 	.db #0xf0	; 240
   0263 F0                  666 	.db #0xf0	; 240
   0264 F0                  667 	.db #0xf0	; 240
   0265 F0                  668 	.db #0xf0	; 240
   0266 F0                  669 	.db #0xf0	; 240
   0267 F0                  670 	.db #0xf0	; 240
   0268                     671 _walls_sp_4:
   0268 F0                  672 	.db #0xf0	; 240
   0269 F0                  673 	.db #0xf0	; 240
   026A F0                  674 	.db #0xf0	; 240
   026B F0                  675 	.db #0xf0	; 240
   026C F0                  676 	.db #0xf0	; 240
   026D F0                  677 	.db #0xf0	; 240
   026E CF                  678 	.db #0xcf	; 207
   026F CF                  679 	.db #0xcf	; 207
   0270 CF                  680 	.db #0xcf	; 207
   0271 DA                  681 	.db #0xda	; 218
   0272 F0                  682 	.db #0xf0	; 240
   0273 E5                  683 	.db #0xe5	; 229
   0274 E5                  684 	.db #0xe5	; 229
   0275 F0                  685 	.db #0xf0	; 240
   0276 DA                  686 	.db #0xda	; 218
   0277 E5                  687 	.db #0xe5	; 229
   0278 F0                  688 	.db #0xf0	; 240
   0279 CF                  689 	.db #0xcf	; 207
   027A DA                  690 	.db #0xda	; 218
   027B DA                  691 	.db #0xda	; 218
   027C E5                  692 	.db #0xe5	; 229
   027D DA                  693 	.db #0xda	; 218
   027E E5                  694 	.db #0xe5	; 229
   027F CF                  695 	.db #0xcf	; 207
   0280 DA                  696 	.db #0xda	; 218
   0281 E5                  697 	.db #0xe5	; 229
   0282 CF                  698 	.db #0xcf	; 207
   0283 F0                  699 	.db #0xf0	; 240
   0284 E5                  700 	.db #0xe5	; 229
   0285 DA                  701 	.db #0xda	; 218
   0286 E5                  702 	.db #0xe5	; 229
   0287 E5                  703 	.db #0xe5	; 229
   0288 CF                  704 	.db #0xcf	; 207
   0289 F0                  705 	.db #0xf0	; 240
   028A DA                  706 	.db #0xda	; 218
   028B E5                  707 	.db #0xe5	; 229
   028C F0                  708 	.db #0xf0	; 240
   028D DA                  709 	.db #0xda	; 218
   028E DA                  710 	.db #0xda	; 218
   028F F0                  711 	.db #0xf0	; 240
   0290 E5                  712 	.db #0xe5	; 229
   0291 CF                  713 	.db #0xcf	; 207
   0292 CF                  714 	.db #0xcf	; 207
   0293 CF                  715 	.db #0xcf	; 207
   0294 F0                  716 	.db #0xf0	; 240
   0295 F0                  717 	.db #0xf0	; 240
   0296 F0                  718 	.db #0xf0	; 240
   0297 F0                  719 	.db #0xf0	; 240
   0298 F0                  720 	.db #0xf0	; 240
   0299 F0                  721 	.db #0xf0	; 240
   029A F0                  722 	.db #0xf0	; 240
   029B F0                  723 	.db #0xf0	; 240
   029C F0                  724 	.db #0xf0	; 240
   029D F0                  725 	.db #0xf0	; 240
   029E F0                  726 	.db #0xf0	; 240
   029F F0                  727 	.db #0xf0	; 240
   02A0 CF                  728 	.db #0xcf	; 207
   02A1 CF                  729 	.db #0xcf	; 207
   02A2 CF                  730 	.db #0xcf	; 207
   02A3 DA                  731 	.db #0xda	; 218
   02A4 F0                  732 	.db #0xf0	; 240
   02A5 E5                  733 	.db #0xe5	; 229
   02A6 E5                  734 	.db #0xe5	; 229
   02A7 F0                  735 	.db #0xf0	; 240
   02A8 DA                  736 	.db #0xda	; 218
   02A9 E5                  737 	.db #0xe5	; 229
   02AA F0                  738 	.db #0xf0	; 240
   02AB CF                  739 	.db #0xcf	; 207
   02AC DA                  740 	.db #0xda	; 218
   02AD DA                  741 	.db #0xda	; 218
   02AE E5                  742 	.db #0xe5	; 229
   02AF DA                  743 	.db #0xda	; 218
   02B0 E5                  744 	.db #0xe5	; 229
   02B1 CF                  745 	.db #0xcf	; 207
   02B2 DA                  746 	.db #0xda	; 218
   02B3 E5                  747 	.db #0xe5	; 229
   02B4 CF                  748 	.db #0xcf	; 207
   02B5 F0                  749 	.db #0xf0	; 240
   02B6 E5                  750 	.db #0xe5	; 229
   02B7 DA                  751 	.db #0xda	; 218
   02B8 E5                  752 	.db #0xe5	; 229
   02B9 E5                  753 	.db #0xe5	; 229
   02BA CF                  754 	.db #0xcf	; 207
   02BB F0                  755 	.db #0xf0	; 240
   02BC DA                  756 	.db #0xda	; 218
   02BD E5                  757 	.db #0xe5	; 229
   02BE F0                  758 	.db #0xf0	; 240
   02BF DA                  759 	.db #0xda	; 218
   02C0 DA                  760 	.db #0xda	; 218
   02C1 F0                  761 	.db #0xf0	; 240
   02C2 E5                  762 	.db #0xe5	; 229
   02C3 CF                  763 	.db #0xcf	; 207
   02C4 CF                  764 	.db #0xcf	; 207
   02C5 CF                  765 	.db #0xcf	; 207
   02C6 F0                  766 	.db #0xf0	; 240
   02C7 F0                  767 	.db #0xf0	; 240
   02C8 F0                  768 	.db #0xf0	; 240
   02C9 F0                  769 	.db #0xf0	; 240
   02CA F0                  770 	.db #0xf0	; 240
   02CB F0                  771 	.db #0xf0	; 240
   02CC F0                  772 	.db #0xf0	; 240
   02CD F0                  773 	.db #0xf0	; 240
   02CE F0                  774 	.db #0xf0	; 240
   02CF F0                  775 	.db #0xf0	; 240
   02D0 F0                  776 	.db #0xf0	; 240
   02D1 F0                  777 	.db #0xf0	; 240
   02D2 CF                  778 	.db #0xcf	; 207
   02D3 CF                  779 	.db #0xcf	; 207
   02D4 CF                  780 	.db #0xcf	; 207
   02D5 DA                  781 	.db #0xda	; 218
   02D6 F0                  782 	.db #0xf0	; 240
   02D7 E5                  783 	.db #0xe5	; 229
   02D8 E5                  784 	.db #0xe5	; 229
   02D9 F0                  785 	.db #0xf0	; 240
   02DA DA                  786 	.db #0xda	; 218
   02DB E5                  787 	.db #0xe5	; 229
   02DC F0                  788 	.db #0xf0	; 240
   02DD CF                  789 	.db #0xcf	; 207
   02DE DA                  790 	.db #0xda	; 218
   02DF DA                  791 	.db #0xda	; 218
   02E0 E5                  792 	.db #0xe5	; 229
   02E1 DA                  793 	.db #0xda	; 218
   02E2 E5                  794 	.db #0xe5	; 229
   02E3 CF                  795 	.db #0xcf	; 207
   02E4 DA                  796 	.db #0xda	; 218
   02E5 E5                  797 	.db #0xe5	; 229
   02E6 CF                  798 	.db #0xcf	; 207
   02E7 F0                  799 	.db #0xf0	; 240
   02E8 E5                  800 	.db #0xe5	; 229
   02E9 DA                  801 	.db #0xda	; 218
   02EA E5                  802 	.db #0xe5	; 229
   02EB E5                  803 	.db #0xe5	; 229
   02EC CF                  804 	.db #0xcf	; 207
   02ED F0                  805 	.db #0xf0	; 240
   02EE DA                  806 	.db #0xda	; 218
   02EF E5                  807 	.db #0xe5	; 229
   02F0 F0                  808 	.db #0xf0	; 240
   02F1 DA                  809 	.db #0xda	; 218
   02F2 DA                  810 	.db #0xda	; 218
   02F3 F0                  811 	.db #0xf0	; 240
   02F4 E5                  812 	.db #0xe5	; 229
   02F5 CF                  813 	.db #0xcf	; 207
   02F6 CF                  814 	.db #0xcf	; 207
   02F7 CF                  815 	.db #0xcf	; 207
   02F8 F0                  816 	.db #0xf0	; 240
   02F9 F0                  817 	.db #0xf0	; 240
   02FA F0                  818 	.db #0xf0	; 240
   02FB F0                  819 	.db #0xf0	; 240
   02FC F0                  820 	.db #0xf0	; 240
   02FD F0                  821 	.db #0xf0	; 240
   02FE                     822 _walls_sp_5:
   02FE F0                  823 	.db #0xf0	; 240
   02FF F0                  824 	.db #0xf0	; 240
   0300 F0                  825 	.db #0xf0	; 240
   0301 F0                  826 	.db #0xf0	; 240
   0302 F0                  827 	.db #0xf0	; 240
   0303 F0                  828 	.db #0xf0	; 240
   0304 CF                  829 	.db #0xcf	; 207
   0305 CF                  830 	.db #0xcf	; 207
   0306 CF                  831 	.db #0xcf	; 207
   0307 DA                  832 	.db #0xda	; 218
   0308 F0                  833 	.db #0xf0	; 240
   0309 E5                  834 	.db #0xe5	; 229
   030A E5                  835 	.db #0xe5	; 229
   030B F0                  836 	.db #0xf0	; 240
   030C DA                  837 	.db #0xda	; 218
   030D E5                  838 	.db #0xe5	; 229
   030E F0                  839 	.db #0xf0	; 240
   030F CF                  840 	.db #0xcf	; 207
   0310 DA                  841 	.db #0xda	; 218
   0311 DA                  842 	.db #0xda	; 218
   0312 E5                  843 	.db #0xe5	; 229
   0313 DA                  844 	.db #0xda	; 218
   0314 E5                  845 	.db #0xe5	; 229
   0315 CF                  846 	.db #0xcf	; 207
   0316 DA                  847 	.db #0xda	; 218
   0317 E5                  848 	.db #0xe5	; 229
   0318 CF                  849 	.db #0xcf	; 207
   0319 F0                  850 	.db #0xf0	; 240
   031A E5                  851 	.db #0xe5	; 229
   031B DA                  852 	.db #0xda	; 218
   031C E5                  853 	.db #0xe5	; 229
   031D E5                  854 	.db #0xe5	; 229
   031E CF                  855 	.db #0xcf	; 207
   031F F0                  856 	.db #0xf0	; 240
   0320 DA                  857 	.db #0xda	; 218
   0321 E5                  858 	.db #0xe5	; 229
   0322 F0                  859 	.db #0xf0	; 240
   0323 DA                  860 	.db #0xda	; 218
   0324 DA                  861 	.db #0xda	; 218
   0325 F0                  862 	.db #0xf0	; 240
   0326 E5                  863 	.db #0xe5	; 229
   0327 CF                  864 	.db #0xcf	; 207
   0328 CF                  865 	.db #0xcf	; 207
   0329 CF                  866 	.db #0xcf	; 207
   032A F0                  867 	.db #0xf0	; 240
   032B F0                  868 	.db #0xf0	; 240
   032C F0                  869 	.db #0xf0	; 240
   032D F0                  870 	.db #0xf0	; 240
   032E F0                  871 	.db #0xf0	; 240
   032F F0                  872 	.db #0xf0	; 240
   0330 F0                  873 	.db #0xf0	; 240
   0331 F0                  874 	.db #0xf0	; 240
   0332 F0                  875 	.db #0xf0	; 240
   0333 F0                  876 	.db #0xf0	; 240
   0334 F0                  877 	.db #0xf0	; 240
   0335 F0                  878 	.db #0xf0	; 240
   0336 CF                  879 	.db #0xcf	; 207
   0337 CF                  880 	.db #0xcf	; 207
   0338 CF                  881 	.db #0xcf	; 207
   0339 DA                  882 	.db #0xda	; 218
   033A F0                  883 	.db #0xf0	; 240
   033B E5                  884 	.db #0xe5	; 229
   033C E5                  885 	.db #0xe5	; 229
   033D F0                  886 	.db #0xf0	; 240
   033E DA                  887 	.db #0xda	; 218
   033F E5                  888 	.db #0xe5	; 229
   0340 F0                  889 	.db #0xf0	; 240
   0341 CF                  890 	.db #0xcf	; 207
   0342 DA                  891 	.db #0xda	; 218
   0343 DA                  892 	.db #0xda	; 218
   0344 E5                  893 	.db #0xe5	; 229
   0345 DA                  894 	.db #0xda	; 218
   0346 E5                  895 	.db #0xe5	; 229
   0347 CF                  896 	.db #0xcf	; 207
   0348 DA                  897 	.db #0xda	; 218
   0349 E5                  898 	.db #0xe5	; 229
   034A CF                  899 	.db #0xcf	; 207
   034B F0                  900 	.db #0xf0	; 240
   034C E5                  901 	.db #0xe5	; 229
   034D DA                  902 	.db #0xda	; 218
   034E E5                  903 	.db #0xe5	; 229
   034F E5                  904 	.db #0xe5	; 229
   0350 CF                  905 	.db #0xcf	; 207
   0351 F0                  906 	.db #0xf0	; 240
   0352 DA                  907 	.db #0xda	; 218
   0353 E5                  908 	.db #0xe5	; 229
   0354 F0                  909 	.db #0xf0	; 240
   0355 DA                  910 	.db #0xda	; 218
   0356 DA                  911 	.db #0xda	; 218
   0357 F0                  912 	.db #0xf0	; 240
   0358 E5                  913 	.db #0xe5	; 229
   0359 CF                  914 	.db #0xcf	; 207
   035A CF                  915 	.db #0xcf	; 207
   035B CF                  916 	.db #0xcf	; 207
   035C F0                  917 	.db #0xf0	; 240
   035D F0                  918 	.db #0xf0	; 240
   035E F0                  919 	.db #0xf0	; 240
   035F F0                  920 	.db #0xf0	; 240
   0360 F0                  921 	.db #0xf0	; 240
   0361 F0                  922 	.db #0xf0	; 240
   0362 F0                  923 	.db #0xf0	; 240
   0363 F0                  924 	.db #0xf0	; 240
   0364 F0                  925 	.db #0xf0	; 240
   0365 F0                  926 	.db #0xf0	; 240
   0366 F0                  927 	.db #0xf0	; 240
   0367 F0                  928 	.db #0xf0	; 240
   0368 CF                  929 	.db #0xcf	; 207
   0369 CF                  930 	.db #0xcf	; 207
   036A CF                  931 	.db #0xcf	; 207
   036B DA                  932 	.db #0xda	; 218
   036C F0                  933 	.db #0xf0	; 240
   036D E5                  934 	.db #0xe5	; 229
   036E E5                  935 	.db #0xe5	; 229
   036F F0                  936 	.db #0xf0	; 240
   0370 DA                  937 	.db #0xda	; 218
   0371 E5                  938 	.db #0xe5	; 229
   0372 F0                  939 	.db #0xf0	; 240
   0373 CF                  940 	.db #0xcf	; 207
   0374 DA                  941 	.db #0xda	; 218
   0375 DA                  942 	.db #0xda	; 218
   0376 E5                  943 	.db #0xe5	; 229
   0377 DA                  944 	.db #0xda	; 218
   0378 E5                  945 	.db #0xe5	; 229
   0379 CF                  946 	.db #0xcf	; 207
   037A DA                  947 	.db #0xda	; 218
   037B E5                  948 	.db #0xe5	; 229
   037C CF                  949 	.db #0xcf	; 207
   037D F0                  950 	.db #0xf0	; 240
   037E E5                  951 	.db #0xe5	; 229
   037F DA                  952 	.db #0xda	; 218
   0380 E5                  953 	.db #0xe5	; 229
   0381 E5                  954 	.db #0xe5	; 229
   0382 CF                  955 	.db #0xcf	; 207
   0383 F0                  956 	.db #0xf0	; 240
   0384 DA                  957 	.db #0xda	; 218
   0385 E5                  958 	.db #0xe5	; 229
   0386 F0                  959 	.db #0xf0	; 240
   0387 DA                  960 	.db #0xda	; 218
   0388 DA                  961 	.db #0xda	; 218
   0389 F0                  962 	.db #0xf0	; 240
   038A E5                  963 	.db #0xe5	; 229
   038B CF                  964 	.db #0xcf	; 207
   038C CF                  965 	.db #0xcf	; 207
   038D CF                  966 	.db #0xcf	; 207
   038E F0                  967 	.db #0xf0	; 240
   038F F0                  968 	.db #0xf0	; 240
   0390 F0                  969 	.db #0xf0	; 240
   0391 F0                  970 	.db #0xf0	; 240
   0392 F0                  971 	.db #0xf0	; 240
   0393 F0                  972 	.db #0xf0	; 240
                            973 	.area _INITIALIZER
                            974 	.area _CABS (ABS)
