ASxxxx Assembler V02.00 + NoICE + SDCC mods  (Zilog Z80 / Hitachi HD64180), page 1.
Hexadecimal [16-Bits]



                              1 ;; This file is part of SETBACK.
                              2 ;; Copyright (C) 2020 TCore (@TCore14)
                              3 ;;
                              4 ;; This program is free software: you can redistribute it and/or modify
                              5 ;; it under the terms of the GNU General Public License as published by
                              6 ;; the Free Software Foundation, either version 3 of the License, or
                              7 ;; (at your option) any later version.
                              8 ;;
                              9 ;; This program is distributed in the hope that it will be useful,
                             10 ;; but WITHOUT ANY WARRANTY; without even the implied warranty of
                             11 ;; MERCHANTABILITY or FITNESS FOR A PARTICULAR PURPOSE.  See the
                             12 ;; GNU General Public License for more details.
                             13 ;;
                             14 ;; You should have received a copy of the GNU General Public License
                             15 ;; along with this program.  If not, see https://www.gnu.org/licenses/.
                             16 
                             17 ;;
                             18 ;; ANIMATION SYSTEM
                             19 ;;
                             20 
ASxxxx Assembler V02.00 + NoICE + SDCC mods  (Zilog Z80 / Hitachi HD64180), page 2.
Hexadecimal [16-Bits]



                             21 .include "man/entity.h.s"
                              1 ;; This file is part of SETBACK.
                              2 ;; Copyright (C) 2020 TCore (@TCore14)
                              3 ;;
                              4 ;; This program is free software: you can redistribute it and/or modify
                              5 ;; it under the terms of the GNU General Public License as published by
                              6 ;; the Free Software Foundation, either version 3 of the License, or
                              7 ;; (at your option) any later version.
                              8 ;;
                              9 ;; This program is distributed in the hope that it will be useful,
                             10 ;; but WITHOUT ANY WARRANTY; without even the implied warranty of
                             11 ;; MERCHANTABILITY or FITNESS FOR A PARTICULAR PURPOSE.  See the
                             12 ;; GNU General Public License for more details.
                             13 ;;
                             14 ;; You should have received a copy of the GNU General Public License
                             15 ;; along with this program.  If not, see https://www.gnu.org/licenses/.
                             16 
                             17 ;;
                             18 ;; ENTITY MANAGER
                             19 ;;
                             20 
                             21 
                             22 ;;;;;;;;;;;;;;;;;;;;;;;;;;;;;;;;;;;;;;;;;;;;;;
                             23 ;;;;;;;;;;; FUNCIONES PUBLICAS ;;;;;;;;;;;;;;;
                             24 ;;;;;;;;;;;;;;;;;;;;;;;;;;;;;;;;;;;;;;;;;;;;;;
                             25 
                             26 .globl man_entity_init
                             27 .globl man_entity_create
                             28 .globl man_entity_getPlayer_IX
                             29 .globl man_entity_get_from_idx_IY
                             30 .globl man_entity_update_forall
                             31 .globl man_entity_update_forall_matching
                             32 .globl man_entity_calculate_screen_position
                             33 .globl man_entity_set4destruction
                             34 .globl man_entity_destroy_one
                             35 .globl man_entity_empty_array
                             36 
                             37 
                             38 
                             39 
                             40 
                             41 
                             42 
                             43 ;;;;;;;;;;;;;;;;;;;;;;;;;;;;;;;;;;;;;;;;;;;;;;
                             44 ;;;;;;;;;;; DEFINICIONES MACROS ;;;;;;;;;;;;;;
                             45 ;;;;;;;;;;;;;;;;;;;;;;;;;;;;;;;;;;;;;;;;;;;;;;
                             46 
                             47 ;; Entity definicion anonima de macro
                             48 .macro DefineEntityAnnonimous _type, _x, _y, _vx, _vy, _w, _h, _sprite, _jump, _lastPtr, _state, _walking, _distance
                             49    .db _type
                             50    .db _x
                             51    .db _y
                             52    .db _vx
                             53    .db _vy
                             54    .db _w
ASxxxx Assembler V02.00 + NoICE + SDCC mods  (Zilog Z80 / Hitachi HD64180), page 3.
Hexadecimal [16-Bits]



                             55    .db _h
                             56    .dw _sprite
                             57    .db _jump
                             58    .dw _lastPtr
                             59    .db _state        ; Lo usamos para saber cuando una plataforma deja de renderizarse (Arreglamos el trozo que no se pintaba de la plataforma)
                             60                      ; y para guardar la ultima direccion pulsada por el player para moverse (Cambiar la animacion)
                             61    .db _walking      ; y para guardar el estado de la IA de los enemigos
                             62    .db _distance     ; Maxima distancia recorrida por los enemigos
                             63                      ; y booleano para comprobar si es una plataforma o una estrella
                             64 .endm
                             65 
                             66 
                             67 ;; Definimos una entidad identificada por su etiqueta nombre
                             68 .macro DefineEntity _name, _type, _x, _y, _vx, _vy, _w, _h, _sprite, _jump, _lastPtr, _state, _walking, _distance
                             69 _name::
                             70    DefineEntityAnnonimous _type, _x, _y, _vx, _vy, _w, _h, _sprite, _jump, _lastPtr, _state, _walking, _distance
                             71 .endm
                             72 
                             73 
                             74 ;; Definimos un array de entidades anonimas
                             75 .macro DefineEntityArray _name, _N
                             76 _name::
                             77    .rept _N
                             78       DefineEntityAnnonimous 0x00, 0xDE, 0xAD, 0xDE, 0xAD, 0xDE, 0xAD, 0xDE00, 0xAD, 0xC000, 0x00, 0x00, 0x00
                             79    .endm
                             80 .endm
                             81 
                             82 
                             83 
                             84 
                             85 
                             86 
                             87 
                             88 ;;;;;;;;;;;;;;;;;;;;;;;;;;;;;;;;;;;;;;;;;;;;;;
                             89 ;;;;;;;;;;; TIPOS DE ENTIDADES ;;;;;;;;;;;;;;;
                             90 ;;;;;;;;;;;;;;;;;;;;;;;;;;;;;;;;;;;;;;;;;;;;;;
                             91 
                             92 ;; Numero de bits para la mascara
                     0007    93 e_type_alive_bit    = 7
                     0006    94 e_type_physics_bit  = 6
                     0005    95 e_type_render_bit   = 5
                     0004    96 e_type_collider_bit = 4
                     0003    97 e_type_input_bit    = 3
                     0002    98 e_type_dead_bit     = 2
                     0001    99 e_type_portal_bit   = 1
                            100 
                            101 ;; Tipos de entidades (mascaras)
                     0000   102 e_type_invalid      = 0x00
                     0080   103 e_type_alive_mask   = (1 << e_type_alive_bit)
                     0040   104 e_type_physics_mask = (1 << e_type_physics_bit)
                     0020   105 e_type_render_mask  = (1 << e_type_render_bit)
                     0010   106 e_type_collide_mask = (1 << e_type_collider_bit)
                     0008   107 e_type_input_mask   = (1 << e_type_input_bit)
                     0004   108 e_type_dead_mask    = (1 << e_type_dead_bit)
                     0002   109 e_type_portal_mask  = (1 << e_type_portal_bit)
ASxxxx Assembler V02.00 + NoICE + SDCC mods  (Zilog Z80 / Hitachi HD64180), page 4.
Hexadecimal [16-Bits]



                            110 
                            111 
                            112 ;; Entidades especificas
                     0070   113 e_type_character = e_type_physics_mask | e_type_collide_mask | e_type_render_mask
                     0078   114 e_type_player    = e_type_character | e_type_input_mask
                     0010   115 e_type_trap      = e_type_collide_mask
                     0018   116 e_type_platform  = e_type_trap | e_type_input_mask
                     00B0   117 e_type_enemy     = e_type_trap | e_type_alive_mask | e_type_render_mask
                     0012   118 e_type_portal    = e_type_trap | e_type_portal_mask
                     0019   119 e_type_star      = e_type_platform | 1
                            120 
                            121 
                            122 
                            123 
                            124 
                            125 
                            126 ;;;;;;;;;;;;;;;;;;;;;;;;;;;;;;;;;;;;;;;;;;;;;;
                            127 ;;;;;;;;;;;;;;; CONSTANTES ;;;;;;;;;;;;;;;;;;;
                            128 ;;;;;;;;;;;;;;;;;;;;;;;;;;;;;;;;;;;;;;;;;;;;;;
                            129 
                            130 ;; Constantes para posicionar cada componente de la entidad usando los registros IX e IY
                     0000   131 e_type     = 0
                     0001   132 e_x        = 1
                     0002   133 e_y        = 2
                     0003   134 e_vx       = 3
                     0004   135 e_vy       = 4
                     0005   136 e_w        = 5
                     0006   137 e_h        = 6
                     0007   138 e_sp_l     = 7
                     0008   139 e_sp_h     = 8
                     0009   140 e_jump     = 9
                     000A   141 e_lastPtr  = 10
                     000C   142 e_state    = 12
                     000D   143 e_walking  = 13
                     000E   144 e_distance = 14
                     000F   145 sizeof_e   = 15
ASxxxx Assembler V02.00 + NoICE + SDCC mods  (Zilog Z80 / Hitachi HD64180), page 5.
Hexadecimal [16-Bits]



                             22 .include "assets/assets.h.s"
                              1 ;; This file is part of SETBACK.
                              2 ;; Copyright (C) 2020 TCore (@TCore14)
                              3 ;;
                              4 ;; This program is free software: you can redistribute it and/or modify
                              5 ;; it under the terms of the GNU General Public License as published by
                              6 ;; the Free Software Foundation, either version 3 of the License, or
                              7 ;; (at your option) any later version.
                              8 ;;
                              9 ;; This program is distributed in the hope that it will be useful,
                             10 ;; but WITHOUT ANY WARRANTY; without even the implied warranty of
                             11 ;; MERCHANTABILITY or FITNESS FOR A PARTICULAR PURPOSE.  See the
                             12 ;; GNU General Public License for more details.
                             13 ;;
                             14 ;; You should have received a copy of the GNU General Public License
                             15 ;; along with this program.  If not, see https://www.gnu.org/licenses/.
                             16 
                             17 .globl _floor_ceiling_sp_0
                             18 .globl _walls_sp_0
                             19 .globl _protagonista_sp_0                 ;; Derecha
                             20 .globl _protagonista_sp_1                 ;; Izquierda
                             21 .globl _protagonista_sp_2                 ;; Muerte
                             22 .globl _protagonista_sp_3                 ;; Salto
                             23 .globl _delimitador_sp_0 ;;Suelo de la pantalla
                             24 .globl _tiles_sp_00 ;;Sprite de bloque normal
                             25 .globl _tiles_sp_01 ;;Sprite de trampa
                             26 .globl _tiles_sp_02 ;;Sprite de reloj/portal
                             27 .globl _tiles_sp_03 ;;Sprite de bloque delimitador
                             28 .globl _tiles_sp_04 ;;Sprite de alien naranja izquierda
                             29 .globl _tiles_sp_05 ;;Sprite de alien naranja derecha
                             30 .globl _tiles_sp_06 ;;Sprite de alien azul izquierda
                             31 .globl _tiles_sp_07 ;;Sprite de alien azul derecha
                             32 .globl _tiles_sp_08 ;;Sprite de alien rojo izquierda
                             33 .globl _tiles_sp_09 ;;Sprite de alien rojo derecha
                             34 .globl _linea_pin_sp
                             35 .globl _tierra_sp_0
                             36 .globl _song_menu
                             37 .globl _song_ingame
                             38 .globl _screenmenu_z_end
                             39 .globl _screenhistory_z_end
                             40 .globl _screencredits_z_end
                             41 .globl _screencontrols_z_end
                             42 .globl _screenwin_z_end
                             43 
                             44 
                             45 ;;
                             46 ;; PALETAS
                             47 ;;
                             48 
                             49 .globl _protagonista_pal
ASxxxx Assembler V02.00 + NoICE + SDCC mods  (Zilog Z80 / Hitachi HD64180), page 6.
Hexadecimal [16-Bits]



                             23 
                             24 
                             25 
                             26 
                             27 
                             28 
                             29 ;sys_animation_init::
                             30 ;    ret
                             31 
                             32 
                             33 
                             34 
                             35 
                             36 
                             37 ;; Funcion para actualizar la animacion del player
                             38 ;; INPUTS
                             39 ;;      IX: Puntero a la entidad del player
                             40 ;; DESTROYS
                             41 ;;      A
                             42 ;; RETURN
                             43 ;;      0
   0000                      44 sys_animation_update::
                             45 
                             46     ;; Comprobamos si el jugador ha muerto y cambiamos su animacion
   0000 DD 7E 00      [19]   47     ld      a, e_type(ix)
   0003 EE 04         [ 7]   48     xor     #e_type_dead_mask
   0005 20 0B         [12]   49     jr     nz, _check_animation
   0007 21 00 00      [10]   50     ld      hl, #_protagonista_sp_3
   000A DD 75 07      [19]   51     ld      e_sp_l(ix), l                 ; Cambiamos a la animacion de muerte
   000D DD 74 08      [19]   52     ld      e_sp_h(ix), h
   0010 18 2B         [12]   53     jr      _finish_animation
                             54 
                             55 
                             56     ;; Cambiamos la animacion para el movimiento del player
   0012                      57 _check_animation:
   0012 DD 7E 09      [19]   58     ld      a, e_jump(ix)                                     ; Si no tiene la capacidad de saltar entonces esta en el aire
   0015 3D            [ 4]   59     dec     a
   0016 28 0B         [12]   60     jr      z, _check_side
   0018 21 00 00      [10]   61     ld      hl, #_protagonista_sp_2
   001B DD 75 07      [19]   62     ld      e_sp_l(ix), l                 ; Cambiamos a la animacion de salto
   001E DD 74 08      [19]   63     ld      e_sp_h(ix), h                  ; Sprite de salto
   0021 18 1A         [12]   64     jr      _finish_animation
   0023                      65 _check_side:
   0023 DD 7E 0C      [19]   66     ld      a, e_state(ix)                                    ; Comprobamos si gira a la derecha
   0026 3D            [ 4]   67     dec     a
   0027 20 0B         [12]   68     jr     nz, _check_right
   0029 21 00 00      [10]   69     ld      hl, #_protagonista_sp_0
   002C DD 75 07      [19]   70     ld      e_sp_l(ix), l                 ; Cambiamos a la animacion de izquierda
   002F DD 74 08      [19]   71     ld      e_sp_h(ix), h                   ; Sprite derecha
   0032 18 09         [12]   72     jr      _finish_animation
   0034                      73 _check_right:
   0034 21 00 00      [10]   74     ld      hl, #_protagonista_sp_1
   0037 DD 75 07      [19]   75     ld      e_sp_l(ix), l                 ; Cambiamos a la animacion de derecha
   003A DD 74 08      [19]   76     ld      e_sp_h(ix), h                   ; Sprite izquierda
                             77 
ASxxxx Assembler V02.00 + NoICE + SDCC mods  (Zilog Z80 / Hitachi HD64180), page 7.
Hexadecimal [16-Bits]



   003D                      78 _finish_animation:
   003D C9            [10]   79     ret
